[8.074s] Invoking command in '/root/ros2_ws/src/robot_shooter': PYTHONPATH=/root/ros2_ws/build/robot_shooter/prefix_override:/usr/lib/python3/dist-packages/colcon_core/task/python/colcon_distutils_commands:/root/ros2_ws/install/robot_shooter/lib/python3.10/site-packages:${PYTHONPATH} /usr/bin/python3 -W ignore:setup.py install is deprecated -W ignore:easy_install command is deprecated setup.py egg_info --egg-base ../../build/robot_shooter build --build-base /root/ros2_ws/build/robot_shooter/build install --record /root/ros2_ws/build/robot_shooter/install.log --single-version-externally-managed install_data
[11.750s] running egg_info
[11.813s] writing ../../build/robot_shooter/robot_shooter.egg-info/PKG-INFO
[11.865s] writing dependency_links to ../../build/robot_shooter/robot_shooter.egg-info/dependency_links.txt
[11.887s] writing entry points to ../../build/robot_shooter/robot_shooter.egg-info/entry_points.txt
[11.905s] writing requirements to ../../build/robot_shooter/robot_shooter.egg-info/requires.txt
[11.932s] writing top-level names to ../../build/robot_shooter/robot_shooter.egg-info/top_level.txt
[12.286s] reading manifest file '../../build/robot_shooter/robot_shooter.egg-info/SOURCES.txt'
[12.907s] writing manifest file '../../build/robot_shooter/robot_shooter.egg-info/SOURCES.txt'
[12.927s] running build
[12.929s] running build_py
[13.203s] copying robot_shooter/image_sub.py -> /root/ros2_ws/build/robot_shooter/build/lib/robot_shooter
[13.538s] running install
[13.542s] running install_lib
[13.788s] copying /root/ros2_ws/build/robot_shooter/build/lib/robot_shooter/image_sub.py -> /root/ros2_ws/install/robot_shooter/lib/python3.10/site-packages/robot_shooter
[14.403s] byte-compiling /root/ros2_ws/install/robot_shooter/lib/python3.10/site-packages/robot_shooter/image_sub.py to image_sub.cpython-310.pyc
[14.866s] running install_data
[16.008s] running install_egg_info
[16.073s] removing '/root/ros2_ws/install/robot_shooter/lib/python3.10/site-packages/robot_shooter-0.0.0-py3.10.egg-info' (and everything under it)
[16.315s] Copying ../../build/robot_shooter/robot_shooter.egg-info to /root/ros2_ws/install/robot_shooter/lib/python3.10/site-packages/robot_shooter-0.0.0-py3.10.egg-info
[17.151s] running install_scripts
[17.417s] Installing camera_capture script to /root/ros2_ws/install/robot_shooter/lib/robot_shooter
[17.480s] Installing first_node script to /root/ros2_ws/install/robot_shooter/lib/robot_shooter
[17.529s] Installing image_pub script to /root/ros2_ws/install/robot_shooter/lib/robot_shooter
[17.588s] Installing image_sub script to /root/ros2_ws/install/robot_shooter/lib/robot_shooter
[17.627s] Installing listener script to /root/ros2_ws/install/robot_shooter/lib/robot_shooter
[17.696s] Installing sender script to /root/ros2_ws/install/robot_shooter/lib/robot_shooter
[17.729s] Installing target_deleter script to /root/ros2_ws/install/robot_shooter/lib/robot_shooter
[17.756s] writing list of installed files to '/root/ros2_ws/build/robot_shooter/install.log'
[17.874s] Invoked command in '/root/ros2_ws/src/robot_shooter' returned '0': PYTHONPATH=/root/ros2_ws/build/robot_shooter/prefix_override:/usr/lib/python3/dist-packages/colcon_core/task/python/colcon_distutils_commands:/root/ros2_ws/install/robot_shooter/lib/python3.10/site-packages:${PYTHONPATH} /usr/bin/python3 -W ignore:setup.py install is deprecated -W ignore:easy_install command is deprecated setup.py egg_info --egg-base ../../build/robot_shooter build --build-base /root/ros2_ws/build/robot_shooter/build install --record /root/ros2_ws/build/robot_shooter/install.log --single-version-externally-managed install_data
