[3.090s] Invoking command in '/root/ros2_ws/src/robot_shooter': PYTHONPATH=/root/ros2_ws/build/robot_shooter/prefix_override:/usr/lib/python3/dist-packages/colcon_core/task/python/colcon_distutils_commands:/root/ros2_ws/install/robot_shooter/lib/python3.10/site-packages:${PYTHONPATH} /usr/bin/python3 -W ignore:setup.py install is deprecated -W ignore:easy_install command is deprecated setup.py egg_info --egg-base ../../build/robot_shooter build --build-base /root/ros2_ws/build/robot_shooter/build install --record /root/ros2_ws/build/robot_shooter/install.log --single-version-externally-managed install_data
[4.258s] running egg_info
[4.266s] writing ../../build/robot_shooter/robot_shooter.egg-info/PKG-INFO
[4.276s] writing dependency_links to ../../build/robot_shooter/robot_shooter.egg-info/dependency_links.txt
[4.284s] writing entry points to ../../build/robot_shooter/robot_shooter.egg-info/entry_points.txt
[4.291s] writing requirements to ../../build/robot_shooter/robot_shooter.egg-info/requires.txt
[4.296s] writing top-level names to ../../build/robot_shooter/robot_shooter.egg-info/top_level.txt
[4.406s] reading manifest file '../../build/robot_shooter/robot_shooter.egg-info/SOURCES.txt'
[4.570s] writing manifest file '../../build/robot_shooter/robot_shooter.egg-info/SOURCES.txt'
[4.575s] running build
[4.576s] running build_py
[4.713s] running install
[4.714s] running install_lib
[5.110s] running install_data
[5.320s] copying meshes/patok_wayang2_durna.dae -> /root/ros2_ws/install/robot_shooter/share/robot_shooter/meshes
[5.426s] running install_egg_info
[5.442s] removing '/root/ros2_ws/install/robot_shooter/lib/python3.10/site-packages/robot_shooter-0.0.0-py3.10.egg-info' (and everything under it)
[5.525s] Copying ../../build/robot_shooter/robot_shooter.egg-info to /root/ros2_ws/install/robot_shooter/lib/python3.10/site-packages/robot_shooter-0.0.0-py3.10.egg-info
[5.884s] running install_scripts
[5.993s] Installing first_node script to /root/ros2_ws/install/robot_shooter/lib/robot_shooter
[6.009s] Installing image_pub script to /root/ros2_ws/install/robot_shooter/lib/robot_shooter
[6.024s] Installing image_sub script to /root/ros2_ws/install/robot_shooter/lib/robot_shooter
[6.036s] Installing listener script to /root/ros2_ws/install/robot_shooter/lib/robot_shooter
[6.055s] Installing sender script to /root/ros2_ws/install/robot_shooter/lib/robot_shooter
[6.075s] writing list of installed files to '/root/ros2_ws/build/robot_shooter/install.log'
[6.115s] Invoked command in '/root/ros2_ws/src/robot_shooter' returned '0': PYTHONPATH=/root/ros2_ws/build/robot_shooter/prefix_override:/usr/lib/python3/dist-packages/colcon_core/task/python/colcon_distutils_commands:/root/ros2_ws/install/robot_shooter/lib/python3.10/site-packages:${PYTHONPATH} /usr/bin/python3 -W ignore:setup.py install is deprecated -W ignore:easy_install command is deprecated setup.py egg_info --egg-base ../../build/robot_shooter build --build-base /root/ros2_ws/build/robot_shooter/build install --record /root/ros2_ws/build/robot_shooter/install.log --single-version-externally-managed install_data
