[7.570s] Invoking command in '/root/ros2_ws/src/robot_shooter': PYTHONPATH=/root/ros2_ws/build/robot_shooter/prefix_override:/usr/lib/python3/dist-packages/colcon_core/task/python/colcon_distutils_commands:/root/ros2_ws/install/robot_shooter/lib/python3.10/site-packages:${PYTHONPATH} /usr/bin/python3 -W ignore:setup.py install is deprecated -W ignore:easy_install command is deprecated setup.py egg_info --egg-base ../../build/robot_shooter build --build-base /root/ros2_ws/build/robot_shooter/build install --record /root/ros2_ws/build/robot_shooter/install.log --single-version-externally-managed install_data
[10.861s] running egg_info
[10.883s] writing ../../build/robot_shooter/robot_shooter.egg-info/PKG-INFO
[10.913s] writing dependency_links to ../../build/robot_shooter/robot_shooter.egg-info/dependency_links.txt
[10.932s] writing entry points to ../../build/robot_shooter/robot_shooter.egg-info/entry_points.txt
[10.944s] writing requirements to ../../build/robot_shooter/robot_shooter.egg-info/requires.txt
[10.951s] writing top-level names to ../../build/robot_shooter/robot_shooter.egg-info/top_level.txt
[11.351s] reading manifest file '../../build/robot_shooter/robot_shooter.egg-info/SOURCES.txt'
[11.967s] writing manifest file '../../build/robot_shooter/robot_shooter.egg-info/SOURCES.txt'
[11.980s] running build
[11.982s] running build_py
[12.319s] running install
[12.324s] running install_lib
[13.161s] running install_data
[13.381s] copying launch/spawn_target.launch.py -> /root/ros2_ws/install/robot_shooter/share/robot_shooter/launch
[14.278s] running install_egg_info
[14.309s] removing '/root/ros2_ws/install/robot_shooter/lib/python3.10/site-packages/robot_shooter-0.0.0-py3.10.egg-info' (and everything under it)
[14.516s] Copying ../../build/robot_shooter/robot_shooter.egg-info to /root/ros2_ws/install/robot_shooter/lib/python3.10/site-packages/robot_shooter-0.0.0-py3.10.egg-info
[15.252s] running install_scripts
[15.582s] Installing camera_capture script to /root/ros2_ws/install/robot_shooter/lib/robot_shooter
[15.631s] Installing first_node script to /root/ros2_ws/install/robot_shooter/lib/robot_shooter
[15.684s] Installing image_pub script to /root/ros2_ws/install/robot_shooter/lib/robot_shooter
[15.718s] Installing image_sub script to /root/ros2_ws/install/robot_shooter/lib/robot_shooter
[15.744s] Installing listener script to /root/ros2_ws/install/robot_shooter/lib/robot_shooter
[15.779s] Installing sender script to /root/ros2_ws/install/robot_shooter/lib/robot_shooter
[15.814s] writing list of installed files to '/root/ros2_ws/build/robot_shooter/install.log'
[15.922s] Invoked command in '/root/ros2_ws/src/robot_shooter' returned '0': PYTHONPATH=/root/ros2_ws/build/robot_shooter/prefix_override:/usr/lib/python3/dist-packages/colcon_core/task/python/colcon_distutils_commands:/root/ros2_ws/install/robot_shooter/lib/python3.10/site-packages:${PYTHONPATH} /usr/bin/python3 -W ignore:setup.py install is deprecated -W ignore:easy_install command is deprecated setup.py egg_info --egg-base ../../build/robot_shooter build --build-base /root/ros2_ws/build/robot_shooter/build install --record /root/ros2_ws/build/robot_shooter/install.log --single-version-externally-managed install_data
