[3.062s] Invoking command in '/root/ros2_ws/src/robot_shooter': PYTHONPATH=/root/ros2_ws/build/robot_shooter/prefix_override:/usr/lib/python3/dist-packages/colcon_core/task/python/colcon_distutils_commands:/root/ros2_ws/install/robot_shooter/lib/python3.10/site-packages:${PYTHONPATH} /usr/bin/python3 -W ignore:setup.py install is deprecated -W ignore:easy_install command is deprecated setup.py egg_info --egg-base ../../build/robot_shooter build --build-base /root/ros2_ws/build/robot_shooter/build install --record /root/ros2_ws/build/robot_shooter/install.log --single-version-externally-managed install_data
[4.360s] running egg_info
[4.370s] writing ../../build/robot_shooter/robot_shooter.egg-info/PKG-INFO
[4.383s] writing dependency_links to ../../build/robot_shooter/robot_shooter.egg-info/dependency_links.txt
[4.394s] writing entry points to ../../build/robot_shooter/robot_shooter.egg-info/entry_points.txt
[4.401s] writing requirements to ../../build/robot_shooter/robot_shooter.egg-info/requires.txt
[4.407s] writing top-level names to ../../build/robot_shooter/robot_shooter.egg-info/top_level.txt
[4.534s] reading manifest file '../../build/robot_shooter/robot_shooter.egg-info/SOURCES.txt'
[4.711s] writing manifest file '../../build/robot_shooter/robot_shooter.egg-info/SOURCES.txt'
[4.715s] running build
[4.717s] running build_py
[4.762s] copying robot_shooter/image_sub.py -> /root/ros2_ws/build/robot_shooter/build/lib/robot_shooter
[4.900s] running install
[4.901s] running install_lib
[4.989s] copying /root/ros2_ws/build/robot_shooter/build/lib/robot_shooter/image_sub.py -> /root/ros2_ws/install/robot_shooter/lib/python3.10/site-packages/robot_shooter
[5.237s] byte-compiling /root/ros2_ws/install/robot_shooter/lib/python3.10/site-packages/robot_shooter/image_sub.py to image_sub.cpython-310.pyc
[5.404s] running install_data
[5.718s] running install_egg_info
[5.733s] removing '/root/ros2_ws/install/robot_shooter/lib/python3.10/site-packages/robot_shooter-0.0.0-py3.10.egg-info' (and everything under it)
[5.823s] Copying ../../build/robot_shooter/robot_shooter.egg-info to /root/ros2_ws/install/robot_shooter/lib/python3.10/site-packages/robot_shooter-0.0.0-py3.10.egg-info
[6.229s] running install_scripts
[6.351s] Installing first_node script to /root/ros2_ws/install/robot_shooter/lib/robot_shooter
[6.370s] Installing image_pub script to /root/ros2_ws/install/robot_shooter/lib/robot_shooter
[6.389s] Installing image_sub script to /root/ros2_ws/install/robot_shooter/lib/robot_shooter
[6.406s] Installing listener script to /root/ros2_ws/install/robot_shooter/lib/robot_shooter
[6.421s] Installing sender script to /root/ros2_ws/install/robot_shooter/lib/robot_shooter
[6.441s] writing list of installed files to '/root/ros2_ws/build/robot_shooter/install.log'
[6.485s] Invoked command in '/root/ros2_ws/src/robot_shooter' returned '0': PYTHONPATH=/root/ros2_ws/build/robot_shooter/prefix_override:/usr/lib/python3/dist-packages/colcon_core/task/python/colcon_distutils_commands:/root/ros2_ws/install/robot_shooter/lib/python3.10/site-packages:${PYTHONPATH} /usr/bin/python3 -W ignore:setup.py install is deprecated -W ignore:easy_install command is deprecated setup.py egg_info --egg-base ../../build/robot_shooter build --build-base /root/ros2_ws/build/robot_shooter/build install --record /root/ros2_ws/build/robot_shooter/install.log --single-version-externally-managed install_data
