[8.584s] Invoking command in '/root/ros2_ws/src/robot_shooter': PYTHONPATH=/root/ros2_ws/build/robot_shooter/prefix_override:/usr/lib/python3/dist-packages/colcon_core/task/python/colcon_distutils_commands:/root/ros2_ws/install/robot_shooter/lib/python3.10/site-packages:${PYTHONPATH} /usr/bin/python3 -W ignore:setup.py install is deprecated -W ignore:easy_install command is deprecated setup.py egg_info --egg-base ../../build/robot_shooter build --build-base /root/ros2_ws/build/robot_shooter/build install --record /root/ros2_ws/build/robot_shooter/install.log --single-version-externally-managed install_data
[12.056s] running egg_info
[12.086s] writing ../../build/robot_shooter/robot_shooter.egg-info/PKG-INFO
[12.116s] writing dependency_links to ../../build/robot_shooter/robot_shooter.egg-info/dependency_links.txt
[12.168s] writing entry points to ../../build/robot_shooter/robot_shooter.egg-info/entry_points.txt
[12.201s] writing requirements to ../../build/robot_shooter/robot_shooter.egg-info/requires.txt
[12.211s] writing top-level names to ../../build/robot_shooter/robot_shooter.egg-info/top_level.txt
[12.619s] reading manifest file '../../build/robot_shooter/robot_shooter.egg-info/SOURCES.txt'
[13.200s] writing manifest file '../../build/robot_shooter/robot_shooter.egg-info/SOURCES.txt'
[13.203s] running build
[13.205s] running build_py
[13.416s] copying robot_shooter/image_sub.py -> /root/ros2_ws/build/robot_shooter/build/lib/robot_shooter
[13.884s] running install
[13.886s] running install_lib
[14.211s] copying /root/ros2_ws/build/robot_shooter/build/lib/robot_shooter/image_sub.py -> /root/ros2_ws/install/robot_shooter/lib/python3.10/site-packages/robot_shooter
[15.054s] byte-compiling /root/ros2_ws/install/robot_shooter/lib/python3.10/site-packages/robot_shooter/image_sub.py to image_sub.cpython-310.pyc
[15.555s] running install_data
[16.942s] running install_egg_info
[17.010s] removing '/root/ros2_ws/install/robot_shooter/lib/python3.10/site-packages/robot_shooter-0.0.0-py3.10.egg-info' (and everything under it)
[17.278s] Copying ../../build/robot_shooter/robot_shooter.egg-info to /root/ros2_ws/install/robot_shooter/lib/python3.10/site-packages/robot_shooter-0.0.0-py3.10.egg-info
[18.698s] running install_scripts
[19.207s] Installing camera_capture script to /root/ros2_ws/install/robot_shooter/lib/robot_shooter
[19.280s] Installing first_node script to /root/ros2_ws/install/robot_shooter/lib/robot_shooter
[19.404s] Installing image_pub script to /root/ros2_ws/install/robot_shooter/lib/robot_shooter
[19.490s] Installing image_sub script to /root/ros2_ws/install/robot_shooter/lib/robot_shooter
[19.560s] Installing listener script to /root/ros2_ws/install/robot_shooter/lib/robot_shooter
[19.645s] Installing sender script to /root/ros2_ws/install/robot_shooter/lib/robot_shooter
[19.758s] Installing target_deleter script to /root/ros2_ws/install/robot_shooter/lib/robot_shooter
[19.831s] writing list of installed files to '/root/ros2_ws/build/robot_shooter/install.log'
[19.958s] Invoked command in '/root/ros2_ws/src/robot_shooter' returned '0': PYTHONPATH=/root/ros2_ws/build/robot_shooter/prefix_override:/usr/lib/python3/dist-packages/colcon_core/task/python/colcon_distutils_commands:/root/ros2_ws/install/robot_shooter/lib/python3.10/site-packages:${PYTHONPATH} /usr/bin/python3 -W ignore:setup.py install is deprecated -W ignore:easy_install command is deprecated setup.py egg_info --egg-base ../../build/robot_shooter build --build-base /root/ros2_ws/build/robot_shooter/build install --record /root/ros2_ws/build/robot_shooter/install.log --single-version-externally-managed install_data
