[9.200s] Invoking command in '/root/ros2_ws/src/robot_shooter': PYTHONPATH=/root/ros2_ws/build/robot_shooter/prefix_override:/usr/lib/python3/dist-packages/colcon_core/task/python/colcon_distutils_commands:/root/ros2_ws/install/robot_shooter/lib/python3.10/site-packages:${PYTHONPATH} /usr/bin/python3 -W ignore:setup.py install is deprecated -W ignore:easy_install command is deprecated setup.py egg_info --egg-base ../../build/robot_shooter build --build-base /root/ros2_ws/build/robot_shooter/build install --record /root/ros2_ws/build/robot_shooter/install.log --single-version-externally-managed install_data
[12.985s] running egg_info
[13.002s] writing ../../build/robot_shooter/robot_shooter.egg-info/PKG-INFO
[13.025s] writing dependency_links to ../../build/robot_shooter/robot_shooter.egg-info/dependency_links.txt
[13.050s] writing entry points to ../../build/robot_shooter/robot_shooter.egg-info/entry_points.txt
[13.063s] writing requirements to ../../build/robot_shooter/robot_shooter.egg-info/requires.txt
[13.086s] writing top-level names to ../../build/robot_shooter/robot_shooter.egg-info/top_level.txt
[13.471s] reading manifest file '../../build/robot_shooter/robot_shooter.egg-info/SOURCES.txt'
[14.032s] writing manifest file '../../build/robot_shooter/robot_shooter.egg-info/SOURCES.txt'
[14.034s] running build
[14.035s] running build_py
[14.165s] copying robot_shooter/image_sub.py -> /root/ros2_ws/build/robot_shooter/build/lib/robot_shooter
[14.473s] running install
[14.476s] running install_lib
[14.733s] copying /root/ros2_ws/build/robot_shooter/build/lib/robot_shooter/image_sub.py -> /root/ros2_ws/install/robot_shooter/lib/python3.10/site-packages/robot_shooter
[15.444s] byte-compiling /root/ros2_ws/install/robot_shooter/lib/python3.10/site-packages/robot_shooter/image_sub.py to image_sub.cpython-310.pyc
[15.883s] running install_data
[16.869s] running install_egg_info
[16.919s] removing '/root/ros2_ws/install/robot_shooter/lib/python3.10/site-packages/robot_shooter-0.0.0-py3.10.egg-info' (and everything under it)
[17.162s] Copying ../../build/robot_shooter/robot_shooter.egg-info to /root/ros2_ws/install/robot_shooter/lib/python3.10/site-packages/robot_shooter-0.0.0-py3.10.egg-info
[18.500s] running install_scripts
[18.837s] Installing camera_capture script to /root/ros2_ws/install/robot_shooter/lib/robot_shooter
[18.881s] Installing first_node script to /root/ros2_ws/install/robot_shooter/lib/robot_shooter
[18.934s] Installing image_pub script to /root/ros2_ws/install/robot_shooter/lib/robot_shooter
[18.987s] Installing image_sub script to /root/ros2_ws/install/robot_shooter/lib/robot_shooter
[19.020s] Installing listener script to /root/ros2_ws/install/robot_shooter/lib/robot_shooter
[19.058s] Installing sender script to /root/ros2_ws/install/robot_shooter/lib/robot_shooter
[19.086s] Installing target_deleter script to /root/ros2_ws/install/robot_shooter/lib/robot_shooter
[19.119s] writing list of installed files to '/root/ros2_ws/build/robot_shooter/install.log'
[19.263s] Invoked command in '/root/ros2_ws/src/robot_shooter' returned '0': PYTHONPATH=/root/ros2_ws/build/robot_shooter/prefix_override:/usr/lib/python3/dist-packages/colcon_core/task/python/colcon_distutils_commands:/root/ros2_ws/install/robot_shooter/lib/python3.10/site-packages:${PYTHONPATH} /usr/bin/python3 -W ignore:setup.py install is deprecated -W ignore:easy_install command is deprecated setup.py egg_info --egg-base ../../build/robot_shooter build --build-base /root/ros2_ws/build/robot_shooter/build install --record /root/ros2_ws/build/robot_shooter/install.log --single-version-externally-managed install_data
