[2.813s] Invoking command in '/root/ros2_ws/src/robot_shooter': PYTHONPATH=/root/ros2_ws/build/robot_shooter/prefix_override:/usr/lib/python3/dist-packages/colcon_core/task/python/colcon_distutils_commands:/root/ros2_ws/install/robot_shooter/lib/python3.10/site-packages:${PYTHONPATH} /usr/bin/python3 -W ignore:setup.py install is deprecated -W ignore:easy_install command is deprecated setup.py egg_info --egg-base ../../build/robot_shooter build --build-base /root/ros2_ws/build/robot_shooter/build install --record /root/ros2_ws/build/robot_shooter/install.log --single-version-externally-managed install_data
[3.974s] running egg_info
[3.984s] writing ../../build/robot_shooter/robot_shooter.egg-info/PKG-INFO
[3.993s] writing dependency_links to ../../build/robot_shooter/robot_shooter.egg-info/dependency_links.txt
[4.004s] writing entry points to ../../build/robot_shooter/robot_shooter.egg-info/entry_points.txt
[4.011s] writing requirements to ../../build/robot_shooter/robot_shooter.egg-info/requires.txt
[4.015s] writing top-level names to ../../build/robot_shooter/robot_shooter.egg-info/top_level.txt
[4.155s] reading manifest file '../../build/robot_shooter/robot_shooter.egg-info/SOURCES.txt'
[4.412s] writing manifest file '../../build/robot_shooter/robot_shooter.egg-info/SOURCES.txt'
[4.413s] running build
[4.414s] running build_py
[4.503s] copying robot_shooter/target_deleter.py -> /root/ros2_ws/build/robot_shooter/build/lib/robot_shooter
[4.595s] running install
[4.596s] running install_lib
[4.758s] copying /root/ros2_ws/build/robot_shooter/build/lib/robot_shooter/target_deleter.py -> /root/ros2_ws/install/robot_shooter/lib/python3.10/site-packages/robot_shooter
[4.987s] byte-compiling /root/ros2_ws/install/robot_shooter/lib/python3.10/site-packages/robot_shooter/target_deleter.py to target_deleter.cpython-310.pyc
[5.117s] running install_data
[5.537s] running install_egg_info
[5.553s] removing '/root/ros2_ws/install/robot_shooter/lib/python3.10/site-packages/robot_shooter-0.0.0-py3.10.egg-info' (and everything under it)
[5.630s] Copying ../../build/robot_shooter/robot_shooter.egg-info to /root/ros2_ws/install/robot_shooter/lib/python3.10/site-packages/robot_shooter-0.0.0-py3.10.egg-info
[5.983s] running install_scripts
[6.095s] Installing camera_capture script to /root/ros2_ws/install/robot_shooter/lib/robot_shooter
[6.111s] Installing first_node script to /root/ros2_ws/install/robot_shooter/lib/robot_shooter
[6.130s] Installing image_pub script to /root/ros2_ws/install/robot_shooter/lib/robot_shooter
[6.147s] Installing image_sub script to /root/ros2_ws/install/robot_shooter/lib/robot_shooter
[6.167s] Installing listener script to /root/ros2_ws/install/robot_shooter/lib/robot_shooter
[6.185s] Installing sender script to /root/ros2_ws/install/robot_shooter/lib/robot_shooter
[6.201s] Installing target_deleter script to /root/ros2_ws/install/robot_shooter/lib/robot_shooter
[6.219s] writing list of installed files to '/root/ros2_ws/build/robot_shooter/install.log'
[6.262s] Invoked command in '/root/ros2_ws/src/robot_shooter' returned '0': PYTHONPATH=/root/ros2_ws/build/robot_shooter/prefix_override:/usr/lib/python3/dist-packages/colcon_core/task/python/colcon_distutils_commands:/root/ros2_ws/install/robot_shooter/lib/python3.10/site-packages:${PYTHONPATH} /usr/bin/python3 -W ignore:setup.py install is deprecated -W ignore:easy_install command is deprecated setup.py egg_info --egg-base ../../build/robot_shooter build --build-base /root/ros2_ws/build/robot_shooter/build install --record /root/ros2_ws/build/robot_shooter/install.log --single-version-externally-managed install_data
