[1.888s] DEBUG:colcon:Command line arguments: ['/usr/bin/colcon', 'build']
[1.890s] DEBUG:colcon:Parsed command line arguments: Namespace(log_base=None, log_level=None, verb_name='build', build_base='build', install_base='install', merge_install=False, symlink_install=False, test_result_base=None, continue_on_error=False, executor='parallel', parallel_workers=12, event_handlers=None, ignore_user_meta=False, metas=['./colcon.meta'], base_paths=['.'], packages_ignore=None, packages_ignore_regex=None, paths=None, packages_up_to=None, packages_up_to_regex=None, packages_above=None, packages_above_and_dependencies=None, packages_above_depth=None, packages_select_by_dep=None, packages_skip_by_dep=None, packages_skip_up_to=None, packages_select_build_failed=False, packages_skip_build_finished=False, packages_select_test_failures=False, packages_skip_test_passed=False, packages_select=None, packages_skip=None, packages_select_regex=None, packages_skip_regex=None, packages_start=None, packages_end=None, cmake_args=None, cmake_target=None, cmake_target_skip_unavailable=False, cmake_clean_cache=False, cmake_clean_first=False, cmake_force_configure=False, ament_cmake_args=None, catkin_cmake_args=None, catkin_skip_building_tests=False, mixin_files=None, mixin=None, verb_parser=<colcon_mixin.mixin.mixin_argument.MixinArgumentDecorator object at 0x7f87cf8d8250>, verb_extension=<colcon_core.verb.build.BuildVerb object at 0x7f87cfa6c670>, main=<bound method BuildVerb.main of <colcon_core.verb.build.BuildVerb object at 0x7f87cfa6c670>>, mixin_verb=('build',))
[3.169s] Level 1:colcon.colcon_core.package_discovery:discover_packages(colcon_meta) check parameters
[3.188s] INFO:colcon.colcon_metadata.package_discovery.colcon_meta:Using configuration from '/root/.colcon/metadata/default/Gazebo.meta'
[3.191s] INFO:colcon.colcon_metadata.package_discovery.colcon_meta:Using configuration from '/root/.colcon/metadata/default/fastrtps.meta'
[3.192s] Level 1:colcon.colcon_core.package_discovery:discover_packages(recursive) check parameters
[3.203s] Level 1:colcon.colcon_core.package_discovery:discover_packages(ignore) check parameters
[3.211s] Level 1:colcon.colcon_core.package_discovery:discover_packages(path) check parameters
[3.212s] Level 1:colcon.colcon_core.package_discovery:discover_packages(colcon_meta) discover
[3.213s] Level 1:colcon.colcon_core.package_discovery:discover_packages(recursive) discover
[3.216s] INFO:colcon.colcon_core.package_discovery:Crawling recursively for packages in '/root/ros2_ws'
[3.222s] Level 1:colcon.colcon_core.package_identification:_identify(.) by extensions ['ignore', 'ignore_ament_install']
[3.223s] Level 1:colcon.colcon_core.package_identification:_identify(.) by extension 'ignore'
[3.233s] Level 1:colcon.colcon_core.package_identification:_identify(.) by extension 'ignore_ament_install'
[3.239s] Level 1:colcon.colcon_core.package_identification:_identify(.) by extensions ['colcon_pkg']
[3.240s] Level 1:colcon.colcon_core.package_identification:_identify(.) by extension 'colcon_pkg'
[3.242s] Level 1:colcon.colcon_core.package_identification:_identify(.) by extensions ['colcon_meta']
[3.242s] Level 1:colcon.colcon_core.package_identification:_identify(.) by extension 'colcon_meta'
[3.244s] Level 1:colcon.colcon_core.package_identification:_identify(.) by extensions ['ros']
[3.245s] Level 1:colcon.colcon_core.package_identification:_identify(.) by extension 'ros'
[3.314s] Level 1:colcon.colcon_core.package_identification:_identify(.) by extensions ['cmake', 'python']
[3.315s] Level 1:colcon.colcon_core.package_identification:_identify(.) by extension 'cmake'
[3.317s] Level 1:colcon.colcon_core.package_identification:_identify(.) by extension 'python'
[3.323s] Level 1:colcon.colcon_core.package_identification:_identify(.) by extensions ['python_setup_py']
[3.324s] Level 1:colcon.colcon_core.package_identification:_identify(.) by extension 'python_setup_py'
[3.344s] Level 1:colcon.colcon_core.package_identification:_identify(build) by extensions ['ignore', 'ignore_ament_install']
[3.357s] Level 1:colcon.colcon_core.package_identification:_identify(build) by extension 'ignore'
[3.366s] Level 1:colcon.colcon_core.package_identification:_identify(build) ignored
[3.401s] Level 1:colcon.colcon_core.package_identification:_identify(install) by extensions ['ignore', 'ignore_ament_install']
[3.403s] Level 1:colcon.colcon_core.package_identification:_identify(install) by extension 'ignore'
[3.416s] Level 1:colcon.colcon_core.package_identification:_identify(install) ignored
[3.435s] Level 1:colcon.colcon_core.package_identification:_identify(log) by extensions ['ignore', 'ignore_ament_install']
[3.437s] Level 1:colcon.colcon_core.package_identification:_identify(log) by extension 'ignore'
[3.450s] Level 1:colcon.colcon_core.package_identification:_identify(log) ignored
[3.466s] Level 1:colcon.colcon_core.package_identification:_identify(src) by extensions ['ignore', 'ignore_ament_install']
[3.467s] Level 1:colcon.colcon_core.package_identification:_identify(src) by extension 'ignore'
[3.472s] Level 1:colcon.colcon_core.package_identification:_identify(src) by extension 'ignore_ament_install'
[3.489s] Level 1:colcon.colcon_core.package_identification:_identify(src) by extensions ['colcon_pkg']
[3.490s] Level 1:colcon.colcon_core.package_identification:_identify(src) by extension 'colcon_pkg'
[3.494s] Level 1:colcon.colcon_core.package_identification:_identify(src) by extensions ['colcon_meta']
[3.495s] Level 1:colcon.colcon_core.package_identification:_identify(src) by extension 'colcon_meta'
[3.499s] Level 1:colcon.colcon_core.package_identification:_identify(src) by extensions ['ros']
[3.500s] Level 1:colcon.colcon_core.package_identification:_identify(src) by extension 'ros'
[3.519s] Level 1:colcon.colcon_core.package_identification:_identify(src) by extensions ['cmake', 'python']
[3.520s] Level 1:colcon.colcon_core.package_identification:_identify(src) by extension 'cmake'
[3.524s] Level 1:colcon.colcon_core.package_identification:_identify(src) by extension 'python'
[3.531s] Level 1:colcon.colcon_core.package_identification:_identify(src) by extensions ['python_setup_py']
[3.532s] Level 1:colcon.colcon_core.package_identification:_identify(src) by extension 'python_setup_py'
[3.565s] Level 1:colcon.colcon_core.package_identification:_identify(src/robot_shooter) by extensions ['ignore', 'ignore_ament_install']
[3.567s] Level 1:colcon.colcon_core.package_identification:_identify(src/robot_shooter) by extension 'ignore'
[3.574s] Level 1:colcon.colcon_core.package_identification:_identify(src/robot_shooter) by extension 'ignore_ament_install'
[3.583s] Level 1:colcon.colcon_core.package_identification:_identify(src/robot_shooter) by extensions ['colcon_pkg']
[3.584s] Level 1:colcon.colcon_core.package_identification:_identify(src/robot_shooter) by extension 'colcon_pkg'
[3.592s] Level 1:colcon.colcon_core.package_identification:_identify(src/robot_shooter) by extensions ['colcon_meta']
[3.593s] Level 1:colcon.colcon_core.package_identification:_identify(src/robot_shooter) by extension 'colcon_meta'
[3.603s] Level 1:colcon.colcon_core.package_identification:_identify(src/robot_shooter) by extensions ['ros']
[3.604s] Level 1:colcon.colcon_core.package_identification:_identify(src/robot_shooter) by extension 'ros'
[3.729s] DEBUG:colcon.colcon_core.package_identification:Package 'src/robot_shooter' with type 'ros.ament_python' and name 'robot_shooter'
[3.731s] Level 1:colcon.colcon_core.package_discovery:discover_packages(recursive) using defaults
[3.732s] Level 1:colcon.colcon_core.package_discovery:discover_packages(ignore) discover
[3.734s] Level 1:colcon.colcon_core.package_discovery:discover_packages(ignore) using defaults
[3.735s] Level 1:colcon.colcon_core.package_discovery:discover_packages(path) discover
[3.736s] Level 1:colcon.colcon_core.package_discovery:discover_packages(path) using defaults
[4.181s] Level 5:colcon.colcon_core.verb:set package 'robot_shooter' build argument 'cmake_args' from command line to 'None'
[4.182s] Level 5:colcon.colcon_core.verb:set package 'robot_shooter' build argument 'cmake_target' from command line to 'None'
[4.183s] Level 5:colcon.colcon_core.verb:set package 'robot_shooter' build argument 'cmake_target_skip_unavailable' from command line to 'False'
[4.185s] Level 5:colcon.colcon_core.verb:set package 'robot_shooter' build argument 'cmake_clean_cache' from command line to 'False'
[4.187s] Level 5:colcon.colcon_core.verb:set package 'robot_shooter' build argument 'cmake_clean_first' from command line to 'False'
[4.190s] Level 5:colcon.colcon_core.verb:set package 'robot_shooter' build argument 'cmake_force_configure' from command line to 'False'
[4.191s] Level 5:colcon.colcon_core.verb:set package 'robot_shooter' build argument 'ament_cmake_args' from command line to 'None'
[4.192s] Level 5:colcon.colcon_core.verb:set package 'robot_shooter' build argument 'catkin_cmake_args' from command line to 'None'
[4.192s] Level 5:colcon.colcon_core.verb:set package 'robot_shooter' build argument 'catkin_skip_building_tests' from command line to 'False'
[4.193s] DEBUG:colcon.colcon_core.verb:Building package 'robot_shooter' with the following arguments: {'ament_cmake_args': None, 'build_base': '/root/ros2_ws/build/robot_shooter', 'catkin_cmake_args': None, 'catkin_skip_building_tests': False, 'cmake_args': None, 'cmake_clean_cache': False, 'cmake_clean_first': False, 'cmake_force_configure': False, 'cmake_target': None, 'cmake_target_skip_unavailable': False, 'install_base': '/root/ros2_ws/install/robot_shooter', 'merge_install': False, 'path': '/root/ros2_ws/src/robot_shooter', 'symlink_install': False, 'test_result_base': None}
[4.197s] INFO:colcon.colcon_core.executor:Executing jobs using 'parallel' executor
[4.210s] DEBUG:colcon.colcon_parallel_executor.executor.parallel:run_until_complete
[4.212s] INFO:colcon.colcon_ros.task.ament_python.build:Building ROS package in '/root/ros2_ws/src/robot_shooter' with build type 'ament_python'
[4.213s] Level 1:colcon.colcon_core.shell:create_environment_hook('robot_shooter', 'ament_prefix_path')
[4.265s] INFO:colcon.colcon_core.plugin_system:Skipping extension 'colcon_core.shell.bat': Not used on non-Windows systems
[4.267s] INFO:colcon.colcon_core.shell:Creating environment hook '/root/ros2_ws/install/robot_shooter/share/robot_shooter/hook/ament_prefix_path.ps1'
[4.345s] INFO:colcon.colcon_core.shell:Creating environment descriptor '/root/ros2_ws/install/robot_shooter/share/robot_shooter/hook/ament_prefix_path.dsv'
[4.404s] INFO:colcon.colcon_core.shell:Creating environment hook '/root/ros2_ws/install/robot_shooter/share/robot_shooter/hook/ament_prefix_path.sh'
[4.480s] INFO:colcon.colcon_core.shell:Skip shell extension 'powershell' for command environment: Not usable outside of PowerShell
[4.480s] DEBUG:colcon.colcon_core.shell:Skip shell extension 'dsv' for command environment
[8.710s] INFO:colcon.colcon_core.task.python.build:Building Python package in '/root/ros2_ws/src/robot_shooter'
[8.712s] INFO:colcon.colcon_core.shell:Skip shell extension 'powershell' for command environment: Not usable outside of PowerShell
[8.713s] DEBUG:colcon.colcon_core.shell:Skip shell extension 'dsv' for command environment
[16.420s] DEBUG:colcon.colcon_core.event_handler.log_command:Invoking command in '/root/ros2_ws/src/robot_shooter': PYTHONPATH=/root/ros2_ws/build/robot_shooter/prefix_override:/usr/lib/python3/dist-packages/colcon_core/task/python/colcon_distutils_commands:/root/ros2_ws/install/robot_shooter/lib/python3.10/site-packages:${PYTHONPATH} /usr/bin/python3 -W ignore:setup.py install is deprecated -W ignore:easy_install command is deprecated setup.py egg_info --egg-base ../../build/robot_shooter build --build-base /root/ros2_ws/build/robot_shooter/build install --record /root/ros2_ws/build/robot_shooter/install.log --single-version-externally-managed install_data
[29.970s] DEBUG:colcon.colcon_core.event_handler.log_command:Invoked command in '/root/ros2_ws/src/robot_shooter' returned '0': PYTHONPATH=/root/ros2_ws/build/robot_shooter/prefix_override:/usr/lib/python3/dist-packages/colcon_core/task/python/colcon_distutils_commands:/root/ros2_ws/install/robot_shooter/lib/python3.10/site-packages:${PYTHONPATH} /usr/bin/python3 -W ignore:setup.py install is deprecated -W ignore:easy_install command is deprecated setup.py egg_info --egg-base ../../build/robot_shooter build --build-base /root/ros2_ws/build/robot_shooter/build install --record /root/ros2_ws/build/robot_shooter/install.log --single-version-externally-managed install_data
[30.003s] Level 1:colcon.colcon_core.environment:checking '/root/ros2_ws/install/robot_shooter' for CMake module files
[30.496s] Level 1:colcon.colcon_core.environment:checking '/root/ros2_ws/install/robot_shooter' for CMake config files
[31.042s] Level 1:colcon.colcon_core.environment:checking '/root/ros2_ws/install/robot_shooter/lib'
[31.061s] Level 1:colcon.colcon_core.environment:checking '/root/ros2_ws/install/robot_shooter/bin'
[31.066s] Level 1:colcon.colcon_core.environment:checking '/root/ros2_ws/install/robot_shooter/lib/pkgconfig/robot_shooter.pc'
[31.096s] Level 1:colcon.colcon_core.environment:checking '/root/ros2_ws/install/robot_shooter/lib/python3.10/site-packages'
[31.103s] Level 1:colcon.colcon_core.shell:create_environment_hook('robot_shooter', 'pythonpath')
[31.104s] INFO:colcon.colcon_core.shell:Creating environment hook '/root/ros2_ws/install/robot_shooter/share/robot_shooter/hook/pythonpath.ps1'
[31.186s] INFO:colcon.colcon_core.shell:Creating environment descriptor '/root/ros2_ws/install/robot_shooter/share/robot_shooter/hook/pythonpath.dsv'
[31.267s] INFO:colcon.colcon_core.shell:Creating environment hook '/root/ros2_ws/install/robot_shooter/share/robot_shooter/hook/pythonpath.sh'
[31.358s] Level 1:colcon.colcon_core.environment:checking '/root/ros2_ws/install/robot_shooter/bin'
[31.361s] Level 1:colcon.colcon_core.environment:create_environment_scripts_only(robot_shooter)
[31.362s] INFO:colcon.colcon_core.shell:Creating package script '/root/ros2_ws/install/robot_shooter/share/robot_shooter/package.ps1'
[31.497s] INFO:colcon.colcon_core.shell:Creating package descriptor '/root/ros2_ws/install/robot_shooter/share/robot_shooter/package.dsv'
[31.568s] INFO:colcon.colcon_core.shell:Creating package script '/root/ros2_ws/install/robot_shooter/share/robot_shooter/package.sh'
[31.628s] INFO:colcon.colcon_core.shell:Creating package script '/root/ros2_ws/install/robot_shooter/share/robot_shooter/package.bash'
[31.683s] INFO:colcon.colcon_core.shell:Creating package script '/root/ros2_ws/install/robot_shooter/share/robot_shooter/package.zsh'
[31.826s] Level 1:colcon.colcon_core.environment:create_file_with_runtime_dependencies(/root/ros2_ws/install/robot_shooter/share/colcon-core/packages/robot_shooter)
[31.866s] DEBUG:colcon.colcon_parallel_executor.executor.parallel:closing loop
[31.868s] DEBUG:colcon.colcon_parallel_executor.executor.parallel:loop closed
[31.869s] DEBUG:colcon.colcon_parallel_executor.executor.parallel:run_until_complete finished with '0'
[31.870s] DEBUG:colcon.colcon_core.event_reactor:joining thread
[32.057s] INFO:colcon.colcon_core.plugin_system:Skipping extension 'colcon_notification.desktop_notification.notify_send': Could not find 'notify-send'
[32.060s] INFO:colcon.colcon_core.plugin_system:Skipping extension 'colcon_notification.desktop_notification.terminal_notifier': Not used on non-Darwin systems
[32.067s] INFO:colcon.colcon_core.plugin_system:Skipping extension 'colcon_notification.desktop_notification.win32': Not used on non-Windows systems
[32.068s] INFO:colcon.colcon_notification.desktop_notification:Sending desktop notification using 'notify2'
[32.080s] DEBUG:colcon.colcon_notification.desktop_notification.notify2:Failed to initialize notify2: org.freedesktop.DBus.Error.Spawn.ExecFailed: /usr/bin/dbus-launch terminated abnormally without any error message
[32.082s] DEBUG:colcon.colcon_core.event_reactor:joined thread
[32.084s] INFO:colcon.colcon_core.shell:Creating prefix script '/root/ros2_ws/install/local_setup.ps1'
[32.104s] INFO:colcon.colcon_core.shell:Creating prefix util module '/root/ros2_ws/install/_local_setup_util_ps1.py'
[32.142s] INFO:colcon.colcon_core.shell:Creating prefix chain script '/root/ros2_ws/install/setup.ps1'
[32.244s] INFO:colcon.colcon_core.shell:Creating prefix script '/root/ros2_ws/install/local_setup.sh'
[32.270s] INFO:colcon.colcon_core.shell:Creating prefix util module '/root/ros2_ws/install/_local_setup_util_sh.py'
[32.315s] INFO:colcon.colcon_core.shell:Creating prefix chain script '/root/ros2_ws/install/setup.sh'
[32.405s] INFO:colcon.colcon_core.shell:Creating prefix script '/root/ros2_ws/install/local_setup.bash'
[32.462s] INFO:colcon.colcon_core.shell:Creating prefix chain script '/root/ros2_ws/install/setup.bash'
[32.564s] INFO:colcon.colcon_core.shell:Creating prefix script '/root/ros2_ws/install/local_setup.zsh'
[32.602s] INFO:colcon.colcon_core.shell:Creating prefix chain script '/root/ros2_ws/install/setup.zsh'
