[7.344s] Invoking command in '/root/ros2_ws/src/robot_shooter': PYTHONPATH=/root/ros2_ws/build/robot_shooter/prefix_override:/usr/lib/python3/dist-packages/colcon_core/task/python/colcon_distutils_commands:/root/ros2_ws/install/robot_shooter/lib/python3.10/site-packages:${PYTHONPATH} /usr/bin/python3 -W ignore:setup.py install is deprecated -W ignore:easy_install command is deprecated setup.py egg_info --egg-base ../../build/robot_shooter build --build-base /root/ros2_ws/build/robot_shooter/build install --record /root/ros2_ws/build/robot_shooter/install.log --single-version-externally-managed install_data
[10.258s] running egg_info
[10.272s] writing ../../build/robot_shooter/robot_shooter.egg-info/PKG-INFO
[10.304s] writing dependency_links to ../../build/robot_shooter/robot_shooter.egg-info/dependency_links.txt
[10.319s] writing entry points to ../../build/robot_shooter/robot_shooter.egg-info/entry_points.txt
[10.339s] writing requirements to ../../build/robot_shooter/robot_shooter.egg-info/requires.txt
[10.345s] writing top-level names to ../../build/robot_shooter/robot_shooter.egg-info/top_level.txt
[10.652s] reading manifest file '../../build/robot_shooter/robot_shooter.egg-info/SOURCES.txt'
[11.249s] writing manifest file '../../build/robot_shooter/robot_shooter.egg-info/SOURCES.txt'
[11.272s] running build
[11.275s] running build_py
[11.655s] running install
[11.660s] running install_lib
[12.584s] running install_data
[12.877s] copying launch/spawn_target.launch.py -> /root/ros2_ws/install/robot_shooter/share/robot_shooter/launch
[13.649s] running install_egg_info
[13.693s] removing '/root/ros2_ws/install/robot_shooter/lib/python3.10/site-packages/robot_shooter-0.0.0-py3.10.egg-info' (and everything under it)
[13.886s] Copying ../../build/robot_shooter/robot_shooter.egg-info to /root/ros2_ws/install/robot_shooter/lib/python3.10/site-packages/robot_shooter-0.0.0-py3.10.egg-info
[14.639s] running install_scripts
[14.899s] Installing camera_capture script to /root/ros2_ws/install/robot_shooter/lib/robot_shooter
[14.949s] Installing first_node script to /root/ros2_ws/install/robot_shooter/lib/robot_shooter
[14.984s] Installing image_pub script to /root/ros2_ws/install/robot_shooter/lib/robot_shooter
[15.019s] Installing image_sub script to /root/ros2_ws/install/robot_shooter/lib/robot_shooter
[15.049s] Installing listener script to /root/ros2_ws/install/robot_shooter/lib/robot_shooter
[15.083s] Installing sender script to /root/ros2_ws/install/robot_shooter/lib/robot_shooter
[15.133s] writing list of installed files to '/root/ros2_ws/build/robot_shooter/install.log'
[15.241s] Invoked command in '/root/ros2_ws/src/robot_shooter' returned '0': PYTHONPATH=/root/ros2_ws/build/robot_shooter/prefix_override:/usr/lib/python3/dist-packages/colcon_core/task/python/colcon_distutils_commands:/root/ros2_ws/install/robot_shooter/lib/python3.10/site-packages:${PYTHONPATH} /usr/bin/python3 -W ignore:setup.py install is deprecated -W ignore:easy_install command is deprecated setup.py egg_info --egg-base ../../build/robot_shooter build --build-base /root/ros2_ws/build/robot_shooter/build install --record /root/ros2_ws/build/robot_shooter/install.log --single-version-externally-managed install_data
