[11.798s] Invoking command in '/root/ros2_ws/src/robot_shooter': PYTHONPATH=/root/ros2_ws/build/robot_shooter/prefix_override:/usr/lib/python3/dist-packages/colcon_core/task/python/colcon_distutils_commands:/root/ros2_ws/install/robot_shooter/lib/python3.10/site-packages:${PYTHONPATH} /usr/bin/python3 -W ignore:setup.py install is deprecated -W ignore:easy_install command is deprecated setup.py egg_info --egg-base ../../build/robot_shooter build --build-base /root/ros2_ws/build/robot_shooter/build install --record /root/ros2_ws/build/robot_shooter/install.log --single-version-externally-managed install_data
[16.821s] running egg_info
[16.863s] writing ../../build/robot_shooter/robot_shooter.egg-info/PKG-INFO
[16.908s] writing dependency_links to ../../build/robot_shooter/robot_shooter.egg-info/dependency_links.txt
[16.926s] writing entry points to ../../build/robot_shooter/robot_shooter.egg-info/entry_points.txt
[16.950s] writing requirements to ../../build/robot_shooter/robot_shooter.egg-info/requires.txt
[16.971s] writing top-level names to ../../build/robot_shooter/robot_shooter.egg-info/top_level.txt
[17.474s] reading manifest file '../../build/robot_shooter/robot_shooter.egg-info/SOURCES.txt'
[18.068s] writing manifest file '../../build/robot_shooter/robot_shooter.egg-info/SOURCES.txt'
[18.083s] running build
[18.089s] running build_py
[18.206s] copying robot_shooter/image_sub.py -> /root/ros2_ws/build/robot_shooter/build/lib/robot_shooter
[18.572s] running install
[18.575s] running install_lib
[18.882s] copying /root/ros2_ws/build/robot_shooter/build/lib/robot_shooter/image_sub.py -> /root/ros2_ws/install/robot_shooter/lib/python3.10/site-packages/robot_shooter
[19.730s] byte-compiling /root/ros2_ws/install/robot_shooter/lib/python3.10/site-packages/robot_shooter/image_sub.py to image_sub.cpython-310.pyc
[20.229s] running install_data
[21.317s] running install_egg_info
[21.381s] removing '/root/ros2_ws/install/robot_shooter/lib/python3.10/site-packages/robot_shooter-0.0.0-py3.10.egg-info' (and everything under it)
[21.619s] Copying ../../build/robot_shooter/robot_shooter.egg-info to /root/ros2_ws/install/robot_shooter/lib/python3.10/site-packages/robot_shooter-0.0.0-py3.10.egg-info
[22.921s] running install_scripts
[23.415s] Installing first_node script to /root/ros2_ws/install/robot_shooter/lib/robot_shooter
[23.478s] Installing image_pub script to /root/ros2_ws/install/robot_shooter/lib/robot_shooter
[23.516s] Installing image_sub script to /root/ros2_ws/install/robot_shooter/lib/robot_shooter
[23.558s] Installing listener script to /root/ros2_ws/install/robot_shooter/lib/robot_shooter
[23.623s] Installing sender script to /root/ros2_ws/install/robot_shooter/lib/robot_shooter
[23.683s] writing list of installed files to '/root/ros2_ws/build/robot_shooter/install.log'
[23.880s] Invoked command in '/root/ros2_ws/src/robot_shooter' returned '0': PYTHONPATH=/root/ros2_ws/build/robot_shooter/prefix_override:/usr/lib/python3/dist-packages/colcon_core/task/python/colcon_distutils_commands:/root/ros2_ws/install/robot_shooter/lib/python3.10/site-packages:${PYTHONPATH} /usr/bin/python3 -W ignore:setup.py install is deprecated -W ignore:easy_install command is deprecated setup.py egg_info --egg-base ../../build/robot_shooter build --build-base /root/ros2_ws/build/robot_shooter/build install --record /root/ros2_ws/build/robot_shooter/install.log --single-version-externally-managed install_data
