[8.211s] Invoking command in '/root/ros2_ws/src/robot_shooter': PYTHONPATH=/root/ros2_ws/build/robot_shooter/prefix_override:/usr/lib/python3/dist-packages/colcon_core/task/python/colcon_distutils_commands:/root/ros2_ws/install/robot_shooter/lib/python3.10/site-packages:${PYTHONPATH} /usr/bin/python3 -W ignore:setup.py install is deprecated -W ignore:easy_install command is deprecated setup.py egg_info --egg-base ../../build/robot_shooter build --build-base /root/ros2_ws/build/robot_shooter/build install --record /root/ros2_ws/build/robot_shooter/install.log --single-version-externally-managed install_data
[11.507s] running egg_info
[11.530s] writing ../../build/robot_shooter/robot_shooter.egg-info/PKG-INFO
[11.549s] writing dependency_links to ../../build/robot_shooter/robot_shooter.egg-info/dependency_links.txt
[11.617s] writing entry points to ../../build/robot_shooter/robot_shooter.egg-info/entry_points.txt
[11.635s] writing requirements to ../../build/robot_shooter/robot_shooter.egg-info/requires.txt
[11.646s] writing top-level names to ../../build/robot_shooter/robot_shooter.egg-info/top_level.txt
[11.959s] reading manifest file '../../build/robot_shooter/robot_shooter.egg-info/SOURCES.txt'
[12.527s] writing manifest file '../../build/robot_shooter/robot_shooter.egg-info/SOURCES.txt'
[12.534s] running build
[12.540s] running build_py
[12.749s] copying robot_shooter/sift.py -> /root/ros2_ws/build/robot_shooter/build/lib/robot_shooter
[13.021s] running install
[13.023s] running install_lib
[13.394s] copying /root/ros2_ws/build/robot_shooter/build/lib/robot_shooter/sift.py -> /root/ros2_ws/install/robot_shooter/lib/python3.10/site-packages/robot_shooter
[14.047s] byte-compiling /root/ros2_ws/install/robot_shooter/lib/python3.10/site-packages/robot_shooter/sift.py to sift.cpython-310.pyc
[14.468s] running install_data
[15.422s] running install_egg_info
[15.486s] removing '/root/ros2_ws/install/robot_shooter/lib/python3.10/site-packages/robot_shooter-0.0.0-py3.10.egg-info' (and everything under it)
[15.728s] Copying ../../build/robot_shooter/robot_shooter.egg-info to /root/ros2_ws/install/robot_shooter/lib/python3.10/site-packages/robot_shooter-0.0.0-py3.10.egg-info
[16.789s] running install_scripts
[17.114s] Installing camera_capture script to /root/ros2_ws/install/robot_shooter/lib/robot_shooter
[17.139s] Installing first_node script to /root/ros2_ws/install/robot_shooter/lib/robot_shooter
[17.180s] Installing image_pub script to /root/ros2_ws/install/robot_shooter/lib/robot_shooter
[17.228s] Installing image_sub script to /root/ros2_ws/install/robot_shooter/lib/robot_shooter
[17.304s] Installing listener script to /root/ros2_ws/install/robot_shooter/lib/robot_shooter
[17.357s] Installing sender script to /root/ros2_ws/install/robot_shooter/lib/robot_shooter
[17.411s] Installing target_deleter script to /root/ros2_ws/install/robot_shooter/lib/robot_shooter
[17.445s] writing list of installed files to '/root/ros2_ws/build/robot_shooter/install.log'
[17.582s] Invoked command in '/root/ros2_ws/src/robot_shooter' returned '0': PYTHONPATH=/root/ros2_ws/build/robot_shooter/prefix_override:/usr/lib/python3/dist-packages/colcon_core/task/python/colcon_distutils_commands:/root/ros2_ws/install/robot_shooter/lib/python3.10/site-packages:${PYTHONPATH} /usr/bin/python3 -W ignore:setup.py install is deprecated -W ignore:easy_install command is deprecated setup.py egg_info --egg-base ../../build/robot_shooter build --build-base /root/ros2_ws/build/robot_shooter/build install --record /root/ros2_ws/build/robot_shooter/install.log --single-version-externally-managed install_data
