[12.572s] Invoking command in '/root/ros2_ws/src/robot_shooter': PYTHONPATH=/root/ros2_ws/build/robot_shooter/prefix_override:/usr/lib/python3/dist-packages/colcon_core/task/python/colcon_distutils_commands:/root/ros2_ws/install/robot_shooter/lib/python3.10/site-packages:${PYTHONPATH} /usr/bin/python3 -W ignore:setup.py install is deprecated -W ignore:easy_install command is deprecated setup.py egg_info --egg-base ../../build/robot_shooter build --build-base /root/ros2_ws/build/robot_shooter/build install --record /root/ros2_ws/build/robot_shooter/install.log --single-version-externally-managed install_data
[17.822s] running egg_info
[17.895s] writing ../../build/robot_shooter/robot_shooter.egg-info/PKG-INFO
[17.976s] writing dependency_links to ../../build/robot_shooter/robot_shooter.egg-info/dependency_links.txt
[18.023s] writing entry points to ../../build/robot_shooter/robot_shooter.egg-info/entry_points.txt
[18.060s] writing requirements to ../../build/robot_shooter/robot_shooter.egg-info/requires.txt
[18.102s] writing top-level names to ../../build/robot_shooter/robot_shooter.egg-info/top_level.txt
[18.578s] reading manifest file '../../build/robot_shooter/robot_shooter.egg-info/SOURCES.txt'
[19.233s] writing manifest file '../../build/robot_shooter/robot_shooter.egg-info/SOURCES.txt'
[19.251s] running build
[19.255s] running build_py
[19.457s] copying robot_shooter/image_sub.py -> /root/ros2_ws/build/robot_shooter/build/lib/robot_shooter
[19.618s] copying robot_shooter/sift.py -> /root/ros2_ws/build/robot_shooter/build/lib/robot_shooter
[20.026s] running install
[20.030s] running install_lib
[20.336s] copying /root/ros2_ws/build/robot_shooter/build/lib/robot_shooter/image_sub.py -> /root/ros2_ws/install/robot_shooter/lib/python3.10/site-packages/robot_shooter
[20.610s] copying /root/ros2_ws/build/robot_shooter/build/lib/robot_shooter/sift.py -> /root/ros2_ws/install/robot_shooter/lib/python3.10/site-packages/robot_shooter
[21.509s] byte-compiling /root/ros2_ws/install/robot_shooter/lib/python3.10/site-packages/robot_shooter/image_sub.py to image_sub.cpython-310.pyc
[21.811s] byte-compiling /root/ros2_ws/install/robot_shooter/lib/python3.10/site-packages/robot_shooter/sift.py to sift.cpython-310.pyc
[22.183s] running install_data
[23.244s] running install_egg_info
[23.283s] removing '/root/ros2_ws/install/robot_shooter/lib/python3.10/site-packages/robot_shooter-0.0.0-py3.10.egg-info' (and everything under it)
[23.615s] Copying ../../build/robot_shooter/robot_shooter.egg-info to /root/ros2_ws/install/robot_shooter/lib/python3.10/site-packages/robot_shooter-0.0.0-py3.10.egg-info
[24.888s] running install_scripts
[25.465s] Installing first_node script to /root/ros2_ws/install/robot_shooter/lib/robot_shooter
[25.560s] Installing image_pub script to /root/ros2_ws/install/robot_shooter/lib/robot_shooter
[25.618s] Installing image_sub script to /root/ros2_ws/install/robot_shooter/lib/robot_shooter
[25.659s] Installing listener script to /root/ros2_ws/install/robot_shooter/lib/robot_shooter
[25.707s] Installing sender script to /root/ros2_ws/install/robot_shooter/lib/robot_shooter
[25.772s] writing list of installed files to '/root/ros2_ws/build/robot_shooter/install.log'
[25.989s] Invoked command in '/root/ros2_ws/src/robot_shooter' returned '0': PYTHONPATH=/root/ros2_ws/build/robot_shooter/prefix_override:/usr/lib/python3/dist-packages/colcon_core/task/python/colcon_distutils_commands:/root/ros2_ws/install/robot_shooter/lib/python3.10/site-packages:${PYTHONPATH} /usr/bin/python3 -W ignore:setup.py install is deprecated -W ignore:easy_install command is deprecated setup.py egg_info --egg-base ../../build/robot_shooter build --build-base /root/ros2_ws/build/robot_shooter/build install --record /root/ros2_ws/build/robot_shooter/install.log --single-version-externally-managed install_data
