running develop
running egg_info
writing robot_shooter.egg-info/PKG-INFO
writing dependency_links to robot_shooter.egg-info/dependency_links.txt
writing entry points to robot_shooter.egg-info/entry_points.txt
writing requirements to robot_shooter.egg-info/requires.txt
writing top-level names to robot_shooter.egg-info/top_level.txt
reading manifest file 'robot_shooter.egg-info/SOURCES.txt'
writing manifest file 'robot_shooter.egg-info/SOURCES.txt'
running build_ext
Creating /root/ros2_ws/install/robot_shooter/lib/python3.10/site-packages/robot-shooter.egg-link (link to .)
Installing camera_capture script to /root/ros2_ws/install/robot_shooter/lib/robot_shooter
Installing first_node script to /root/ros2_ws/install/robot_shooter/lib/robot_shooter
Installing image_pub script to /root/ros2_ws/install/robot_shooter/lib/robot_shooter
Installing image_sub script to /root/ros2_ws/install/robot_shooter/lib/robot_shooter
Installing listener script to /root/ros2_ws/install/robot_shooter/lib/robot_shooter
Installing sender script to /root/ros2_ws/install/robot_shooter/lib/robot_shooter

Installed /root/ros2_ws/build/robot_shooter
running symlink_data
creating /root/ros2_ws/install/robot_shooter/share/robot_shooter/model
symbolically linking /root/ros2_ws/build/robot_shooter/model/patok_anoman/model.config -> /root/ros2_ws/install/robot_shooter/share/robot_shooter/model
symbolically linking /root/ros2_ws/build/robot_shooter/model/patok_anoman/model.sdf -> /root/ros2_ws/install/robot_shooter/share/robot_shooter/model
symbolically linking /root/ros2_ws/build/robot_shooter/model/patok_durna/model.config -> /root/ros2_ws/install/robot_shooter/share/robot_shooter/model
error: [Errno 17] File exists: '/root/ros2_ws/build/robot_shooter/model/patok_durna/model.config' -> '/root/ros2_ws/install/robot_shooter/share/robot_shooter/model/model.config'
