[3.833s] Invoking command in '/root/ros2_ws/build/robot_shooter': PYTHONPATH=/root/ros2_ws/build/robot_shooter/prefix_override:/usr/lib/python3/dist-packages/colcon_core/task/python/colcon_distutils_commands:/root/ros2_ws/install/robot_shooter/lib/python3.10/site-packages:${PYTHONPATH} /usr/bin/python3 -W ignore:setup.py install is deprecated -W ignore:easy_install command is deprecated setup.py develop --editable --build-directory /root/ros2_ws/build/robot_shooter/build --no-deps symlink_data
[5.084s] running develop
[5.541s] running egg_info
[5.544s] writing robot_shooter.egg-info/PKG-INFO
[5.550s] writing dependency_links to robot_shooter.egg-info/dependency_links.txt
[5.558s] writing entry points to robot_shooter.egg-info/entry_points.txt
[5.561s] writing requirements to robot_shooter.egg-info/requires.txt
[5.564s] writing top-level names to robot_shooter.egg-info/top_level.txt
[5.981s] reading manifest file 'robot_shooter.egg-info/SOURCES.txt'
[6.455s] writing manifest file 'robot_shooter.egg-info/SOURCES.txt'
[6.473s] running build_ext
[6.481s] Creating /root/ros2_ws/install/robot_shooter/lib/python3.10/site-packages/robot-shooter.egg-link (link to .)
[6.504s] Installing camera_capture script to /root/ros2_ws/install/robot_shooter/lib/robot_shooter
[6.528s] Installing first_node script to /root/ros2_ws/install/robot_shooter/lib/robot_shooter
[6.551s] Installing image_pub script to /root/ros2_ws/install/robot_shooter/lib/robot_shooter
[6.581s] Installing image_sub script to /root/ros2_ws/install/robot_shooter/lib/robot_shooter
[6.605s] Installing listener script to /root/ros2_ws/install/robot_shooter/lib/robot_shooter
[6.628s] Installing sender script to /root/ros2_ws/install/robot_shooter/lib/robot_shooter
[6.656s] 
[6.657s] Installed /root/ros2_ws/build/robot_shooter
[6.661s] running symlink_data
[6.984s] creating /root/ros2_ws/install/robot_shooter/share/robot_shooter/model
[7.002s] symbolically linking /root/ros2_ws/build/robot_shooter/model/patok_anoman/model.config -> /root/ros2_ws/install/robot_shooter/share/robot_shooter/model
[7.026s] symbolically linking /root/ros2_ws/build/robot_shooter/model/patok_anoman/model.sdf -> /root/ros2_ws/install/robot_shooter/share/robot_shooter/model
[7.078s] symbolically linking /root/ros2_ws/build/robot_shooter/model/patok_durna/model.config -> /root/ros2_ws/install/robot_shooter/share/robot_shooter/model
[7.106s] error: [Errno 17] File exists: '/root/ros2_ws/build/robot_shooter/model/patok_durna/model.config' -> '/root/ros2_ws/install/robot_shooter/share/robot_shooter/model/model.config'
[7.146s] Invoked command in '/root/ros2_ws/build/robot_shooter' returned '1': PYTHONPATH=/root/ros2_ws/build/robot_shooter/prefix_override:/usr/lib/python3/dist-packages/colcon_core/task/python/colcon_distutils_commands:/root/ros2_ws/install/robot_shooter/lib/python3.10/site-packages:${PYTHONPATH} /usr/bin/python3 -W ignore:setup.py install is deprecated -W ignore:easy_install command is deprecated setup.py develop --editable --build-directory /root/ros2_ws/build/robot_shooter/build --no-deps symlink_data
