[2.581s] Invoking command in '/root/ros2_ws/build/robot_shooter': PYTHONPATH=/root/ros2_ws/build/robot_shooter/prefix_override:/usr/lib/python3/dist-packages/colcon_core/task/python/colcon_distutils_commands:/root/ros2_ws/install/robot_shooter/lib/python3.10/site-packages:${PYTHONPATH} /usr/bin/python3 -W ignore:setup.py install is deprecated -W ignore:easy_install command is deprecated setup.py develop --uninstall --editable --build-directory /root/ros2_ws/build/robot_shooter/build
[3.861s] running develop
[4.292s] Removing /root/ros2_ws/install/robot_shooter/lib/python3.10/site-packages/robot-shooter.egg-link (link to .)
[4.344s] Invoked command in '/root/ros2_ws/build/robot_shooter' returned '0': PYTHONPATH=/root/ros2_ws/build/robot_shooter/prefix_override:/usr/lib/python3/dist-packages/colcon_core/task/python/colcon_distutils_commands:/root/ros2_ws/install/robot_shooter/lib/python3.10/site-packages:${PYTHONPATH} /usr/bin/python3 -W ignore:setup.py install is deprecated -W ignore:easy_install command is deprecated setup.py develop --uninstall --editable --build-directory /root/ros2_ws/build/robot_shooter/build
[4.365s] Invoking command in '/root/ros2_ws/src/robot_shooter': PYTHONPATH=/root/ros2_ws/build/robot_shooter/prefix_override:/usr/lib/python3/dist-packages/colcon_core/task/python/colcon_distutils_commands:/root/ros2_ws/install/robot_shooter/lib/python3.10/site-packages:${PYTHONPATH} /usr/bin/python3 -W ignore:setup.py install is deprecated -W ignore:easy_install command is deprecated setup.py egg_info --egg-base ../../build/robot_shooter build --build-base /root/ros2_ws/build/robot_shooter/build install --record /root/ros2_ws/build/robot_shooter/install.log --single-version-externally-managed install_data --force
[5.495s] running egg_info
[5.503s] writing ../../build/robot_shooter/robot_shooter.egg-info/PKG-INFO
[5.513s] writing dependency_links to ../../build/robot_shooter/robot_shooter.egg-info/dependency_links.txt
[5.522s] writing entry points to ../../build/robot_shooter/robot_shooter.egg-info/entry_points.txt
[5.530s] writing requirements to ../../build/robot_shooter/robot_shooter.egg-info/requires.txt
[5.535s] writing top-level names to ../../build/robot_shooter/robot_shooter.egg-info/top_level.txt
[5.742s] reading manifest file '../../build/robot_shooter/robot_shooter.egg-info/SOURCES.txt'
[5.999s] writing manifest file '../../build/robot_shooter/robot_shooter.egg-info/SOURCES.txt'
[6.004s] running build
[6.006s] running build_py
[6.163s] running install
[6.164s] running install_lib
[6.198s] creating /root/ros2_ws/install/robot_shooter/lib/python3.10/site-packages/robot_shooter
[6.220s] copying /root/ros2_ws/build/robot_shooter/build/lib/robot_shooter/camera_capture.py -> /root/ros2_ws/install/robot_shooter/lib/python3.10/site-packages/robot_shooter
[6.268s] copying /root/ros2_ws/build/robot_shooter/build/lib/robot_shooter/image_pub.py -> /root/ros2_ws/install/robot_shooter/lib/python3.10/site-packages/robot_shooter
[6.315s] copying /root/ros2_ws/build/robot_shooter/build/lib/robot_shooter/image_sub.py -> /root/ros2_ws/install/robot_shooter/lib/python3.10/site-packages/robot_shooter
[6.363s] copying /root/ros2_ws/build/robot_shooter/build/lib/robot_shooter/sift.py -> /root/ros2_ws/install/robot_shooter/lib/python3.10/site-packages/robot_shooter
[6.407s] copying /root/ros2_ws/build/robot_shooter/build/lib/robot_shooter/test_node.py -> /root/ros2_ws/install/robot_shooter/lib/python3.10/site-packages/robot_shooter
[6.452s] copying /root/ros2_ws/build/robot_shooter/build/lib/robot_shooter/test_publish.py -> /root/ros2_ws/install/robot_shooter/lib/python3.10/site-packages/robot_shooter
[6.500s] copying /root/ros2_ws/build/robot_shooter/build/lib/robot_shooter/test_subscribe.py -> /root/ros2_ws/install/robot_shooter/lib/python3.10/site-packages/robot_shooter
[6.545s] copying /root/ros2_ws/build/robot_shooter/build/lib/robot_shooter/__init__.py -> /root/ros2_ws/install/robot_shooter/lib/python3.10/site-packages/robot_shooter
[6.589s] byte-compiling /root/ros2_ws/install/robot_shooter/lib/python3.10/site-packages/robot_shooter/camera_capture.py to camera_capture.cpython-310.pyc
[6.635s] byte-compiling /root/ros2_ws/install/robot_shooter/lib/python3.10/site-packages/robot_shooter/image_pub.py to image_pub.cpython-310.pyc
[6.695s] byte-compiling /root/ros2_ws/install/robot_shooter/lib/python3.10/site-packages/robot_shooter/image_sub.py to image_sub.cpython-310.pyc
[6.743s] byte-compiling /root/ros2_ws/install/robot_shooter/lib/python3.10/site-packages/robot_shooter/sift.py to sift.cpython-310.pyc
[6.797s] byte-compiling /root/ros2_ws/install/robot_shooter/lib/python3.10/site-packages/robot_shooter/test_node.py to test_node.cpython-310.pyc
[6.852s] byte-compiling /root/ros2_ws/install/robot_shooter/lib/python3.10/site-packages/robot_shooter/test_publish.py to test_publish.cpython-310.pyc
[6.906s] byte-compiling /root/ros2_ws/install/robot_shooter/lib/python3.10/site-packages/robot_shooter/test_subscribe.py to test_subscribe.cpython-310.pyc
[6.955s] byte-compiling /root/ros2_ws/install/robot_shooter/lib/python3.10/site-packages/robot_shooter/__init__.py to __init__.cpython-310.pyc
[6.999s] running install_data
[7.009s] copying resource/robot_shooter -> /root/ros2_ws/install/robot_shooter/share/ament_index/resource_index/packages
[7.041s] copying package.xml -> /root/ros2_ws/install/robot_shooter/share/robot_shooter
[7.077s] copying launch/gazebo_cl.launch.py -> /root/ros2_ws/install/robot_shooter/share/robot_shooter/launch
[7.114s] copying launch/gazebo_env.launch.py -> /root/ros2_ws/install/robot_shooter/share/robot_shooter/launch
[7.144s] copying launch/gazebo_ign.launch.py -> /root/ros2_ws/install/robot_shooter/share/robot_shooter/launch
[7.177s] copying launch/spawn_target.launch.py -> /root/ros2_ws/install/robot_shooter/share/robot_shooter/launch
[7.211s] copying launch/spawn_turret.launch.py -> /root/ros2_ws/install/robot_shooter/share/robot_shooter/launch
[7.245s] copying urdf/shooter_robot.urdf.xacro -> /root/ros2_ws/install/robot_shooter/share/robot_shooter/urdf
[7.287s] copying urdf/turret.urdf.xacro -> /root/ros2_ws/install/robot_shooter/share/robot_shooter/urdf
[7.324s] copying worlds/shooter_world.world -> /root/ros2_ws/install/robot_shooter/share/robot_shooter/worlds
[7.363s] copying model/patok_anoman/model.config -> /root/ros2_ws/install/robot_shooter/share/robot_shooter/model
[7.400s] copying model/patok_anoman/model.sdf -> /root/ros2_ws/install/robot_shooter/share/robot_shooter/model
[7.438s] copying model/patok_durna/model.config -> /root/ros2_ws/install/robot_shooter/share/robot_shooter/model
[7.476s] copying model/patok_durna/model.sdf -> /root/ros2_ws/install/robot_shooter/share/robot_shooter/model
[7.508s] copying model/patok_petruk/model.config -> /root/ros2_ws/install/robot_shooter/share/robot_shooter/model
[7.537s] copying model/patok_petruk/model.sdf -> /root/ros2_ws/install/robot_shooter/share/robot_shooter/model
[7.577s] copying model/patok_wayang1/model.config -> /root/ros2_ws/install/robot_shooter/share/robot_shooter/model
[7.608s] copying model/patok_wayang1/model.sdf -> /root/ros2_ws/install/robot_shooter/share/robot_shooter/model
[7.639s] copying model/patok_wayang2/model.config -> /root/ros2_ws/install/robot_shooter/share/robot_shooter/model
[7.674s] copying model/patok_wayang2/model.sdf -> /root/ros2_ws/install/robot_shooter/share/robot_shooter/model
[7.727s] copying model/patok_wayang2/patok_wayang_2/model.config -> /root/ros2_ws/install/robot_shooter/share/robot_shooter/model
[7.762s] copying model/patok_wayang2/patok_wayang_2/model.sdf -> /root/ros2_ws/install/robot_shooter/share/robot_shooter/model
[7.817s] copying model/patok_wayang_3/model.config -> /root/ros2_ws/install/robot_shooter/share/robot_shooter/model
[7.849s] copying model/patok_wayang_3/model.sdf -> /root/ros2_ws/install/robot_shooter/share/robot_shooter/model
[7.886s] copying rviz/rviz.rviz -> /root/ros2_ws/install/robot_shooter/share/robot_shooter/rviz
[7.920s] copying rviz/turret_config.rviz -> /root/ros2_ws/install/robot_shooter/share/robot_shooter/rviz
[7.956s] copying meshes/ANOMAN.dae -> /root/ros2_ws/install/robot_shooter/share/robot_shooter/meshes
[7.993s] copying meshes/anoman001a.jpg.002.jpg -> /root/ros2_ws/install/robot_shooter/share/robot_shooter/meshes
[8.029s] copying meshes/barrel.stl -> /root/ros2_ws/install/robot_shooter/share/robot_shooter/meshes
[8.060s] copying meshes/barrel2.stl -> /root/ros2_ws/install/robot_shooter/share/robot_shooter/meshes
[8.100s] copying meshes/burisrawa.jpg -> /root/ros2_ws/install/robot_shooter/share/robot_shooter/meshes
[8.145s] copying meshes/DURNA.dae -> /root/ros2_ws/install/robot_shooter/share/robot_shooter/meshes
[8.187s] copying meshes/durna.jpg -> /root/ros2_ws/install/robot_shooter/share/robot_shooter/meshes
[8.234s] copying meshes/patok_wayang2_durna.dae -> /root/ros2_ws/install/robot_shooter/share/robot_shooter/meshes
[8.278s] copying meshes/PETRUK.dae -> /root/ros2_ws/install/robot_shooter/share/robot_shooter/meshes
[8.316s] copying meshes/petruk.jpg -> /root/ros2_ws/install/robot_shooter/share/robot_shooter/meshes
[8.349s] copying meshes/robot.stl -> /root/ros2_ws/install/robot_shooter/share/robot_shooter/meshes
[8.386s] copying meshes/sengkuni 450x620.png -> /root/ros2_ws/install/robot_shooter/share/robot_shooter/meshes
[8.432s] copying meshes/target_wayang.dae -> /root/ros2_ws/install/robot_shooter/share/robot_shooter/meshes
[8.471s] copying config/shooter_controllers.yaml -> /root/ros2_ws/install/robot_shooter/share/robot_shooter/config
[8.498s] running install_egg_info
[8.521s] Copying ../../build/robot_shooter/robot_shooter.egg-info to /root/ros2_ws/install/robot_shooter/lib/python3.10/site-packages/robot_shooter-0.0.0-py3.10.egg-info
[8.869s] running install_scripts
[8.978s] Installing camera_capture script to /root/ros2_ws/install/robot_shooter/lib/robot_shooter
[8.993s] Installing first_node script to /root/ros2_ws/install/robot_shooter/lib/robot_shooter
[9.006s] Installing image_pub script to /root/ros2_ws/install/robot_shooter/lib/robot_shooter
[9.021s] Installing image_sub script to /root/ros2_ws/install/robot_shooter/lib/robot_shooter
[9.036s] Installing listener script to /root/ros2_ws/install/robot_shooter/lib/robot_shooter
[9.052s] Installing sender script to /root/ros2_ws/install/robot_shooter/lib/robot_shooter
[9.073s] writing list of installed files to '/root/ros2_ws/build/robot_shooter/install.log'
[9.114s] Invoked command in '/root/ros2_ws/src/robot_shooter' returned '0': PYTHONPATH=/root/ros2_ws/build/robot_shooter/prefix_override:/usr/lib/python3/dist-packages/colcon_core/task/python/colcon_distutils_commands:/root/ros2_ws/install/robot_shooter/lib/python3.10/site-packages:${PYTHONPATH} /usr/bin/python3 -W ignore:setup.py install is deprecated -W ignore:easy_install command is deprecated setup.py egg_info --egg-base ../../build/robot_shooter build --build-base /root/ros2_ws/build/robot_shooter/build install --record /root/ros2_ws/build/robot_shooter/install.log --single-version-externally-managed install_data --force
