[6.717s] Invoking command in '/root/ros2_ws/src/robot_shooter': PYTHONPATH=/root/ros2_ws/build/robot_shooter/prefix_override:/usr/lib/python3/dist-packages/colcon_core/task/python/colcon_distutils_commands:/root/ros2_ws/install/robot_shooter/lib/python3.10/site-packages:${PYTHONPATH} /usr/bin/python3 -W ignore:setup.py install is deprecated -W ignore:easy_install command is deprecated setup.py egg_info --egg-base ../../build/robot_shooter build --build-base /root/ros2_ws/build/robot_shooter/build install --record /root/ros2_ws/build/robot_shooter/install.log --single-version-externally-managed install_data
[9.212s] running egg_info
[9.231s] writing ../../build/robot_shooter/robot_shooter.egg-info/PKG-INFO
[9.254s] writing dependency_links to ../../build/robot_shooter/robot_shooter.egg-info/dependency_links.txt
[9.272s] writing entry points to ../../build/robot_shooter/robot_shooter.egg-info/entry_points.txt
[9.284s] writing requirements to ../../build/robot_shooter/robot_shooter.egg-info/requires.txt
[9.292s] writing top-level names to ../../build/robot_shooter/robot_shooter.egg-info/top_level.txt
[9.564s] reading manifest file '../../build/robot_shooter/robot_shooter.egg-info/SOURCES.txt'
[10.145s] writing manifest file '../../build/robot_shooter/robot_shooter.egg-info/SOURCES.txt'
[10.152s] running build
[10.155s] running build_py
[10.271s] copying robot_shooter/image_sub.py -> /root/ros2_ws/build/robot_shooter/build/lib/robot_shooter
[10.568s] running install
[10.570s] running install_lib
[10.762s] copying /root/ros2_ws/build/robot_shooter/build/lib/robot_shooter/image_sub.py -> /root/ros2_ws/install/robot_shooter/lib/python3.10/site-packages/robot_shooter
[11.264s] byte-compiling /root/ros2_ws/install/robot_shooter/lib/python3.10/site-packages/robot_shooter/image_sub.py to image_sub.cpython-310.pyc
[11.579s] running install_data
[12.391s] running install_egg_info
[12.433s] removing '/root/ros2_ws/install/robot_shooter/lib/python3.10/site-packages/robot_shooter-0.0.0-py3.10.egg-info' (and everything under it)
[12.647s] Copying ../../build/robot_shooter/robot_shooter.egg-info to /root/ros2_ws/install/robot_shooter/lib/python3.10/site-packages/robot_shooter-0.0.0-py3.10.egg-info
[13.255s] running install_scripts
[13.483s] Installing camera_capture script to /root/ros2_ws/install/robot_shooter/lib/robot_shooter
[13.510s] Installing first_node script to /root/ros2_ws/install/robot_shooter/lib/robot_shooter
[13.537s] Installing image_pub script to /root/ros2_ws/install/robot_shooter/lib/robot_shooter
[13.578s] Installing image_sub script to /root/ros2_ws/install/robot_shooter/lib/robot_shooter
[13.615s] Installing listener script to /root/ros2_ws/install/robot_shooter/lib/robot_shooter
[13.644s] Installing sender script to /root/ros2_ws/install/robot_shooter/lib/robot_shooter
[13.672s] Installing target_deleter script to /root/ros2_ws/install/robot_shooter/lib/robot_shooter
[13.701s] writing list of installed files to '/root/ros2_ws/build/robot_shooter/install.log'
[13.797s] Invoked command in '/root/ros2_ws/src/robot_shooter' returned '0': PYTHONPATH=/root/ros2_ws/build/robot_shooter/prefix_override:/usr/lib/python3/dist-packages/colcon_core/task/python/colcon_distutils_commands:/root/ros2_ws/install/robot_shooter/lib/python3.10/site-packages:${PYTHONPATH} /usr/bin/python3 -W ignore:setup.py install is deprecated -W ignore:easy_install command is deprecated setup.py egg_info --egg-base ../../build/robot_shooter build --build-base /root/ros2_ws/build/robot_shooter/build install --record /root/ros2_ws/build/robot_shooter/install.log --single-version-externally-managed install_data
