[2.821s] Invoking command in '/root/ros2_ws/src/robot_shooter': PYTHONPATH=/root/ros2_ws/build/robot_shooter/prefix_override:/usr/lib/python3/dist-packages/colcon_core/task/python/colcon_distutils_commands:/root/ros2_ws/install/robot_shooter/lib/python3.10/site-packages:${PYTHONPATH} /usr/bin/python3 -W ignore:setup.py install is deprecated -W ignore:easy_install command is deprecated setup.py egg_info --egg-base ../../build/robot_shooter build --build-base /root/ros2_ws/build/robot_shooter/build install --record /root/ros2_ws/build/robot_shooter/install.log --single-version-externally-managed install_data
[3.951s] running egg_info
[3.959s] writing ../../build/robot_shooter/robot_shooter.egg-info/PKG-INFO
[3.976s] writing dependency_links to ../../build/robot_shooter/robot_shooter.egg-info/dependency_links.txt
[3.987s] writing entry points to ../../build/robot_shooter/robot_shooter.egg-info/entry_points.txt
[3.994s] writing requirements to ../../build/robot_shooter/robot_shooter.egg-info/requires.txt
[3.999s] writing top-level names to ../../build/robot_shooter/robot_shooter.egg-info/top_level.txt
[4.126s] reading manifest file '../../build/robot_shooter/robot_shooter.egg-info/SOURCES.txt'
[4.298s] writing manifest file '../../build/robot_shooter/robot_shooter.egg-info/SOURCES.txt'
[4.302s] running build
[4.303s] running build_py
[4.344s] copying robot_shooter/image_sub.py -> /root/ros2_ws/build/robot_shooter/build/lib/robot_shooter
[4.384s] copying robot_shooter/sift.py -> /root/ros2_ws/build/robot_shooter/build/lib/robot_shooter
[4.487s] running install
[4.488s] running install_lib
[4.569s] copying /root/ros2_ws/build/robot_shooter/build/lib/robot_shooter/image_sub.py -> /root/ros2_ws/install/robot_shooter/lib/python3.10/site-packages/robot_shooter
[4.627s] copying /root/ros2_ws/build/robot_shooter/build/lib/robot_shooter/sift.py -> /root/ros2_ws/install/robot_shooter/lib/python3.10/site-packages/robot_shooter
[4.819s] byte-compiling /root/ros2_ws/install/robot_shooter/lib/python3.10/site-packages/robot_shooter/image_sub.py to image_sub.cpython-310.pyc
[4.893s] byte-compiling /root/ros2_ws/install/robot_shooter/lib/python3.10/site-packages/robot_shooter/sift.py to sift.cpython-310.pyc
[5.024s] running install_data
[5.338s] running install_egg_info
[5.355s] removing '/root/ros2_ws/install/robot_shooter/lib/python3.10/site-packages/robot_shooter-0.0.0-py3.10.egg-info' (and everything under it)
[5.434s] Copying ../../build/robot_shooter/robot_shooter.egg-info to /root/ros2_ws/install/robot_shooter/lib/python3.10/site-packages/robot_shooter-0.0.0-py3.10.egg-info
[5.770s] running install_scripts
[5.871s] Installing first_node script to /root/ros2_ws/install/robot_shooter/lib/robot_shooter
[5.885s] Installing image_pub script to /root/ros2_ws/install/robot_shooter/lib/robot_shooter
[5.902s] Installing image_sub script to /root/ros2_ws/install/robot_shooter/lib/robot_shooter
[5.916s] Installing listener script to /root/ros2_ws/install/robot_shooter/lib/robot_shooter
[5.929s] Installing sender script to /root/ros2_ws/install/robot_shooter/lib/robot_shooter
[5.947s] writing list of installed files to '/root/ros2_ws/build/robot_shooter/install.log'
[5.993s] Invoked command in '/root/ros2_ws/src/robot_shooter' returned '0': PYTHONPATH=/root/ros2_ws/build/robot_shooter/prefix_override:/usr/lib/python3/dist-packages/colcon_core/task/python/colcon_distutils_commands:/root/ros2_ws/install/robot_shooter/lib/python3.10/site-packages:${PYTHONPATH} /usr/bin/python3 -W ignore:setup.py install is deprecated -W ignore:easy_install command is deprecated setup.py egg_info --egg-base ../../build/robot_shooter build --build-base /root/ros2_ws/build/robot_shooter/build install --record /root/ros2_ws/build/robot_shooter/install.log --single-version-externally-managed install_data
