[1.386s] DEBUG:colcon:Command line arguments: ['/usr/bin/colcon', 'build']
[1.387s] DEBUG:colcon:Parsed command line arguments: Namespace(log_base=None, log_level=None, verb_name='build', build_base='build', install_base='install', merge_install=False, symlink_install=False, test_result_base=None, continue_on_error=False, executor='parallel', parallel_workers=12, event_handlers=None, ignore_user_meta=False, metas=['./colcon.meta'], base_paths=['.'], packages_ignore=None, packages_ignore_regex=None, paths=None, packages_up_to=None, packages_up_to_regex=None, packages_above=None, packages_above_and_dependencies=None, packages_above_depth=None, packages_select_by_dep=None, packages_skip_by_dep=None, packages_skip_up_to=None, packages_select_build_failed=False, packages_skip_build_finished=False, packages_select_test_failures=False, packages_skip_test_passed=False, packages_select=None, packages_skip=None, packages_select_regex=None, packages_skip_regex=None, packages_start=None, packages_end=None, cmake_args=None, cmake_target=None, cmake_target_skip_unavailable=False, cmake_clean_cache=False, cmake_clean_first=False, cmake_force_configure=False, ament_cmake_args=None, catkin_cmake_args=None, catkin_skip_building_tests=False, mixin_files=None, mixin=None, verb_parser=<colcon_mixin.mixin.mixin_argument.MixinArgumentDecorator object at 0x7fb70b5a42b0>, verb_extension=<colcon_core.verb.build.BuildVerb object at 0x7fb70b73c6d0>, main=<bound method BuildVerb.main of <colcon_core.verb.build.BuildVerb object at 0x7fb70b73c6d0>>, mixin_verb=('build',))
[2.167s] Level 1:colcon.colcon_core.package_discovery:discover_packages(colcon_meta) check parameters
[2.170s] INFO:colcon.colcon_metadata.package_discovery.colcon_meta:Using configuration from '/root/.colcon/metadata/default/Gazebo.meta'
[2.172s] INFO:colcon.colcon_metadata.package_discovery.colcon_meta:Using configuration from '/root/.colcon/metadata/default/fastrtps.meta'
[2.173s] Level 1:colcon.colcon_core.package_discovery:discover_packages(recursive) check parameters
[2.174s] Level 1:colcon.colcon_core.package_discovery:discover_packages(ignore) check parameters
[2.175s] Level 1:colcon.colcon_core.package_discovery:discover_packages(path) check parameters
[2.175s] Level 1:colcon.colcon_core.package_discovery:discover_packages(colcon_meta) discover
[2.176s] Level 1:colcon.colcon_core.package_discovery:discover_packages(recursive) discover
[2.177s] INFO:colcon.colcon_core.package_discovery:Crawling recursively for packages in '/root/ros2_ws'
[2.190s] Level 1:colcon.colcon_core.package_identification:_identify(.) by extensions ['ignore', 'ignore_ament_install']
[2.191s] Level 1:colcon.colcon_core.package_identification:_identify(.) by extension 'ignore'
[2.192s] Level 1:colcon.colcon_core.package_identification:_identify(.) by extension 'ignore_ament_install'
[2.194s] Level 1:colcon.colcon_core.package_identification:_identify(.) by extensions ['colcon_pkg']
[2.194s] Level 1:colcon.colcon_core.package_identification:_identify(.) by extension 'colcon_pkg'
[2.197s] Level 1:colcon.colcon_core.package_identification:_identify(.) by extensions ['colcon_meta']
[2.198s] Level 1:colcon.colcon_core.package_identification:_identify(.) by extension 'colcon_meta'
[2.200s] Level 1:colcon.colcon_core.package_identification:_identify(.) by extensions ['ros']
[2.202s] Level 1:colcon.colcon_core.package_identification:_identify(.) by extension 'ros'
[2.260s] Level 1:colcon.colcon_core.package_identification:_identify(.) by extensions ['cmake', 'python']
[2.262s] Level 1:colcon.colcon_core.package_identification:_identify(.) by extension 'cmake'
[2.263s] Level 1:colcon.colcon_core.package_identification:_identify(.) by extension 'python'
[2.266s] Level 1:colcon.colcon_core.package_identification:_identify(.) by extensions ['python_setup_py']
[2.267s] Level 1:colcon.colcon_core.package_identification:_identify(.) by extension 'python_setup_py'
[2.288s] Level 1:colcon.colcon_core.package_identification:_identify(build) by extensions ['ignore', 'ignore_ament_install']
[2.289s] Level 1:colcon.colcon_core.package_identification:_identify(build) by extension 'ignore'
[2.297s] Level 1:colcon.colcon_core.package_identification:_identify(build) ignored
[2.308s] Level 1:colcon.colcon_core.package_identification:_identify(install) by extensions ['ignore', 'ignore_ament_install']
[2.309s] Level 1:colcon.colcon_core.package_identification:_identify(install) by extension 'ignore'
[2.316s] Level 1:colcon.colcon_core.package_identification:_identify(install) ignored
[2.326s] Level 1:colcon.colcon_core.package_identification:_identify(log) by extensions ['ignore', 'ignore_ament_install']
[2.327s] Level 1:colcon.colcon_core.package_identification:_identify(log) by extension 'ignore'
[2.328s] Level 1:colcon.colcon_core.package_identification:_identify(log) ignored
[2.334s] Level 1:colcon.colcon_core.package_identification:_identify(src) by extensions ['ignore', 'ignore_ament_install']
[2.335s] Level 1:colcon.colcon_core.package_identification:_identify(src) by extension 'ignore'
[2.338s] Level 1:colcon.colcon_core.package_identification:_identify(src) by extension 'ignore_ament_install'
[2.345s] Level 1:colcon.colcon_core.package_identification:_identify(src) by extensions ['colcon_pkg']
[2.346s] Level 1:colcon.colcon_core.package_identification:_identify(src) by extension 'colcon_pkg'
[2.348s] Level 1:colcon.colcon_core.package_identification:_identify(src) by extensions ['colcon_meta']
[2.350s] Level 1:colcon.colcon_core.package_identification:_identify(src) by extension 'colcon_meta'
[2.356s] Level 1:colcon.colcon_core.package_identification:_identify(src) by extensions ['ros']
[2.357s] Level 1:colcon.colcon_core.package_identification:_identify(src) by extension 'ros'
[2.398s] Level 1:colcon.colcon_core.package_identification:_identify(src) by extensions ['cmake', 'python']
[2.399s] Level 1:colcon.colcon_core.package_identification:_identify(src) by extension 'cmake'
[2.402s] Level 1:colcon.colcon_core.package_identification:_identify(src) by extension 'python'
[2.404s] Level 1:colcon.colcon_core.package_identification:_identify(src) by extensions ['python_setup_py']
[2.405s] Level 1:colcon.colcon_core.package_identification:_identify(src) by extension 'python_setup_py'
[2.417s] Level 1:colcon.colcon_core.package_identification:_identify(src/robot_shooter) by extensions ['ignore', 'ignore_ament_install']
[2.418s] Level 1:colcon.colcon_core.package_identification:_identify(src/robot_shooter) by extension 'ignore'
[2.421s] Level 1:colcon.colcon_core.package_identification:_identify(src/robot_shooter) by extension 'ignore_ament_install'
[2.428s] Level 1:colcon.colcon_core.package_identification:_identify(src/robot_shooter) by extensions ['colcon_pkg']
[2.429s] Level 1:colcon.colcon_core.package_identification:_identify(src/robot_shooter) by extension 'colcon_pkg'
[2.435s] Level 1:colcon.colcon_core.package_identification:_identify(src/robot_shooter) by extensions ['colcon_meta']
[2.436s] Level 1:colcon.colcon_core.package_identification:_identify(src/robot_shooter) by extension 'colcon_meta'
[2.442s] Level 1:colcon.colcon_core.package_identification:_identify(src/robot_shooter) by extensions ['ros']
[2.443s] Level 1:colcon.colcon_core.package_identification:_identify(src/robot_shooter) by extension 'ros'
[2.486s] DEBUG:colcon.colcon_core.package_identification:Package 'src/robot_shooter' with type 'ros.ament_python' and name 'robot_shooter'
[2.487s] Level 1:colcon.colcon_core.package_discovery:discover_packages(recursive) using defaults
[2.487s] Level 1:colcon.colcon_core.package_discovery:discover_packages(ignore) discover
[2.488s] Level 1:colcon.colcon_core.package_discovery:discover_packages(ignore) using defaults
[2.489s] Level 1:colcon.colcon_core.package_discovery:discover_packages(path) discover
[2.489s] Level 1:colcon.colcon_core.package_discovery:discover_packages(path) using defaults
[2.734s] Level 5:colcon.colcon_core.verb:set package 'robot_shooter' build argument 'cmake_args' from command line to 'None'
[2.735s] Level 5:colcon.colcon_core.verb:set package 'robot_shooter' build argument 'cmake_target' from command line to 'None'
[2.735s] Level 5:colcon.colcon_core.verb:set package 'robot_shooter' build argument 'cmake_target_skip_unavailable' from command line to 'False'
[2.736s] Level 5:colcon.colcon_core.verb:set package 'robot_shooter' build argument 'cmake_clean_cache' from command line to 'False'
[2.736s] Level 5:colcon.colcon_core.verb:set package 'robot_shooter' build argument 'cmake_clean_first' from command line to 'False'
[2.736s] Level 5:colcon.colcon_core.verb:set package 'robot_shooter' build argument 'cmake_force_configure' from command line to 'False'
[2.737s] Level 5:colcon.colcon_core.verb:set package 'robot_shooter' build argument 'ament_cmake_args' from command line to 'None'
[2.737s] Level 5:colcon.colcon_core.verb:set package 'robot_shooter' build argument 'catkin_cmake_args' from command line to 'None'
[2.737s] Level 5:colcon.colcon_core.verb:set package 'robot_shooter' build argument 'catkin_skip_building_tests' from command line to 'False'
[2.738s] DEBUG:colcon.colcon_core.verb:Building package 'robot_shooter' with the following arguments: {'ament_cmake_args': None, 'build_base': '/root/ros2_ws/build/robot_shooter', 'catkin_cmake_args': None, 'catkin_skip_building_tests': False, 'cmake_args': None, 'cmake_clean_cache': False, 'cmake_clean_first': False, 'cmake_force_configure': False, 'cmake_target': None, 'cmake_target_skip_unavailable': False, 'install_base': '/root/ros2_ws/install/robot_shooter', 'merge_install': False, 'path': '/root/ros2_ws/src/robot_shooter', 'symlink_install': False, 'test_result_base': None}
[2.739s] INFO:colcon.colcon_core.executor:Executing jobs using 'parallel' executor
[2.741s] DEBUG:colcon.colcon_parallel_executor.executor.parallel:run_until_complete
[2.742s] INFO:colcon.colcon_ros.task.ament_python.build:Building ROS package in '/root/ros2_ws/src/robot_shooter' with build type 'ament_python'
[2.743s] Level 1:colcon.colcon_core.shell:create_environment_hook('robot_shooter', 'ament_prefix_path')
[2.776s] INFO:colcon.colcon_core.plugin_system:Skipping extension 'colcon_core.shell.bat': Not used on non-Windows systems
[2.777s] INFO:colcon.colcon_core.shell:Creating environment hook '/root/ros2_ws/install/robot_shooter/share/robot_shooter/hook/ament_prefix_path.ps1'
[2.826s] INFO:colcon.colcon_core.shell:Creating environment descriptor '/root/ros2_ws/install/robot_shooter/share/robot_shooter/hook/ament_prefix_path.dsv'
[2.898s] INFO:colcon.colcon_core.shell:Creating environment hook '/root/ros2_ws/install/robot_shooter/share/robot_shooter/hook/ament_prefix_path.sh'
[2.964s] INFO:colcon.colcon_core.shell:Skip shell extension 'powershell' for command environment: Not usable outside of PowerShell
[2.973s] DEBUG:colcon.colcon_core.shell:Skip shell extension 'dsv' for command environment
[5.674s] INFO:colcon.colcon_core.task.python.build:Building Python package in '/root/ros2_ws/src/robot_shooter'
[5.675s] INFO:colcon.colcon_core.shell:Skip shell extension 'powershell' for command environment: Not usable outside of PowerShell
[5.675s] DEBUG:colcon.colcon_core.shell:Skip shell extension 'dsv' for command environment
[9.918s] DEBUG:colcon.colcon_core.event_handler.log_command:Invoking command in '/root/ros2_ws/src/robot_shooter': PYTHONPATH=/root/ros2_ws/build/robot_shooter/prefix_override:/usr/lib/python3/dist-packages/colcon_core/task/python/colcon_distutils_commands:/root/ros2_ws/install/robot_shooter/lib/python3.10/site-packages:${PYTHONPATH} /usr/bin/python3 -W ignore:setup.py install is deprecated -W ignore:easy_install command is deprecated setup.py egg_info --egg-base ../../build/robot_shooter build --build-base /root/ros2_ws/build/robot_shooter/build install --record /root/ros2_ws/build/robot_shooter/install.log --single-version-externally-managed install_data
[17.615s] DEBUG:colcon.colcon_core.event_handler.log_command:Invoked command in '/root/ros2_ws/src/robot_shooter' returned '0': PYTHONPATH=/root/ros2_ws/build/robot_shooter/prefix_override:/usr/lib/python3/dist-packages/colcon_core/task/python/colcon_distutils_commands:/root/ros2_ws/install/robot_shooter/lib/python3.10/site-packages:${PYTHONPATH} /usr/bin/python3 -W ignore:setup.py install is deprecated -W ignore:easy_install command is deprecated setup.py egg_info --egg-base ../../build/robot_shooter build --build-base /root/ros2_ws/build/robot_shooter/build install --record /root/ros2_ws/build/robot_shooter/install.log --single-version-externally-managed install_data
[17.631s] Level 1:colcon.colcon_core.environment:checking '/root/ros2_ws/install/robot_shooter' for CMake module files
[17.894s] Level 1:colcon.colcon_core.environment:checking '/root/ros2_ws/install/robot_shooter' for CMake config files
[18.341s] Level 1:colcon.colcon_core.environment:checking '/root/ros2_ws/install/robot_shooter/lib'
[18.353s] Level 1:colcon.colcon_core.environment:checking '/root/ros2_ws/install/robot_shooter/bin'
[18.357s] Level 1:colcon.colcon_core.environment:checking '/root/ros2_ws/install/robot_shooter/lib/pkgconfig/robot_shooter.pc'
[18.364s] Level 1:colcon.colcon_core.environment:checking '/root/ros2_ws/install/robot_shooter/lib/python3.10/site-packages'
[18.370s] Level 1:colcon.colcon_core.shell:create_environment_hook('robot_shooter', 'pythonpath')
[18.371s] INFO:colcon.colcon_core.shell:Creating environment hook '/root/ros2_ws/install/robot_shooter/share/robot_shooter/hook/pythonpath.ps1'
[18.429s] INFO:colcon.colcon_core.shell:Creating environment descriptor '/root/ros2_ws/install/robot_shooter/share/robot_shooter/hook/pythonpath.dsv'
[18.486s] INFO:colcon.colcon_core.shell:Creating environment hook '/root/ros2_ws/install/robot_shooter/share/robot_shooter/hook/pythonpath.sh'
[18.517s] Level 1:colcon.colcon_core.environment:checking '/root/ros2_ws/install/robot_shooter/bin'
[18.522s] Level 1:colcon.colcon_core.environment:create_environment_scripts_only(robot_shooter)
[18.524s] INFO:colcon.colcon_core.shell:Creating package script '/root/ros2_ws/install/robot_shooter/share/robot_shooter/package.ps1'
[18.616s] INFO:colcon.colcon_core.shell:Creating package descriptor '/root/ros2_ws/install/robot_shooter/share/robot_shooter/package.dsv'
[18.654s] INFO:colcon.colcon_core.shell:Creating package script '/root/ros2_ws/install/robot_shooter/share/robot_shooter/package.sh'
[18.689s] INFO:colcon.colcon_core.shell:Creating package script '/root/ros2_ws/install/robot_shooter/share/robot_shooter/package.bash'
[18.741s] INFO:colcon.colcon_core.shell:Creating package script '/root/ros2_ws/install/robot_shooter/share/robot_shooter/package.zsh'
[18.807s] Level 1:colcon.colcon_core.environment:create_file_with_runtime_dependencies(/root/ros2_ws/install/robot_shooter/share/colcon-core/packages/robot_shooter)
[18.833s] DEBUG:colcon.colcon_parallel_executor.executor.parallel:closing loop
[18.834s] DEBUG:colcon.colcon_parallel_executor.executor.parallel:loop closed
[18.835s] DEBUG:colcon.colcon_parallel_executor.executor.parallel:run_until_complete finished with '0'
[18.836s] DEBUG:colcon.colcon_core.event_reactor:joining thread
[18.959s] INFO:colcon.colcon_core.plugin_system:Skipping extension 'colcon_notification.desktop_notification.notify_send': Could not find 'notify-send'
[18.961s] INFO:colcon.colcon_core.plugin_system:Skipping extension 'colcon_notification.desktop_notification.terminal_notifier': Not used on non-Darwin systems
[18.962s] INFO:colcon.colcon_core.plugin_system:Skipping extension 'colcon_notification.desktop_notification.win32': Not used on non-Windows systems
[18.962s] INFO:colcon.colcon_notification.desktop_notification:Sending desktop notification using 'notify2'
[18.968s] DEBUG:colcon.colcon_notification.desktop_notification.notify2:Failed to initialize notify2: org.freedesktop.DBus.Error.Spawn.ExecFailed: /usr/bin/dbus-launch terminated abnormally without any error message
[18.969s] DEBUG:colcon.colcon_core.event_reactor:joined thread
[18.971s] INFO:colcon.colcon_core.shell:Creating prefix script '/root/ros2_ws/install/local_setup.ps1'
[18.985s] INFO:colcon.colcon_core.shell:Creating prefix util module '/root/ros2_ws/install/_local_setup_util_ps1.py'
[19.032s] INFO:colcon.colcon_core.shell:Creating prefix chain script '/root/ros2_ws/install/setup.ps1'
[19.105s] INFO:colcon.colcon_core.shell:Creating prefix script '/root/ros2_ws/install/local_setup.sh'
[19.122s] INFO:colcon.colcon_core.shell:Creating prefix util module '/root/ros2_ws/install/_local_setup_util_sh.py'
[19.144s] INFO:colcon.colcon_core.shell:Creating prefix chain script '/root/ros2_ws/install/setup.sh'
[19.197s] INFO:colcon.colcon_core.shell:Creating prefix script '/root/ros2_ws/install/local_setup.bash'
[19.235s] INFO:colcon.colcon_core.shell:Creating prefix chain script '/root/ros2_ws/install/setup.bash'
[19.277s] INFO:colcon.colcon_core.shell:Creating prefix script '/root/ros2_ws/install/local_setup.zsh'
[19.293s] INFO:colcon.colcon_core.shell:Creating prefix chain script '/root/ros2_ws/install/setup.zsh'
