[2.300s] Invoking command in '/root/ros2_ws/src/robot_shooter': PYTHONPATH=/root/ros2_ws/build/robot_shooter/prefix_override:/usr/lib/python3/dist-packages/colcon_core/task/python/colcon_distutils_commands:/root/ros2_ws/install/robot_shooter/lib/python3.10/site-packages:${PYTHONPATH} /usr/bin/python3 -W ignore:setup.py install is deprecated -W ignore:easy_install command is deprecated setup.py egg_info --egg-base ../../build/robot_shooter build --build-base /root/ros2_ws/build/robot_shooter/build install --record /root/ros2_ws/build/robot_shooter/install.log --single-version-externally-managed install_data
[3.399s] running egg_info
[3.406s] creating ../../build/robot_shooter/robot_shooter.egg-info
[3.411s] writing ../../build/robot_shooter/robot_shooter.egg-info/PKG-INFO
[3.426s] writing dependency_links to ../../build/robot_shooter/robot_shooter.egg-info/dependency_links.txt
[3.443s] writing entry points to ../../build/robot_shooter/robot_shooter.egg-info/entry_points.txt
[3.452s] writing requirements to ../../build/robot_shooter/robot_shooter.egg-info/requires.txt
[3.457s] writing top-level names to ../../build/robot_shooter/robot_shooter.egg-info/top_level.txt
[3.467s] writing manifest file '../../build/robot_shooter/robot_shooter.egg-info/SOURCES.txt'
[3.562s] reading manifest file '../../build/robot_shooter/robot_shooter.egg-info/SOURCES.txt'
[3.670s] writing manifest file '../../build/robot_shooter/robot_shooter.egg-info/SOURCES.txt'
[3.675s] running build
[3.676s] running build_py
[3.682s] creating /root/ros2_ws/build/robot_shooter/build
[3.685s] creating /root/ros2_ws/build/robot_shooter/build/lib
[3.688s] creating /root/ros2_ws/build/robot_shooter/build/lib/robot_shooter
[3.702s] copying robot_shooter/image_pub.py -> /root/ros2_ws/build/robot_shooter/build/lib/robot_shooter
[3.732s] copying robot_shooter/image_sub.py -> /root/ros2_ws/build/robot_shooter/build/lib/robot_shooter
[3.767s] copying robot_shooter/sift.py -> /root/ros2_ws/build/robot_shooter/build/lib/robot_shooter
[3.802s] copying robot_shooter/test_node.py -> /root/ros2_ws/build/robot_shooter/build/lib/robot_shooter
[3.836s] copying robot_shooter/test_publish.py -> /root/ros2_ws/build/robot_shooter/build/lib/robot_shooter
[3.871s] copying robot_shooter/test_subscribe.py -> /root/ros2_ws/build/robot_shooter/build/lib/robot_shooter
[3.902s] copying robot_shooter/__init__.py -> /root/ros2_ws/build/robot_shooter/build/lib/robot_shooter
[3.920s] running install
[3.921s] running install_lib
[3.954s] creating /root/ros2_ws/install/robot_shooter/lib/python3.10/site-packages/robot_shooter
[3.979s] copying /root/ros2_ws/build/robot_shooter/build/lib/robot_shooter/image_pub.py -> /root/ros2_ws/install/robot_shooter/lib/python3.10/site-packages/robot_shooter
[4.028s] copying /root/ros2_ws/build/robot_shooter/build/lib/robot_shooter/image_sub.py -> /root/ros2_ws/install/robot_shooter/lib/python3.10/site-packages/robot_shooter
[4.081s] copying /root/ros2_ws/build/robot_shooter/build/lib/robot_shooter/sift.py -> /root/ros2_ws/install/robot_shooter/lib/python3.10/site-packages/robot_shooter
[4.142s] copying /root/ros2_ws/build/robot_shooter/build/lib/robot_shooter/test_node.py -> /root/ros2_ws/install/robot_shooter/lib/python3.10/site-packages/robot_shooter
[4.193s] copying /root/ros2_ws/build/robot_shooter/build/lib/robot_shooter/test_publish.py -> /root/ros2_ws/install/robot_shooter/lib/python3.10/site-packages/robot_shooter
[4.244s] copying /root/ros2_ws/build/robot_shooter/build/lib/robot_shooter/test_subscribe.py -> /root/ros2_ws/install/robot_shooter/lib/python3.10/site-packages/robot_shooter
[4.293s] copying /root/ros2_ws/build/robot_shooter/build/lib/robot_shooter/__init__.py -> /root/ros2_ws/install/robot_shooter/lib/python3.10/site-packages/robot_shooter
[4.340s] byte-compiling /root/ros2_ws/install/robot_shooter/lib/python3.10/site-packages/robot_shooter/image_pub.py to image_pub.cpython-310.pyc
[4.392s] byte-compiling /root/ros2_ws/install/robot_shooter/lib/python3.10/site-packages/robot_shooter/image_sub.py to image_sub.cpython-310.pyc
[4.446s] byte-compiling /root/ros2_ws/install/robot_shooter/lib/python3.10/site-packages/robot_shooter/sift.py to sift.cpython-310.pyc
[4.501s] byte-compiling /root/ros2_ws/install/robot_shooter/lib/python3.10/site-packages/robot_shooter/test_node.py to test_node.cpython-310.pyc
[4.560s] byte-compiling /root/ros2_ws/install/robot_shooter/lib/python3.10/site-packages/robot_shooter/test_publish.py to test_publish.cpython-310.pyc
[4.617s] byte-compiling /root/ros2_ws/install/robot_shooter/lib/python3.10/site-packages/robot_shooter/test_subscribe.py to test_subscribe.cpython-310.pyc
[4.682s] byte-compiling /root/ros2_ws/install/robot_shooter/lib/python3.10/site-packages/robot_shooter/__init__.py to __init__.cpython-310.pyc
[4.732s] running install_data
[4.745s] creating /root/ros2_ws/install/robot_shooter/share/ament_index
[4.750s] creating /root/ros2_ws/install/robot_shooter/share/ament_index/resource_index
[4.755s] creating /root/ros2_ws/install/robot_shooter/share/ament_index/resource_index/packages
[4.774s] copying resource/robot_shooter -> /root/ros2_ws/install/robot_shooter/share/ament_index/resource_index/packages
[4.812s] copying package.xml -> /root/ros2_ws/install/robot_shooter/share/robot_shooter
[4.836s] creating /root/ros2_ws/install/robot_shooter/share/robot_shooter/launch
[4.851s] copying launch/gazebo_cl.launch.py -> /root/ros2_ws/install/robot_shooter/share/robot_shooter/launch
[4.884s] copying launch/gazebo_env.launch.py -> /root/ros2_ws/install/robot_shooter/share/robot_shooter/launch
[4.914s] copying launch/gazebo_ign.launch.py -> /root/ros2_ws/install/robot_shooter/share/robot_shooter/launch
[4.957s] copying launch/spawn_turret.launch.py -> /root/ros2_ws/install/robot_shooter/share/robot_shooter/launch
[4.983s] creating /root/ros2_ws/install/robot_shooter/share/robot_shooter/urdf
[4.996s] copying urdf/shooter_robot.urdf.xacro -> /root/ros2_ws/install/robot_shooter/share/robot_shooter/urdf
[5.028s] copying urdf/turret.urdf.xacro -> /root/ros2_ws/install/robot_shooter/share/robot_shooter/urdf
[5.063s] creating /root/ros2_ws/install/robot_shooter/share/robot_shooter/worlds
[5.088s] copying worlds/shooter_world.world -> /root/ros2_ws/install/robot_shooter/share/robot_shooter/worlds
[5.122s] creating /root/ros2_ws/install/robot_shooter/share/robot_shooter/meshes
[5.135s] copying meshes/barrel.stl -> /root/ros2_ws/install/robot_shooter/share/robot_shooter/meshes
[5.168s] copying meshes/barrel2.stl -> /root/ros2_ws/install/robot_shooter/share/robot_shooter/meshes
[5.197s] copying meshes/burisrawa.jpg -> /root/ros2_ws/install/robot_shooter/share/robot_shooter/meshes
[5.236s] copying meshes/robot.stl -> /root/ros2_ws/install/robot_shooter/share/robot_shooter/meshes
[5.280s] copying meshes/sengkuni 450x620.png -> /root/ros2_ws/install/robot_shooter/share/robot_shooter/meshes
[5.345s] copying meshes/target_wayang.dae -> /root/ros2_ws/install/robot_shooter/share/robot_shooter/meshes
[5.390s] creating /root/ros2_ws/install/robot_shooter/share/robot_shooter/config
[5.407s] copying config/shooter_controllers.yaml -> /root/ros2_ws/install/robot_shooter/share/robot_shooter/config
[5.435s] running install_egg_info
[5.463s] Copying ../../build/robot_shooter/robot_shooter.egg-info to /root/ros2_ws/install/robot_shooter/lib/python3.10/site-packages/robot_shooter-0.0.0-py3.10.egg-info
[5.834s] running install_scripts
[5.963s] Installing first_node script to /root/ros2_ws/install/robot_shooter/lib/robot_shooter
[5.978s] Installing image_pub script to /root/ros2_ws/install/robot_shooter/lib/robot_shooter
[5.998s] Installing image_sub script to /root/ros2_ws/install/robot_shooter/lib/robot_shooter
[6.017s] Installing listener script to /root/ros2_ws/install/robot_shooter/lib/robot_shooter
[6.032s] Installing sender script to /root/ros2_ws/install/robot_shooter/lib/robot_shooter
[6.052s] writing list of installed files to '/root/ros2_ws/build/robot_shooter/install.log'
[6.100s] Invoked command in '/root/ros2_ws/src/robot_shooter' returned '0': PYTHONPATH=/root/ros2_ws/build/robot_shooter/prefix_override:/usr/lib/python3/dist-packages/colcon_core/task/python/colcon_distutils_commands:/root/ros2_ws/install/robot_shooter/lib/python3.10/site-packages:${PYTHONPATH} /usr/bin/python3 -W ignore:setup.py install is deprecated -W ignore:easy_install command is deprecated setup.py egg_info --egg-base ../../build/robot_shooter build --build-base /root/ros2_ws/build/robot_shooter/build install --record /root/ros2_ws/build/robot_shooter/install.log --single-version-externally-managed install_data
