/root/ros2_ws/install/robot_shooter/lib/python3.10/site-packages/robot_shooter/image_pub.py
/root/ros2_ws/install/robot_shooter/lib/python3.10/site-packages/robot_shooter/image_sub.py
/root/ros2_ws/install/robot_shooter/lib/python3.10/site-packages/robot_shooter/sift.py
/root/ros2_ws/install/robot_shooter/lib/python3.10/site-packages/robot_shooter/test_node.py
/root/ros2_ws/install/robot_shooter/lib/python3.10/site-packages/robot_shooter/test_publish.py
/root/ros2_ws/install/robot_shooter/lib/python3.10/site-packages/robot_shooter/test_subscribe.py
/root/ros2_ws/install/robot_shooter/lib/python3.10/site-packages/robot_shooter/__init__.py
/root/ros2_ws/install/robot_shooter/lib/python3.10/site-packages/robot_shooter/__pycache__/image_pub.cpython-310.pyc
/root/ros2_ws/install/robot_shooter/lib/python3.10/site-packages/robot_shooter/__pycache__/image_sub.cpython-310.pyc
/root/ros2_ws/install/robot_shooter/lib/python3.10/site-packages/robot_shooter/__pycache__/sift.cpython-310.pyc
/root/ros2_ws/install/robot_shooter/lib/python3.10/site-packages/robot_shooter/__pycache__/test_node.cpython-310.pyc
/root/ros2_ws/install/robot_shooter/lib/python3.10/site-packages/robot_shooter/__pycache__/test_publish.cpython-310.pyc
/root/ros2_ws/install/robot_shooter/lib/python3.10/site-packages/robot_shooter/__pycache__/test_subscribe.cpython-310.pyc
/root/ros2_ws/install/robot_shooter/lib/python3.10/site-packages/robot_shooter/__pycache__/__init__.cpython-310.pyc
/root/ros2_ws/install/robot_shooter/share/ament_index/resource_index/packages/robot_shooter
/root/ros2_ws/install/robot_shooter/share/robot_shooter/package.xml
/root/ros2_ws/install/robot_shooter/share/robot_shooter/launch/gazebo_cl.launch.py
/root/ros2_ws/install/robot_shooter/share/robot_shooter/launch/gazebo_env.launch.py
/root/ros2_ws/install/robot_shooter/share/robot_shooter/launch/gazebo_ign.launch.py
/root/ros2_ws/install/robot_shooter/share/robot_shooter/launch/spawn_turret.launch.py
/root/ros2_ws/install/robot_shooter/share/robot_shooter/urdf/shooter_robot.urdf.xacro
/root/ros2_ws/install/robot_shooter/share/robot_shooter/urdf/turret.urdf.xacro
/root/ros2_ws/install/robot_shooter/share/robot_shooter/worlds/shooter_world.world
/root/ros2_ws/install/robot_shooter/share/robot_shooter/meshes/barrel.stl
/root/ros2_ws/install/robot_shooter/share/robot_shooter/meshes/barrel2.stl
/root/ros2_ws/install/robot_shooter/share/robot_shooter/meshes/burisrawa.jpg
/root/ros2_ws/install/robot_shooter/share/robot_shooter/meshes/durna.jpg
/root/ros2_ws/install/robot_shooter/share/robot_shooter/meshes/patok_wayang2_durna.dae
/root/ros2_ws/install/robot_shooter/share/robot_shooter/meshes/robot.stl
/root/ros2_ws/install/robot_shooter/share/robot_shooter/meshes/sengkuni 450x620.png
/root/ros2_ws/install/robot_shooter/share/robot_shooter/meshes/target_wayang.dae
/root/ros2_ws/install/robot_shooter/share/robot_shooter/config/shooter_controllers.yaml
/root/ros2_ws/install/robot_shooter/lib/python3.10/site-packages/robot_shooter-0.0.0-py3.10.egg-info/dependency_links.txt
/root/ros2_ws/install/robot_shooter/lib/python3.10/site-packages/robot_shooter-0.0.0-py3.10.egg-info/entry_points.txt
/root/ros2_ws/install/robot_shooter/lib/python3.10/site-packages/robot_shooter-0.0.0-py3.10.egg-info/PKG-INFO
/root/ros2_ws/install/robot_shooter/lib/python3.10/site-packages/robot_shooter-0.0.0-py3.10.egg-info/requires.txt
/root/ros2_ws/install/robot_shooter/lib/python3.10/site-packages/robot_shooter-0.0.0-py3.10.egg-info/SOURCES.txt
/root/ros2_ws/install/robot_shooter/lib/python3.10/site-packages/robot_shooter-0.0.0-py3.10.egg-info/top_level.txt
/root/ros2_ws/install/robot_shooter/lib/python3.10/site-packages/robot_shooter-0.0.0-py3.10.egg-info/zip-safe
/root/ros2_ws/install/robot_shooter/lib/robot_shooter/first_node
/root/ros2_ws/install/robot_shooter/lib/robot_shooter/image_pub
/root/ros2_ws/install/robot_shooter/lib/robot_shooter/image_sub
/root/ros2_ws/install/robot_shooter/lib/robot_shooter/listener
/root/ros2_ws/install/robot_shooter/lib/robot_shooter/sender
