running egg_info
writing ../../build/robot_shooter/robot_shooter.egg-info/PKG-INFO
writing dependency_links to ../../build/robot_shooter/robot_shooter.egg-info/dependency_links.txt
writing entry points to ../../build/robot_shooter/robot_shooter.egg-info/entry_points.txt
writing requirements to ../../build/robot_shooter/robot_shooter.egg-info/requires.txt
writing top-level names to ../../build/robot_shooter/robot_shooter.egg-info/top_level.txt
reading manifest file '../../build/robot_shooter/robot_shooter.egg-info/SOURCES.txt'
writing manifest file '../../build/robot_shooter/robot_shooter.egg-info/SOURCES.txt'
running build
running build_py
copying robot_shooter/image_sub.py -> /root/ros2_ws/build/robot_shooter/build/lib/robot_shooter
running install
running install_lib
copying /root/ros2_ws/build/robot_shooter/build/lib/robot_shooter/image_sub.py -> /root/ros2_ws/install/robot_shooter/lib/python3.10/site-packages/robot_shooter
byte-compiling /root/ros2_ws/install/robot_shooter/lib/python3.10/site-packages/robot_shooter/image_sub.py to image_sub.cpython-310.pyc
running install_data
running install_egg_info
removing '/root/ros2_ws/install/robot_shooter/lib/python3.10/site-packages/robot_shooter-0.0.0-py3.10.egg-info' (and everything under it)
Copying ../../build/robot_shooter/robot_shooter.egg-info to /root/ros2_ws/install/robot_shooter/lib/python3.10/site-packages/robot_shooter-0.0.0-py3.10.egg-info
running install_scripts
Installing first_node script to /root/ros2_ws/install/robot_shooter/lib/robot_shooter
Installing image_pub script to /root/ros2_ws/install/robot_shooter/lib/robot_shooter
Installing image_sub script to /root/ros2_ws/install/robot_shooter/lib/robot_shooter
Installing listener script to /root/ros2_ws/install/robot_shooter/lib/robot_shooter
Installing sender script to /root/ros2_ws/install/robot_shooter/lib/robot_shooter
writing list of installed files to '/root/ros2_ws/build/robot_shooter/install.log'
