[11.038s] Invoking command in '/root/ros2_ws/src/robot_shooter': PYTHONPATH=/root/ros2_ws/build/robot_shooter/prefix_override:/usr/lib/python3/dist-packages/colcon_core/task/python/colcon_distutils_commands:/root/ros2_ws/install/robot_shooter/lib/python3.10/site-packages:${PYTHONPATH} /usr/bin/python3 -W ignore:setup.py install is deprecated -W ignore:easy_install command is deprecated setup.py egg_info --egg-base ../../build/robot_shooter build --build-base /root/ros2_ws/build/robot_shooter/build install --record /root/ros2_ws/build/robot_shooter/install.log --single-version-externally-managed install_data
[16.099s] running egg_info
[16.129s] writing ../../build/robot_shooter/robot_shooter.egg-info/PKG-INFO
[16.187s] writing dependency_links to ../../build/robot_shooter/robot_shooter.egg-info/dependency_links.txt
[16.218s] writing entry points to ../../build/robot_shooter/robot_shooter.egg-info/entry_points.txt
[16.257s] writing requirements to ../../build/robot_shooter/robot_shooter.egg-info/requires.txt
[16.299s] writing top-level names to ../../build/robot_shooter/robot_shooter.egg-info/top_level.txt
[16.721s] reading manifest file '../../build/robot_shooter/robot_shooter.egg-info/SOURCES.txt'
[17.265s] writing manifest file '../../build/robot_shooter/robot_shooter.egg-info/SOURCES.txt'
[17.269s] running build
[17.271s] running build_py
[17.388s] copying robot_shooter/image_sub.py -> /root/ros2_ws/build/robot_shooter/build/lib/robot_shooter
[17.787s] running install
[17.790s] running install_lib
[18.018s] copying /root/ros2_ws/build/robot_shooter/build/lib/robot_shooter/image_sub.py -> /root/ros2_ws/install/robot_shooter/lib/python3.10/site-packages/robot_shooter
[18.768s] byte-compiling /root/ros2_ws/install/robot_shooter/lib/python3.10/site-packages/robot_shooter/image_sub.py to image_sub.cpython-310.pyc
[19.229s] running install_data
[20.132s] running install_egg_info
[20.183s] removing '/root/ros2_ws/install/robot_shooter/lib/python3.10/site-packages/robot_shooter-0.0.0-py3.10.egg-info' (and everything under it)
[20.518s] Copying ../../build/robot_shooter/robot_shooter.egg-info to /root/ros2_ws/install/robot_shooter/lib/python3.10/site-packages/robot_shooter-0.0.0-py3.10.egg-info
[21.716s] running install_scripts
[22.130s] Installing first_node script to /root/ros2_ws/install/robot_shooter/lib/robot_shooter
[22.183s] Installing image_pub script to /root/ros2_ws/install/robot_shooter/lib/robot_shooter
[22.225s] Installing image_sub script to /root/ros2_ws/install/robot_shooter/lib/robot_shooter
[22.273s] Installing listener script to /root/ros2_ws/install/robot_shooter/lib/robot_shooter
[22.335s] Installing sender script to /root/ros2_ws/install/robot_shooter/lib/robot_shooter
[22.407s] writing list of installed files to '/root/ros2_ws/build/robot_shooter/install.log'
[22.548s] Invoked command in '/root/ros2_ws/src/robot_shooter' returned '0': PYTHONPATH=/root/ros2_ws/build/robot_shooter/prefix_override:/usr/lib/python3/dist-packages/colcon_core/task/python/colcon_distutils_commands:/root/ros2_ws/install/robot_shooter/lib/python3.10/site-packages:${PYTHONPATH} /usr/bin/python3 -W ignore:setup.py install is deprecated -W ignore:easy_install command is deprecated setup.py egg_info --egg-base ../../build/robot_shooter build --build-base /root/ros2_ws/build/robot_shooter/build install --record /root/ros2_ws/build/robot_shooter/install.log --single-version-externally-managed install_data
