[2.899s] Invoking command in '/root/ros2_ws/src/robot_shooter': PYTHONPATH=/root/ros2_ws/build/robot_shooter/prefix_override:/usr/lib/python3/dist-packages/colcon_core/task/python/colcon_distutils_commands:/root/ros2_ws/install/robot_shooter/lib/python3.10/site-packages:${PYTHONPATH} /usr/bin/python3 -W ignore:setup.py install is deprecated -W ignore:easy_install command is deprecated setup.py egg_info --egg-base ../../build/robot_shooter build --build-base /root/ros2_ws/build/robot_shooter/build install --record /root/ros2_ws/build/robot_shooter/install.log --single-version-externally-managed install_data
[4.045s] running egg_info
[4.054s] writing ../../build/robot_shooter/robot_shooter.egg-info/PKG-INFO
[4.064s] writing dependency_links to ../../build/robot_shooter/robot_shooter.egg-info/dependency_links.txt
[4.074s] writing entry points to ../../build/robot_shooter/robot_shooter.egg-info/entry_points.txt
[4.082s] writing requirements to ../../build/robot_shooter/robot_shooter.egg-info/requires.txt
[4.087s] writing top-level names to ../../build/robot_shooter/robot_shooter.egg-info/top_level.txt
[4.245s] reading manifest file '../../build/robot_shooter/robot_shooter.egg-info/SOURCES.txt'
[4.480s] writing manifest file '../../build/robot_shooter/robot_shooter.egg-info/SOURCES.txt'
[4.484s] running build
[4.485s] running build_py
[4.540s] copying robot_shooter/image_sub.py -> /root/ros2_ws/build/robot_shooter/build/lib/robot_shooter
[4.672s] running install
[4.673s] running install_lib
[4.777s] copying /root/ros2_ws/build/robot_shooter/build/lib/robot_shooter/image_sub.py -> /root/ros2_ws/install/robot_shooter/lib/python3.10/site-packages/robot_shooter
[5.035s] byte-compiling /root/ros2_ws/install/robot_shooter/lib/python3.10/site-packages/robot_shooter/image_sub.py to image_sub.cpython-310.pyc
[5.195s] running install_data
[5.673s] running install_egg_info
[5.690s] removing '/root/ros2_ws/install/robot_shooter/lib/python3.10/site-packages/robot_shooter-0.0.0-py3.10.egg-info' (and everything under it)
[5.783s] Copying ../../build/robot_shooter/robot_shooter.egg-info to /root/ros2_ws/install/robot_shooter/lib/python3.10/site-packages/robot_shooter-0.0.0-py3.10.egg-info
[6.184s] running install_scripts
[6.293s] Installing camera_capture script to /root/ros2_ws/install/robot_shooter/lib/robot_shooter
[6.309s] Installing first_node script to /root/ros2_ws/install/robot_shooter/lib/robot_shooter
[6.326s] Installing image_pub script to /root/ros2_ws/install/robot_shooter/lib/robot_shooter
[6.343s] Installing image_sub script to /root/ros2_ws/install/robot_shooter/lib/robot_shooter
[6.362s] Installing listener script to /root/ros2_ws/install/robot_shooter/lib/robot_shooter
[6.376s] Installing sender script to /root/ros2_ws/install/robot_shooter/lib/robot_shooter
[6.391s] Installing target_deleter script to /root/ros2_ws/install/robot_shooter/lib/robot_shooter
[6.410s] writing list of installed files to '/root/ros2_ws/build/robot_shooter/install.log'
[6.450s] Invoked command in '/root/ros2_ws/src/robot_shooter' returned '0': PYTHONPATH=/root/ros2_ws/build/robot_shooter/prefix_override:/usr/lib/python3/dist-packages/colcon_core/task/python/colcon_distutils_commands:/root/ros2_ws/install/robot_shooter/lib/python3.10/site-packages:${PYTHONPATH} /usr/bin/python3 -W ignore:setup.py install is deprecated -W ignore:easy_install command is deprecated setup.py egg_info --egg-base ../../build/robot_shooter build --build-base /root/ros2_ws/build/robot_shooter/build install --record /root/ros2_ws/build/robot_shooter/install.log --single-version-externally-managed install_data
