[8.573s] Invoking command in '/root/ros2_ws/src/robot_shooter': PYTHONPATH=/root/ros2_ws/build/robot_shooter/prefix_override:/usr/lib/python3/dist-packages/colcon_core/task/python/colcon_distutils_commands:/root/ros2_ws/install/robot_shooter/lib/python3.10/site-packages:${PYTHONPATH} /usr/bin/python3 -W ignore:setup.py install is deprecated -W ignore:easy_install command is deprecated setup.py egg_info --egg-base ../../build/robot_shooter build --build-base /root/ros2_ws/build/robot_shooter/build install --record /root/ros2_ws/build/robot_shooter/install.log --single-version-externally-managed install_data
[12.163s] running egg_info
[12.191s] writing ../../build/robot_shooter/robot_shooter.egg-info/PKG-INFO
[12.219s] writing dependency_links to ../../build/robot_shooter/robot_shooter.egg-info/dependency_links.txt
[12.273s] writing entry points to ../../build/robot_shooter/robot_shooter.egg-info/entry_points.txt
[12.317s] writing requirements to ../../build/robot_shooter/robot_shooter.egg-info/requires.txt
[12.325s] writing top-level names to ../../build/robot_shooter/robot_shooter.egg-info/top_level.txt
[12.673s] reading manifest file '../../build/robot_shooter/robot_shooter.egg-info/SOURCES.txt'
[13.308s] writing manifest file '../../build/robot_shooter/robot_shooter.egg-info/SOURCES.txt'
[13.310s] running build
[13.314s] running build_py
[13.496s] copying robot_shooter/image_sub.py -> /root/ros2_ws/build/robot_shooter/build/lib/robot_shooter
[13.896s] running install
[13.898s] running install_lib
[14.149s] copying /root/ros2_ws/build/robot_shooter/build/lib/robot_shooter/image_sub.py -> /root/ros2_ws/install/robot_shooter/lib/python3.10/site-packages/robot_shooter
[14.917s] byte-compiling /root/ros2_ws/install/robot_shooter/lib/python3.10/site-packages/robot_shooter/image_sub.py to image_sub.cpython-310.pyc
[15.417s] running install_data
[16.531s] running install_egg_info
[16.591s] removing '/root/ros2_ws/install/robot_shooter/lib/python3.10/site-packages/robot_shooter-0.0.0-py3.10.egg-info' (and everything under it)
[16.803s] Copying ../../build/robot_shooter/robot_shooter.egg-info to /root/ros2_ws/install/robot_shooter/lib/python3.10/site-packages/robot_shooter-0.0.0-py3.10.egg-info
[17.734s] running install_scripts
[18.057s] Installing camera_capture script to /root/ros2_ws/install/robot_shooter/lib/robot_shooter
[18.089s] Installing first_node script to /root/ros2_ws/install/robot_shooter/lib/robot_shooter
[18.151s] Installing image_pub script to /root/ros2_ws/install/robot_shooter/lib/robot_shooter
[18.182s] Installing image_sub script to /root/ros2_ws/install/robot_shooter/lib/robot_shooter
[18.210s] Installing listener script to /root/ros2_ws/install/robot_shooter/lib/robot_shooter
[18.284s] Installing sender script to /root/ros2_ws/install/robot_shooter/lib/robot_shooter
[18.323s] Installing target_deleter script to /root/ros2_ws/install/robot_shooter/lib/robot_shooter
[18.355s] writing list of installed files to '/root/ros2_ws/build/robot_shooter/install.log'
[18.459s] Invoked command in '/root/ros2_ws/src/robot_shooter' returned '0': PYTHONPATH=/root/ros2_ws/build/robot_shooter/prefix_override:/usr/lib/python3/dist-packages/colcon_core/task/python/colcon_distutils_commands:/root/ros2_ws/install/robot_shooter/lib/python3.10/site-packages:${PYTHONPATH} /usr/bin/python3 -W ignore:setup.py install is deprecated -W ignore:easy_install command is deprecated setup.py egg_info --egg-base ../../build/robot_shooter build --build-base /root/ros2_ws/build/robot_shooter/build install --record /root/ros2_ws/build/robot_shooter/install.log --single-version-externally-managed install_data
