[2.718s] Invoking command in '/root/ros2_ws/src/robot_shooter': PYTHONPATH=/root/ros2_ws/build/robot_shooter/prefix_override:/usr/lib/python3/dist-packages/colcon_core/task/python/colcon_distutils_commands:/root/ros2_ws/install/robot_shooter/lib/python3.10/site-packages:${PYTHONPATH} /usr/bin/python3 -W ignore:setup.py install is deprecated -W ignore:easy_install command is deprecated setup.py egg_info --egg-base ../../build/robot_shooter build --build-base /root/ros2_ws/build/robot_shooter/build install --record /root/ros2_ws/build/robot_shooter/install.log --single-version-externally-managed install_data
[3.844s] running egg_info
[3.853s] writing ../../build/robot_shooter/robot_shooter.egg-info/PKG-INFO
[3.863s] writing dependency_links to ../../build/robot_shooter/robot_shooter.egg-info/dependency_links.txt
[3.872s] writing entry points to ../../build/robot_shooter/robot_shooter.egg-info/entry_points.txt
[3.879s] writing requirements to ../../build/robot_shooter/robot_shooter.egg-info/requires.txt
[3.883s] writing top-level names to ../../build/robot_shooter/robot_shooter.egg-info/top_level.txt
[3.991s] reading manifest file '../../build/robot_shooter/robot_shooter.egg-info/SOURCES.txt'
[4.144s] writing manifest file '../../build/robot_shooter/robot_shooter.egg-info/SOURCES.txt'
[4.150s] running build
[4.151s] running build_py
[4.287s] running install
[4.289s] running install_lib
[4.647s] running install_data
[4.948s] running install_egg_info
[4.965s] removing '/root/ros2_ws/install/robot_shooter/lib/python3.10/site-packages/robot_shooter-0.0.0-py3.10.egg-info' (and everything under it)
[5.044s] Copying ../../build/robot_shooter/robot_shooter.egg-info to /root/ros2_ws/install/robot_shooter/lib/python3.10/site-packages/robot_shooter-0.0.0-py3.10.egg-info
[5.407s] running install_scripts
[5.513s] Installing first_node script to /root/ros2_ws/install/robot_shooter/lib/robot_shooter
[5.529s] Installing image_pub script to /root/ros2_ws/install/robot_shooter/lib/robot_shooter
[5.545s] Installing image_sub script to /root/ros2_ws/install/robot_shooter/lib/robot_shooter
[5.562s] Installing listener script to /root/ros2_ws/install/robot_shooter/lib/robot_shooter
[5.578s] Installing sender script to /root/ros2_ws/install/robot_shooter/lib/robot_shooter
[5.597s] writing list of installed files to '/root/ros2_ws/build/robot_shooter/install.log'
[5.648s] Invoked command in '/root/ros2_ws/src/robot_shooter' returned '0': PYTHONPATH=/root/ros2_ws/build/robot_shooter/prefix_override:/usr/lib/python3/dist-packages/colcon_core/task/python/colcon_distutils_commands:/root/ros2_ws/install/robot_shooter/lib/python3.10/site-packages:${PYTHONPATH} /usr/bin/python3 -W ignore:setup.py install is deprecated -W ignore:easy_install command is deprecated setup.py egg_info --egg-base ../../build/robot_shooter build --build-base /root/ros2_ws/build/robot_shooter/build install --record /root/ros2_ws/build/robot_shooter/install.log --single-version-externally-managed install_data
