[2.708s] Invoking command in '/root/ros2_ws/src/robot_shooter': PYTHONPATH=/root/ros2_ws/build/robot_shooter/prefix_override:/usr/lib/python3/dist-packages/colcon_core/task/python/colcon_distutils_commands:/root/ros2_ws/install/robot_shooter/lib/python3.10/site-packages:${PYTHONPATH} /usr/bin/python3 -W ignore:setup.py install is deprecated -W ignore:easy_install command is deprecated setup.py egg_info --egg-base ../../build/robot_shooter build --build-base /root/ros2_ws/build/robot_shooter/build install --record /root/ros2_ws/build/robot_shooter/install.log --single-version-externally-managed install_data
[3.888s] running egg_info
[3.896s] writing ../../build/robot_shooter/robot_shooter.egg-info/PKG-INFO
[3.906s] writing dependency_links to ../../build/robot_shooter/robot_shooter.egg-info/dependency_links.txt
[3.919s] writing entry points to ../../build/robot_shooter/robot_shooter.egg-info/entry_points.txt
[3.927s] writing requirements to ../../build/robot_shooter/robot_shooter.egg-info/requires.txt
[3.931s] writing top-level names to ../../build/robot_shooter/robot_shooter.egg-info/top_level.txt
[4.039s] reading manifest file '../../build/robot_shooter/robot_shooter.egg-info/SOURCES.txt'
[4.190s] writing manifest file '../../build/robot_shooter/robot_shooter.egg-info/SOURCES.txt'
[4.194s] running build
[4.195s] running build_py
[4.243s] copying robot_shooter/image_sub.py -> /root/ros2_ws/build/robot_shooter/build/lib/robot_shooter
[4.397s] running install
[4.398s] running install_lib
[4.495s] copying /root/ros2_ws/build/robot_shooter/build/lib/robot_shooter/image_sub.py -> /root/ros2_ws/install/robot_shooter/lib/python3.10/site-packages/robot_shooter
[4.720s] byte-compiling /root/ros2_ws/install/robot_shooter/lib/python3.10/site-packages/robot_shooter/image_sub.py to image_sub.cpython-310.pyc
[4.881s] running install_data
[5.185s] running install_egg_info
[5.203s] removing '/root/ros2_ws/install/robot_shooter/lib/python3.10/site-packages/robot_shooter-0.0.0-py3.10.egg-info' (and everything under it)
[5.290s] Copying ../../build/robot_shooter/robot_shooter.egg-info to /root/ros2_ws/install/robot_shooter/lib/python3.10/site-packages/robot_shooter-0.0.0-py3.10.egg-info
[5.654s] running install_scripts
[5.764s] Installing first_node script to /root/ros2_ws/install/robot_shooter/lib/robot_shooter
[5.782s] Installing image_pub script to /root/ros2_ws/install/robot_shooter/lib/robot_shooter
[5.799s] Installing image_sub script to /root/ros2_ws/install/robot_shooter/lib/robot_shooter
[5.813s] Installing listener script to /root/ros2_ws/install/robot_shooter/lib/robot_shooter
[5.829s] Installing sender script to /root/ros2_ws/install/robot_shooter/lib/robot_shooter
[5.853s] writing list of installed files to '/root/ros2_ws/build/robot_shooter/install.log'
[5.892s] Invoked command in '/root/ros2_ws/src/robot_shooter' returned '0': PYTHONPATH=/root/ros2_ws/build/robot_shooter/prefix_override:/usr/lib/python3/dist-packages/colcon_core/task/python/colcon_distutils_commands:/root/ros2_ws/install/robot_shooter/lib/python3.10/site-packages:${PYTHONPATH} /usr/bin/python3 -W ignore:setup.py install is deprecated -W ignore:easy_install command is deprecated setup.py egg_info --egg-base ../../build/robot_shooter build --build-base /root/ros2_ws/build/robot_shooter/build install --record /root/ros2_ws/build/robot_shooter/install.log --single-version-externally-managed install_data
