[1.326s] DEBUG:colcon:Command line arguments: ['/usr/bin/colcon', 'build']
[1.326s] DEBUG:colcon:Parsed command line arguments: Namespace(log_base=None, log_level=None, verb_name='build', build_base='build', install_base='install', merge_install=False, symlink_install=False, test_result_base=None, continue_on_error=False, executor='parallel', parallel_workers=12, event_handlers=None, ignore_user_meta=False, metas=['./colcon.meta'], base_paths=['.'], packages_ignore=None, packages_ignore_regex=None, paths=None, packages_up_to=None, packages_up_to_regex=None, packages_above=None, packages_above_and_dependencies=None, packages_above_depth=None, packages_select_by_dep=None, packages_skip_by_dep=None, packages_skip_up_to=None, packages_select_build_failed=False, packages_skip_build_finished=False, packages_select_test_failures=False, packages_skip_test_passed=False, packages_select=None, packages_skip=None, packages_select_regex=None, packages_skip_regex=None, packages_start=None, packages_end=None, cmake_args=None, cmake_target=None, cmake_target_skip_unavailable=False, cmake_clean_cache=False, cmake_clean_first=False, cmake_force_configure=False, ament_cmake_args=None, catkin_cmake_args=None, catkin_skip_building_tests=False, mixin_files=None, mixin=None, verb_parser=<colcon_mixin.mixin.mixin_argument.MixinArgumentDecorator object at 0x7fb3c0dd0250>, verb_extension=<colcon_core.verb.build.BuildVerb object at 0x7fb3c0f68670>, main=<bound method BuildVerb.main of <colcon_core.verb.build.BuildVerb object at 0x7fb3c0f68670>>, mixin_verb=('build',))
[1.723s] Level 1:colcon.colcon_core.package_discovery:discover_packages(colcon_meta) check parameters
[1.724s] INFO:colcon.colcon_metadata.package_discovery.colcon_meta:Using configuration from '/root/.colcon/metadata/default/Gazebo.meta'
[1.725s] INFO:colcon.colcon_metadata.package_discovery.colcon_meta:Using configuration from '/root/.colcon/metadata/default/fastrtps.meta'
[1.726s] Level 1:colcon.colcon_core.package_discovery:discover_packages(recursive) check parameters
[1.727s] Level 1:colcon.colcon_core.package_discovery:discover_packages(ignore) check parameters
[1.727s] Level 1:colcon.colcon_core.package_discovery:discover_packages(path) check parameters
[1.728s] Level 1:colcon.colcon_core.package_discovery:discover_packages(colcon_meta) discover
[1.728s] Level 1:colcon.colcon_core.package_discovery:discover_packages(recursive) discover
[1.728s] INFO:colcon.colcon_core.package_discovery:Crawling recursively for packages in '/root/ros2_ws'
[1.730s] Level 1:colcon.colcon_core.package_identification:_identify(.) by extensions ['ignore', 'ignore_ament_install']
[1.731s] Level 1:colcon.colcon_core.package_identification:_identify(.) by extension 'ignore'
[1.731s] Level 1:colcon.colcon_core.package_identification:_identify(.) by extension 'ignore_ament_install'
[1.732s] Level 1:colcon.colcon_core.package_identification:_identify(.) by extensions ['colcon_pkg']
[1.733s] Level 1:colcon.colcon_core.package_identification:_identify(.) by extension 'colcon_pkg'
[1.734s] Level 1:colcon.colcon_core.package_identification:_identify(.) by extensions ['colcon_meta']
[1.734s] Level 1:colcon.colcon_core.package_identification:_identify(.) by extension 'colcon_meta'
[1.734s] Level 1:colcon.colcon_core.package_identification:_identify(.) by extensions ['ros']
[1.735s] Level 1:colcon.colcon_core.package_identification:_identify(.) by extension 'ros'
[1.755s] Level 1:colcon.colcon_core.package_identification:_identify(.) by extensions ['cmake', 'python']
[1.755s] Level 1:colcon.colcon_core.package_identification:_identify(.) by extension 'cmake'
[1.756s] Level 1:colcon.colcon_core.package_identification:_identify(.) by extension 'python'
[1.757s] Level 1:colcon.colcon_core.package_identification:_identify(.) by extensions ['python_setup_py']
[1.757s] Level 1:colcon.colcon_core.package_identification:_identify(.) by extension 'python_setup_py'
[1.762s] Level 1:colcon.colcon_core.package_identification:_identify(build) by extensions ['ignore', 'ignore_ament_install']
[1.763s] Level 1:colcon.colcon_core.package_identification:_identify(build) by extension 'ignore'
[1.765s] Level 1:colcon.colcon_core.package_identification:_identify(build) ignored
[1.770s] Level 1:colcon.colcon_core.package_identification:_identify(install) by extensions ['ignore', 'ignore_ament_install']
[1.771s] Level 1:colcon.colcon_core.package_identification:_identify(install) by extension 'ignore'
[1.773s] Level 1:colcon.colcon_core.package_identification:_identify(install) ignored
[1.778s] Level 1:colcon.colcon_core.package_identification:_identify(log) by extensions ['ignore', 'ignore_ament_install']
[1.779s] Level 1:colcon.colcon_core.package_identification:_identify(log) by extension 'ignore'
[1.781s] Level 1:colcon.colcon_core.package_identification:_identify(log) ignored
[1.784s] Level 1:colcon.colcon_core.package_identification:_identify(src) by extensions ['ignore', 'ignore_ament_install']
[1.785s] Level 1:colcon.colcon_core.package_identification:_identify(src) by extension 'ignore'
[1.786s] Level 1:colcon.colcon_core.package_identification:_identify(src) by extension 'ignore_ament_install'
[1.789s] Level 1:colcon.colcon_core.package_identification:_identify(src) by extensions ['colcon_pkg']
[1.789s] Level 1:colcon.colcon_core.package_identification:_identify(src) by extension 'colcon_pkg'
[1.790s] Level 1:colcon.colcon_core.package_identification:_identify(src) by extensions ['colcon_meta']
[1.791s] Level 1:colcon.colcon_core.package_identification:_identify(src) by extension 'colcon_meta'
[1.792s] Level 1:colcon.colcon_core.package_identification:_identify(src) by extensions ['ros']
[1.792s] Level 1:colcon.colcon_core.package_identification:_identify(src) by extension 'ros'
[1.797s] Level 1:colcon.colcon_core.package_identification:_identify(src) by extensions ['cmake', 'python']
[1.797s] Level 1:colcon.colcon_core.package_identification:_identify(src) by extension 'cmake'
[1.798s] Level 1:colcon.colcon_core.package_identification:_identify(src) by extension 'python'
[1.800s] Level 1:colcon.colcon_core.package_identification:_identify(src) by extensions ['python_setup_py']
[1.800s] Level 1:colcon.colcon_core.package_identification:_identify(src) by extension 'python_setup_py'
[1.806s] Level 1:colcon.colcon_core.package_identification:_identify(src/robot_shooter) by extensions ['ignore', 'ignore_ament_install']
[1.806s] Level 1:colcon.colcon_core.package_identification:_identify(src/robot_shooter) by extension 'ignore'
[1.808s] Level 1:colcon.colcon_core.package_identification:_identify(src/robot_shooter) by extension 'ignore_ament_install'
[1.812s] Level 1:colcon.colcon_core.package_identification:_identify(src/robot_shooter) by extensions ['colcon_pkg']
[1.812s] Level 1:colcon.colcon_core.package_identification:_identify(src/robot_shooter) by extension 'colcon_pkg'
[1.814s] Level 1:colcon.colcon_core.package_identification:_identify(src/robot_shooter) by extensions ['colcon_meta']
[1.814s] Level 1:colcon.colcon_core.package_identification:_identify(src/robot_shooter) by extension 'colcon_meta'
[1.818s] Level 1:colcon.colcon_core.package_identification:_identify(src/robot_shooter) by extensions ['ros']
[1.818s] Level 1:colcon.colcon_core.package_identification:_identify(src/robot_shooter) by extension 'ros'
[1.844s] DEBUG:colcon.colcon_core.package_identification:Package 'src/robot_shooter' with type 'ros.ament_python' and name 'robot_shooter'
[1.845s] Level 1:colcon.colcon_core.package_discovery:discover_packages(recursive) using defaults
[1.845s] Level 1:colcon.colcon_core.package_discovery:discover_packages(ignore) discover
[1.846s] Level 1:colcon.colcon_core.package_discovery:discover_packages(ignore) using defaults
[1.846s] Level 1:colcon.colcon_core.package_discovery:discover_packages(path) discover
[1.846s] Level 1:colcon.colcon_core.package_discovery:discover_packages(path) using defaults
[1.935s] Level 5:colcon.colcon_core.verb:set package 'robot_shooter' build argument 'cmake_args' from command line to 'None'
[1.936s] Level 5:colcon.colcon_core.verb:set package 'robot_shooter' build argument 'cmake_target' from command line to 'None'
[1.936s] Level 5:colcon.colcon_core.verb:set package 'robot_shooter' build argument 'cmake_target_skip_unavailable' from command line to 'False'
[1.937s] Level 5:colcon.colcon_core.verb:set package 'robot_shooter' build argument 'cmake_clean_cache' from command line to 'False'
[1.937s] Level 5:colcon.colcon_core.verb:set package 'robot_shooter' build argument 'cmake_clean_first' from command line to 'False'
[1.937s] Level 5:colcon.colcon_core.verb:set package 'robot_shooter' build argument 'cmake_force_configure' from command line to 'False'
[1.938s] Level 5:colcon.colcon_core.verb:set package 'robot_shooter' build argument 'ament_cmake_args' from command line to 'None'
[1.938s] Level 5:colcon.colcon_core.verb:set package 'robot_shooter' build argument 'catkin_cmake_args' from command line to 'None'
[1.938s] Level 5:colcon.colcon_core.verb:set package 'robot_shooter' build argument 'catkin_skip_building_tests' from command line to 'False'
[1.939s] DEBUG:colcon.colcon_core.verb:Building package 'robot_shooter' with the following arguments: {'ament_cmake_args': None, 'build_base': '/root/ros2_ws/build/robot_shooter', 'catkin_cmake_args': None, 'catkin_skip_building_tests': False, 'cmake_args': None, 'cmake_clean_cache': False, 'cmake_clean_first': False, 'cmake_force_configure': False, 'cmake_target': None, 'cmake_target_skip_unavailable': False, 'install_base': '/root/ros2_ws/install/robot_shooter', 'merge_install': False, 'path': '/root/ros2_ws/src/robot_shooter', 'symlink_install': False, 'test_result_base': None}
[1.939s] INFO:colcon.colcon_core.executor:Executing jobs using 'parallel' executor
[1.941s] DEBUG:colcon.colcon_parallel_executor.executor.parallel:run_until_complete
[1.942s] INFO:colcon.colcon_ros.task.ament_python.build:Building ROS package in '/root/ros2_ws/src/robot_shooter' with build type 'ament_python'
[1.942s] Level 1:colcon.colcon_core.shell:create_environment_hook('robot_shooter', 'ament_prefix_path')
[1.952s] INFO:colcon.colcon_core.plugin_system:Skipping extension 'colcon_core.shell.bat': Not used on non-Windows systems
[1.952s] INFO:colcon.colcon_core.shell:Creating environment hook '/root/ros2_ws/install/robot_shooter/share/robot_shooter/hook/ament_prefix_path.ps1'
[1.975s] INFO:colcon.colcon_core.shell:Creating environment descriptor '/root/ros2_ws/install/robot_shooter/share/robot_shooter/hook/ament_prefix_path.dsv'
[1.996s] INFO:colcon.colcon_core.shell:Creating environment hook '/root/ros2_ws/install/robot_shooter/share/robot_shooter/hook/ament_prefix_path.sh'
[2.016s] INFO:colcon.colcon_core.shell:Skip shell extension 'powershell' for command environment: Not usable outside of PowerShell
[2.017s] DEBUG:colcon.colcon_core.shell:Skip shell extension 'dsv' for command environment
[3.036s] INFO:colcon.colcon_core.task.python.build:Building Python package in '/root/ros2_ws/src/robot_shooter'
[3.036s] INFO:colcon.colcon_core.shell:Skip shell extension 'powershell' for command environment: Not usable outside of PowerShell
[3.037s] DEBUG:colcon.colcon_core.shell:Skip shell extension 'dsv' for command environment
[5.007s] DEBUG:colcon.colcon_core.event_handler.log_command:Invoking command in '/root/ros2_ws/src/robot_shooter': PYTHONPATH=/root/ros2_ws/build/robot_shooter/prefix_override:/usr/lib/python3/dist-packages/colcon_core/task/python/colcon_distutils_commands:/root/ros2_ws/install/robot_shooter/lib/python3.10/site-packages:${PYTHONPATH} /usr/bin/python3 -W ignore:setup.py install is deprecated -W ignore:easy_install command is deprecated setup.py egg_info --egg-base ../../build/robot_shooter build --build-base /root/ros2_ws/build/robot_shooter/build install --record /root/ros2_ws/build/robot_shooter/install.log --single-version-externally-managed install_data
[8.430s] DEBUG:colcon.colcon_core.event_handler.log_command:Invoked command in '/root/ros2_ws/src/robot_shooter' returned '0': PYTHONPATH=/root/ros2_ws/build/robot_shooter/prefix_override:/usr/lib/python3/dist-packages/colcon_core/task/python/colcon_distutils_commands:/root/ros2_ws/install/robot_shooter/lib/python3.10/site-packages:${PYTHONPATH} /usr/bin/python3 -W ignore:setup.py install is deprecated -W ignore:easy_install command is deprecated setup.py egg_info --egg-base ../../build/robot_shooter build --build-base /root/ros2_ws/build/robot_shooter/build install --record /root/ros2_ws/build/robot_shooter/install.log --single-version-externally-managed install_data
[8.450s] Level 1:colcon.colcon_core.environment:checking '/root/ros2_ws/install/robot_shooter' for CMake module files
[8.578s] Level 1:colcon.colcon_core.environment:checking '/root/ros2_ws/install/robot_shooter' for CMake config files
[8.821s] Level 1:colcon.colcon_core.environment:checking '/root/ros2_ws/install/robot_shooter/lib'
[8.828s] Level 1:colcon.colcon_core.environment:checking '/root/ros2_ws/install/robot_shooter/bin'
[8.830s] Level 1:colcon.colcon_core.environment:checking '/root/ros2_ws/install/robot_shooter/lib/pkgconfig/robot_shooter.pc'
[8.835s] Level 1:colcon.colcon_core.environment:checking '/root/ros2_ws/install/robot_shooter/lib/python3.10/site-packages'
[8.840s] Level 1:colcon.colcon_core.shell:create_environment_hook('robot_shooter', 'pythonpath')
[8.840s] INFO:colcon.colcon_core.shell:Creating environment hook '/root/ros2_ws/install/robot_shooter/share/robot_shooter/hook/pythonpath.ps1'
[8.866s] INFO:colcon.colcon_core.shell:Creating environment descriptor '/root/ros2_ws/install/robot_shooter/share/robot_shooter/hook/pythonpath.dsv'
[8.893s] INFO:colcon.colcon_core.shell:Creating environment hook '/root/ros2_ws/install/robot_shooter/share/robot_shooter/hook/pythonpath.sh'
[8.917s] Level 1:colcon.colcon_core.environment:checking '/root/ros2_ws/install/robot_shooter/bin'
[8.919s] Level 1:colcon.colcon_core.environment:create_environment_scripts_only(robot_shooter)
[8.920s] INFO:colcon.colcon_core.shell:Creating package script '/root/ros2_ws/install/robot_shooter/share/robot_shooter/package.ps1'
[8.952s] INFO:colcon.colcon_core.shell:Creating package descriptor '/root/ros2_ws/install/robot_shooter/share/robot_shooter/package.dsv'
[8.968s] INFO:colcon.colcon_core.shell:Creating package script '/root/ros2_ws/install/robot_shooter/share/robot_shooter/package.sh'
[8.986s] INFO:colcon.colcon_core.shell:Creating package script '/root/ros2_ws/install/robot_shooter/share/robot_shooter/package.bash'
[8.999s] INFO:colcon.colcon_core.shell:Creating package script '/root/ros2_ws/install/robot_shooter/share/robot_shooter/package.zsh'
[9.017s] Level 1:colcon.colcon_core.environment:create_file_with_runtime_dependencies(/root/ros2_ws/install/robot_shooter/share/colcon-core/packages/robot_shooter)
[9.026s] DEBUG:colcon.colcon_parallel_executor.executor.parallel:closing loop
[9.027s] DEBUG:colcon.colcon_parallel_executor.executor.parallel:loop closed
[9.028s] DEBUG:colcon.colcon_parallel_executor.executor.parallel:run_until_complete finished with '0'
[9.029s] DEBUG:colcon.colcon_core.event_reactor:joining thread
[9.089s] INFO:colcon.colcon_core.plugin_system:Skipping extension 'colcon_notification.desktop_notification.notify_send': Could not find 'notify-send'
[9.090s] INFO:colcon.colcon_core.plugin_system:Skipping extension 'colcon_notification.desktop_notification.terminal_notifier': Not used on non-Darwin systems
[9.090s] INFO:colcon.colcon_core.plugin_system:Skipping extension 'colcon_notification.desktop_notification.win32': Not used on non-Windows systems
[9.091s] INFO:colcon.colcon_notification.desktop_notification:Sending desktop notification using 'notify2'
[9.096s] DEBUG:colcon.colcon_notification.desktop_notification.notify2:Failed to initialize notify2: org.freedesktop.DBus.Error.Spawn.ExecFailed: /usr/bin/dbus-launch terminated abnormally without any error message
[9.097s] DEBUG:colcon.colcon_core.event_reactor:joined thread
[9.098s] INFO:colcon.colcon_core.shell:Creating prefix script '/root/ros2_ws/install/local_setup.ps1'
[9.105s] INFO:colcon.colcon_core.shell:Creating prefix util module '/root/ros2_ws/install/_local_setup_util_ps1.py'
[9.114s] INFO:colcon.colcon_core.shell:Creating prefix chain script '/root/ros2_ws/install/setup.ps1'
[9.132s] INFO:colcon.colcon_core.shell:Creating prefix script '/root/ros2_ws/install/local_setup.sh'
[9.138s] INFO:colcon.colcon_core.shell:Creating prefix util module '/root/ros2_ws/install/_local_setup_util_sh.py'
[9.145s] INFO:colcon.colcon_core.shell:Creating prefix chain script '/root/ros2_ws/install/setup.sh'
[9.160s] INFO:colcon.colcon_core.shell:Creating prefix script '/root/ros2_ws/install/local_setup.bash'
[9.168s] INFO:colcon.colcon_core.shell:Creating prefix chain script '/root/ros2_ws/install/setup.bash'
[9.182s] INFO:colcon.colcon_core.shell:Creating prefix script '/root/ros2_ws/install/local_setup.zsh'
[9.188s] INFO:colcon.colcon_core.shell:Creating prefix chain script '/root/ros2_ws/install/setup.zsh'
