[7.300s] Invoking command in '/root/ros2_ws/src/robot_shooter': PYTHONPATH=/root/ros2_ws/build/robot_shooter/prefix_override:/usr/lib/python3/dist-packages/colcon_core/task/python/colcon_distutils_commands:/root/ros2_ws/install/robot_shooter/lib/python3.10/site-packages:${PYTHONPATH} /usr/bin/python3 -W ignore:setup.py install is deprecated -W ignore:easy_install command is deprecated setup.py egg_info --egg-base ../../build/robot_shooter build --build-base /root/ros2_ws/build/robot_shooter/build install --record /root/ros2_ws/build/robot_shooter/install.log --single-version-externally-managed install_data
[10.578s] running egg_info
[10.615s] writing ../../build/robot_shooter/robot_shooter.egg-info/PKG-INFO
[10.647s] writing dependency_links to ../../build/robot_shooter/robot_shooter.egg-info/dependency_links.txt
[10.670s] writing entry points to ../../build/robot_shooter/robot_shooter.egg-info/entry_points.txt
[10.700s] writing requirements to ../../build/robot_shooter/robot_shooter.egg-info/requires.txt
[10.712s] writing top-level names to ../../build/robot_shooter/robot_shooter.egg-info/top_level.txt
[10.984s] reading manifest file '../../build/robot_shooter/robot_shooter.egg-info/SOURCES.txt'
[11.507s] writing manifest file '../../build/robot_shooter/robot_shooter.egg-info/SOURCES.txt'
[11.514s] running build
[11.516s] running build_py
[11.678s] copying robot_shooter/sift.py -> /root/ros2_ws/build/robot_shooter/build/lib/robot_shooter
[11.942s] running install
[11.945s] running install_lib
[12.288s] copying /root/ros2_ws/build/robot_shooter/build/lib/robot_shooter/sift.py -> /root/ros2_ws/install/robot_shooter/lib/python3.10/site-packages/robot_shooter
[12.838s] byte-compiling /root/ros2_ws/install/robot_shooter/lib/python3.10/site-packages/robot_shooter/sift.py to sift.cpython-310.pyc
[13.130s] running install_data
[14.035s] running install_egg_info
[14.066s] removing '/root/ros2_ws/install/robot_shooter/lib/python3.10/site-packages/robot_shooter-0.0.0-py3.10.egg-info' (and everything under it)
[14.232s] Copying ../../build/robot_shooter/robot_shooter.egg-info to /root/ros2_ws/install/robot_shooter/lib/python3.10/site-packages/robot_shooter-0.0.0-py3.10.egg-info
[15.259s] running install_scripts
[15.526s] Installing camera_capture script to /root/ros2_ws/install/robot_shooter/lib/robot_shooter
[15.585s] Installing first_node script to /root/ros2_ws/install/robot_shooter/lib/robot_shooter
[15.634s] Installing image_pub script to /root/ros2_ws/install/robot_shooter/lib/robot_shooter
[15.671s] Installing image_sub script to /root/ros2_ws/install/robot_shooter/lib/robot_shooter
[15.710s] Installing listener script to /root/ros2_ws/install/robot_shooter/lib/robot_shooter
[15.736s] Installing sender script to /root/ros2_ws/install/robot_shooter/lib/robot_shooter
[15.762s] Installing target_deleter script to /root/ros2_ws/install/robot_shooter/lib/robot_shooter
[15.821s] writing list of installed files to '/root/ros2_ws/build/robot_shooter/install.log'
[15.948s] Invoked command in '/root/ros2_ws/src/robot_shooter' returned '0': PYTHONPATH=/root/ros2_ws/build/robot_shooter/prefix_override:/usr/lib/python3/dist-packages/colcon_core/task/python/colcon_distutils_commands:/root/ros2_ws/install/robot_shooter/lib/python3.10/site-packages:${PYTHONPATH} /usr/bin/python3 -W ignore:setup.py install is deprecated -W ignore:easy_install command is deprecated setup.py egg_info --egg-base ../../build/robot_shooter build --build-base /root/ros2_ws/build/robot_shooter/build install --record /root/ros2_ws/build/robot_shooter/install.log --single-version-externally-managed install_data
