running develop
running egg_info
writing robot_shooter.egg-info/PKG-INFO
writing dependency_links to robot_shooter.egg-info/dependency_links.txt
writing entry points to robot_shooter.egg-info/entry_points.txt
writing requirements to robot_shooter.egg-info/requires.txt
writing top-level names to robot_shooter.egg-info/top_level.txt
reading manifest file 'robot_shooter.egg-info/SOURCES.txt'
writing manifest file 'robot_shooter.egg-info/SOURCES.txt'
running build_ext
Creating /root/ros2_ws/install/robot_shooter/lib/python3.10/site-packages/robot-shooter.egg-link (link to .)
Installing camera_capture script to /root/ros2_ws/install/robot_shooter/lib/robot_shooter
Installing first_node script to /root/ros2_ws/install/robot_shooter/lib/robot_shooter
Installing image_pub script to /root/ros2_ws/install/robot_shooter/lib/robot_shooter
Installing image_sub script to /root/ros2_ws/install/robot_shooter/lib/robot_shooter
Installing listener script to /root/ros2_ws/install/robot_shooter/lib/robot_shooter
Installing sender script to /root/ros2_ws/install/robot_shooter/lib/robot_shooter

Installed /root/ros2_ws/build/robot_shooter
running symlink_data
symbolically linking /root/ros2_ws/build/robot_shooter/resource/robot_shooter -> /root/ros2_ws/install/robot_shooter/share/ament_index/resource_index/packages
symbolically linking /root/ros2_ws/build/robot_shooter/package.xml -> /root/ros2_ws/install/robot_shooter/share/robot_shooter
symbolically linking /root/ros2_ws/build/robot_shooter/launch/gazebo_cl.launch.py -> /root/ros2_ws/install/robot_shooter/share/robot_shooter/launch
symbolically linking /root/ros2_ws/build/robot_shooter/launch/gazebo_env.launch.py -> /root/ros2_ws/install/robot_shooter/share/robot_shooter/launch
symbolically linking /root/ros2_ws/build/robot_shooter/launch/gazebo_ign.launch.py -> /root/ros2_ws/install/robot_shooter/share/robot_shooter/launch
symbolically linking /root/ros2_ws/build/robot_shooter/launch/spawn_target.launch.py -> /root/ros2_ws/install/robot_shooter/share/robot_shooter/launch
symbolically linking /root/ros2_ws/build/robot_shooter/launch/spawn_turret.launch.py -> /root/ros2_ws/install/robot_shooter/share/robot_shooter/launch
symbolically linking /root/ros2_ws/build/robot_shooter/urdf/shooter_robot.urdf.xacro -> /root/ros2_ws/install/robot_shooter/share/robot_shooter/urdf
symbolically linking /root/ros2_ws/build/robot_shooter/urdf/turret.urdf.xacro -> /root/ros2_ws/install/robot_shooter/share/robot_shooter/urdf
symbolically linking /root/ros2_ws/build/robot_shooter/worlds/shooter_world.world -> /root/ros2_ws/install/robot_shooter/share/robot_shooter/worlds
symbolically linking /root/ros2_ws/build/robot_shooter/model/patok_anoman/model.config -> /root/ros2_ws/install/robot_shooter/share/robot_shooter/model
symbolically linking /root/ros2_ws/build/robot_shooter/model/patok_anoman/model.sdf -> /root/ros2_ws/install/robot_shooter/share/robot_shooter/model
symbolically linking /root/ros2_ws/build/robot_shooter/model/patok_durna/model.config -> /root/ros2_ws/install/robot_shooter/share/robot_shooter/model
symbolically linking /root/ros2_ws/build/robot_shooter/model/patok_durna/model.sdf -> /root/ros2_ws/install/robot_shooter/share/robot_shooter/model
symbolically linking /root/ros2_ws/build/robot_shooter/model/patok_petruk/model.config -> /root/ros2_ws/install/robot_shooter/share/robot_shooter/model
symbolically linking /root/ros2_ws/build/robot_shooter/model/patok_petruk/model.sdf -> /root/ros2_ws/install/robot_shooter/share/robot_shooter/model
symbolically linking /root/ros2_ws/build/robot_shooter/model/patok_wayang1/model.config -> /root/ros2_ws/install/robot_shooter/share/robot_shooter/model
symbolically linking /root/ros2_ws/build/robot_shooter/model/patok_wayang1/model.sdf -> /root/ros2_ws/install/robot_shooter/share/robot_shooter/model
symbolically linking /root/ros2_ws/build/robot_shooter/model/patok_wayang2/model.config -> /root/ros2_ws/install/robot_shooter/share/robot_shooter/model
symbolically linking /root/ros2_ws/build/robot_shooter/model/patok_wayang2/model.sdf -> /root/ros2_ws/install/robot_shooter/share/robot_shooter/model
symbolically linking /root/ros2_ws/build/robot_shooter/model/patok_wayang2/patok_wayang_2/model.config -> /root/ros2_ws/install/robot_shooter/share/robot_shooter/model
symbolically linking /root/ros2_ws/build/robot_shooter/model/patok_wayang2/patok_wayang_2/model.sdf -> /root/ros2_ws/install/robot_shooter/share/robot_shooter/model
symbolically linking /root/ros2_ws/build/robot_shooter/model/patok_wayang_3/model.config -> /root/ros2_ws/install/robot_shooter/share/robot_shooter/model
symbolically linking /root/ros2_ws/build/robot_shooter/model/patok_wayang_3/model.sdf -> /root/ros2_ws/install/robot_shooter/share/robot_shooter/model
symbolically linking /root/ros2_ws/build/robot_shooter/rviz/rviz.rviz -> /root/ros2_ws/install/robot_shooter/share/robot_shooter/rviz
symbolically linking /root/ros2_ws/build/robot_shooter/rviz/turret_config.rviz -> /root/ros2_ws/install/robot_shooter/share/robot_shooter/rviz
symbolically linking /root/ros2_ws/build/robot_shooter/meshes/ANOMAN.dae -> /root/ros2_ws/install/robot_shooter/share/robot_shooter/meshes
symbolically linking /root/ros2_ws/build/robot_shooter/meshes/anoman001a.jpg.002.jpg -> /root/ros2_ws/install/robot_shooter/share/robot_shooter/meshes
symbolically linking /root/ros2_ws/build/robot_shooter/meshes/barrel.stl -> /root/ros2_ws/install/robot_shooter/share/robot_shooter/meshes
symbolically linking /root/ros2_ws/build/robot_shooter/meshes/barrel2.stl -> /root/ros2_ws/install/robot_shooter/share/robot_shooter/meshes
symbolically linking /root/ros2_ws/build/robot_shooter/meshes/burisrawa.jpg -> /root/ros2_ws/install/robot_shooter/share/robot_shooter/meshes
symbolically linking /root/ros2_ws/build/robot_shooter/meshes/DURNA.dae -> /root/ros2_ws/install/robot_shooter/share/robot_shooter/meshes
symbolically linking /root/ros2_ws/build/robot_shooter/meshes/durna.jpg -> /root/ros2_ws/install/robot_shooter/share/robot_shooter/meshes
symbolically linking /root/ros2_ws/build/robot_shooter/meshes/patok_wayang2_durna.dae -> /root/ros2_ws/install/robot_shooter/share/robot_shooter/meshes
symbolically linking /root/ros2_ws/build/robot_shooter/meshes/PETRUK.dae -> /root/ros2_ws/install/robot_shooter/share/robot_shooter/meshes
symbolically linking /root/ros2_ws/build/robot_shooter/meshes/petruk.jpg -> /root/ros2_ws/install/robot_shooter/share/robot_shooter/meshes
symbolically linking /root/ros2_ws/build/robot_shooter/meshes/robot.stl -> /root/ros2_ws/install/robot_shooter/share/robot_shooter/meshes
symbolically linking /root/ros2_ws/build/robot_shooter/meshes/sengkuni 450x620.png -> /root/ros2_ws/install/robot_shooter/share/robot_shooter/meshes
symbolically linking /root/ros2_ws/build/robot_shooter/meshes/target_wayang.dae -> /root/ros2_ws/install/robot_shooter/share/robot_shooter/meshes
symbolically linking /root/ros2_ws/build/robot_shooter/config/shooter_controllers.yaml -> /root/ros2_ws/install/robot_shooter/share/robot_shooter/config
