[3.140s] Invoking command in '/root/ros2_ws/src/robot_shooter': PYTHONPATH=/root/ros2_ws/build/robot_shooter/prefix_override:/usr/lib/python3/dist-packages/colcon_core/task/python/colcon_distutils_commands:/root/ros2_ws/install/robot_shooter/lib/python3.10/site-packages:${PYTHONPATH} /usr/bin/python3 -W ignore:setup.py install is deprecated -W ignore:easy_install command is deprecated setup.py egg_info --egg-base ../../build/robot_shooter build --build-base /root/ros2_ws/build/robot_shooter/build install --record /root/ros2_ws/build/robot_shooter/install.log --single-version-externally-managed install_data
[4.547s] running egg_info
[4.558s] writing ../../build/robot_shooter/robot_shooter.egg-info/PKG-INFO
[4.573s] writing dependency_links to ../../build/robot_shooter/robot_shooter.egg-info/dependency_links.txt
[4.585s] writing entry points to ../../build/robot_shooter/robot_shooter.egg-info/entry_points.txt
[4.593s] writing requirements to ../../build/robot_shooter/robot_shooter.egg-info/requires.txt
[4.599s] writing top-level names to ../../build/robot_shooter/robot_shooter.egg-info/top_level.txt
[4.738s] reading manifest file '../../build/robot_shooter/robot_shooter.egg-info/SOURCES.txt'
[4.939s] writing manifest file '../../build/robot_shooter/robot_shooter.egg-info/SOURCES.txt'
[4.945s] running build
[4.947s] running build_py
[5.022s] copying robot_shooter/sift.py -> /root/ros2_ws/build/robot_shooter/build/lib/robot_shooter
[5.138s] running install
[5.140s] running install_lib
[5.272s] copying /root/ros2_ws/build/robot_shooter/build/lib/robot_shooter/sift.py -> /root/ros2_ws/install/robot_shooter/lib/python3.10/site-packages/robot_shooter
[5.513s] byte-compiling /root/ros2_ws/install/robot_shooter/lib/python3.10/site-packages/robot_shooter/sift.py to sift.cpython-310.pyc
[5.665s] running install_data
[5.926s] copying meshes/durna.jpg -> /root/ros2_ws/install/robot_shooter/share/robot_shooter/meshes
[6.069s] running install_egg_info
[6.089s] removing '/root/ros2_ws/install/robot_shooter/lib/python3.10/site-packages/robot_shooter-0.0.0-py3.10.egg-info' (and everything under it)
[6.187s] Copying ../../build/robot_shooter/robot_shooter.egg-info to /root/ros2_ws/install/robot_shooter/lib/python3.10/site-packages/robot_shooter-0.0.0-py3.10.egg-info
[6.614s] running install_scripts
[6.735s] Installing first_node script to /root/ros2_ws/install/robot_shooter/lib/robot_shooter
[6.753s] Installing image_pub script to /root/ros2_ws/install/robot_shooter/lib/robot_shooter
[6.772s] Installing image_sub script to /root/ros2_ws/install/robot_shooter/lib/robot_shooter
[6.792s] Installing listener script to /root/ros2_ws/install/robot_shooter/lib/robot_shooter
[6.811s] Installing sender script to /root/ros2_ws/install/robot_shooter/lib/robot_shooter
[6.832s] writing list of installed files to '/root/ros2_ws/build/robot_shooter/install.log'
[6.885s] Invoked command in '/root/ros2_ws/src/robot_shooter' returned '0': PYTHONPATH=/root/ros2_ws/build/robot_shooter/prefix_override:/usr/lib/python3/dist-packages/colcon_core/task/python/colcon_distutils_commands:/root/ros2_ws/install/robot_shooter/lib/python3.10/site-packages:${PYTHONPATH} /usr/bin/python3 -W ignore:setup.py install is deprecated -W ignore:easy_install command is deprecated setup.py egg_info --egg-base ../../build/robot_shooter build --build-base /root/ros2_ws/build/robot_shooter/build install --record /root/ros2_ws/build/robot_shooter/install.log --single-version-externally-managed install_data
