[7.314s] Invoking command in '/root/ros2_ws/src/robot_shooter': PYTHONPATH=/root/ros2_ws/build/robot_shooter/prefix_override:/usr/lib/python3/dist-packages/colcon_core/task/python/colcon_distutils_commands:/root/ros2_ws/install/robot_shooter/lib/python3.10/site-packages:${PYTHONPATH} /usr/bin/python3 -W ignore:setup.py install is deprecated -W ignore:easy_install command is deprecated setup.py egg_info --egg-base ../../build/robot_shooter build --build-base /root/ros2_ws/build/robot_shooter/build install --record /root/ros2_ws/build/robot_shooter/install.log --single-version-externally-managed install_data
[10.469s] running egg_info
[10.514s] writing ../../build/robot_shooter/robot_shooter.egg-info/PKG-INFO
[10.534s] writing dependency_links to ../../build/robot_shooter/robot_shooter.egg-info/dependency_links.txt
[10.558s] writing entry points to ../../build/robot_shooter/robot_shooter.egg-info/entry_points.txt
[10.584s] writing requirements to ../../build/robot_shooter/robot_shooter.egg-info/requires.txt
[10.598s] writing top-level names to ../../build/robot_shooter/robot_shooter.egg-info/top_level.txt
[10.953s] reading manifest file '../../build/robot_shooter/robot_shooter.egg-info/SOURCES.txt'
[11.517s] writing manifest file '../../build/robot_shooter/robot_shooter.egg-info/SOURCES.txt'
[11.528s] running build
[11.530s] running build_py
[11.652s] copying robot_shooter/image_sub.py -> /root/ros2_ws/build/robot_shooter/build/lib/robot_shooter
[11.735s] copying robot_shooter/sift.py -> /root/ros2_ws/build/robot_shooter/build/lib/robot_shooter
[11.996s] running install
[12.000s] running install_lib
[12.284s] copying /root/ros2_ws/build/robot_shooter/build/lib/robot_shooter/image_sub.py -> /root/ros2_ws/install/robot_shooter/lib/python3.10/site-packages/robot_shooter
[12.414s] copying /root/ros2_ws/build/robot_shooter/build/lib/robot_shooter/sift.py -> /root/ros2_ws/install/robot_shooter/lib/python3.10/site-packages/robot_shooter
[12.977s] byte-compiling /root/ros2_ws/install/robot_shooter/lib/python3.10/site-packages/robot_shooter/image_sub.py to image_sub.cpython-310.pyc
[13.118s] byte-compiling /root/ros2_ws/install/robot_shooter/lib/python3.10/site-packages/robot_shooter/sift.py to sift.cpython-310.pyc
[13.430s] running install_data
[14.396s] running install_egg_info
[14.457s] removing '/root/ros2_ws/install/robot_shooter/lib/python3.10/site-packages/robot_shooter-0.0.0-py3.10.egg-info' (and everything under it)
[14.756s] Copying ../../build/robot_shooter/robot_shooter.egg-info to /root/ros2_ws/install/robot_shooter/lib/python3.10/site-packages/robot_shooter-0.0.0-py3.10.egg-info
[15.521s] running install_scripts
[15.788s] Installing camera_capture script to /root/ros2_ws/install/robot_shooter/lib/robot_shooter
[15.848s] Installing first_node script to /root/ros2_ws/install/robot_shooter/lib/robot_shooter
[15.883s] Installing image_pub script to /root/ros2_ws/install/robot_shooter/lib/robot_shooter
[15.918s] Installing image_sub script to /root/ros2_ws/install/robot_shooter/lib/robot_shooter
[15.947s] Installing listener script to /root/ros2_ws/install/robot_shooter/lib/robot_shooter
[15.988s] Installing sender script to /root/ros2_ws/install/robot_shooter/lib/robot_shooter
[16.034s] Installing target_deleter script to /root/ros2_ws/install/robot_shooter/lib/robot_shooter
[16.068s] writing list of installed files to '/root/ros2_ws/build/robot_shooter/install.log'
[16.186s] Invoked command in '/root/ros2_ws/src/robot_shooter' returned '0': PYTHONPATH=/root/ros2_ws/build/robot_shooter/prefix_override:/usr/lib/python3/dist-packages/colcon_core/task/python/colcon_distutils_commands:/root/ros2_ws/install/robot_shooter/lib/python3.10/site-packages:${PYTHONPATH} /usr/bin/python3 -W ignore:setup.py install is deprecated -W ignore:easy_install command is deprecated setup.py egg_info --egg-base ../../build/robot_shooter build --build-base /root/ros2_ws/build/robot_shooter/build install --record /root/ros2_ws/build/robot_shooter/install.log --single-version-externally-managed install_data
