[9.780s] Invoking command in '/root/ros2_ws/src/robot_shooter': PYTHONPATH=/root/ros2_ws/build/robot_shooter/prefix_override:/usr/lib/python3/dist-packages/colcon_core/task/python/colcon_distutils_commands:/root/ros2_ws/install/robot_shooter/lib/python3.10/site-packages:${PYTHONPATH} /usr/bin/python3 -W ignore:setup.py install is deprecated -W ignore:easy_install command is deprecated setup.py egg_info --egg-base ../../build/robot_shooter build --build-base /root/ros2_ws/build/robot_shooter/build install --record /root/ros2_ws/build/robot_shooter/install.log --single-version-externally-managed install_data
[13.679s] running egg_info
[13.701s] writing ../../build/robot_shooter/robot_shooter.egg-info/PKG-INFO
[13.732s] writing dependency_links to ../../build/robot_shooter/robot_shooter.egg-info/dependency_links.txt
[13.764s] writing entry points to ../../build/robot_shooter/robot_shooter.egg-info/entry_points.txt
[13.797s] writing requirements to ../../build/robot_shooter/robot_shooter.egg-info/requires.txt
[13.810s] writing top-level names to ../../build/robot_shooter/robot_shooter.egg-info/top_level.txt
[14.152s] reading manifest file '../../build/robot_shooter/robot_shooter.egg-info/SOURCES.txt'
[14.646s] writing manifest file '../../build/robot_shooter/robot_shooter.egg-info/SOURCES.txt'
[14.666s] running build
[14.669s] running build_py
[14.901s] copying robot_shooter/sift.py -> /root/ros2_ws/build/robot_shooter/build/lib/robot_shooter
[15.188s] running install
[15.194s] running install_lib
[15.530s] copying /root/ros2_ws/build/robot_shooter/build/lib/robot_shooter/sift.py -> /root/ros2_ws/install/robot_shooter/lib/python3.10/site-packages/robot_shooter
[16.208s] byte-compiling /root/ros2_ws/install/robot_shooter/lib/python3.10/site-packages/robot_shooter/sift.py to sift.cpython-310.pyc
[16.581s] running install_data
[17.543s] running install_egg_info
[17.588s] removing '/root/ros2_ws/install/robot_shooter/lib/python3.10/site-packages/robot_shooter-0.0.0-py3.10.egg-info' (and everything under it)
[17.840s] Copying ../../build/robot_shooter/robot_shooter.egg-info to /root/ros2_ws/install/robot_shooter/lib/python3.10/site-packages/robot_shooter-0.0.0-py3.10.egg-info
[19.014s] running install_scripts
[19.331s] Installing first_node script to /root/ros2_ws/install/robot_shooter/lib/robot_shooter
[19.380s] Installing image_pub script to /root/ros2_ws/install/robot_shooter/lib/robot_shooter
[19.431s] Installing image_sub script to /root/ros2_ws/install/robot_shooter/lib/robot_shooter
[19.481s] Installing listener script to /root/ros2_ws/install/robot_shooter/lib/robot_shooter
[19.512s] Installing sender script to /root/ros2_ws/install/robot_shooter/lib/robot_shooter
[19.574s] writing list of installed files to '/root/ros2_ws/build/robot_shooter/install.log'
[19.770s] Invoked command in '/root/ros2_ws/src/robot_shooter' returned '0': PYTHONPATH=/root/ros2_ws/build/robot_shooter/prefix_override:/usr/lib/python3/dist-packages/colcon_core/task/python/colcon_distutils_commands:/root/ros2_ws/install/robot_shooter/lib/python3.10/site-packages:${PYTHONPATH} /usr/bin/python3 -W ignore:setup.py install is deprecated -W ignore:easy_install command is deprecated setup.py egg_info --egg-base ../../build/robot_shooter build --build-base /root/ros2_ws/build/robot_shooter/build install --record /root/ros2_ws/build/robot_shooter/install.log --single-version-externally-managed install_data
