[7.516s] Invoking command in '/root/ros2_ws/src/robot_shooter': PYTHONPATH=/root/ros2_ws/build/robot_shooter/prefix_override:/usr/lib/python3/dist-packages/colcon_core/task/python/colcon_distutils_commands:/root/ros2_ws/install/robot_shooter/lib/python3.10/site-packages:${PYTHONPATH} /usr/bin/python3 -W ignore:setup.py install is deprecated -W ignore:easy_install command is deprecated setup.py egg_info --egg-base ../../build/robot_shooter build --build-base /root/ros2_ws/build/robot_shooter/build install --record /root/ros2_ws/build/robot_shooter/install.log --single-version-externally-managed install_data
[10.615s] running egg_info
[10.641s] writing ../../build/robot_shooter/robot_shooter.egg-info/PKG-INFO
[10.656s] writing dependency_links to ../../build/robot_shooter/robot_shooter.egg-info/dependency_links.txt
[10.695s] writing entry points to ../../build/robot_shooter/robot_shooter.egg-info/entry_points.txt
[10.707s] writing requirements to ../../build/robot_shooter/robot_shooter.egg-info/requires.txt
[10.715s] writing top-level names to ../../build/robot_shooter/robot_shooter.egg-info/top_level.txt
[11.027s] reading manifest file '../../build/robot_shooter/robot_shooter.egg-info/SOURCES.txt'
[11.594s] writing manifest file '../../build/robot_shooter/robot_shooter.egg-info/SOURCES.txt'
[11.598s] running build
[11.604s] running build_py
[11.760s] copying robot_shooter/sift.py -> /root/ros2_ws/build/robot_shooter/build/lib/robot_shooter
[11.995s] running install
[11.996s] running install_lib
[12.331s] copying /root/ros2_ws/build/robot_shooter/build/lib/robot_shooter/sift.py -> /root/ros2_ws/install/robot_shooter/lib/python3.10/site-packages/robot_shooter
[12.966s] byte-compiling /root/ros2_ws/install/robot_shooter/lib/python3.10/site-packages/robot_shooter/sift.py to sift.cpython-310.pyc
[13.341s] running install_data
[14.335s] running install_egg_info
[14.426s] removing '/root/ros2_ws/install/robot_shooter/lib/python3.10/site-packages/robot_shooter-0.0.0-py3.10.egg-info' (and everything under it)
[14.606s] Copying ../../build/robot_shooter/robot_shooter.egg-info to /root/ros2_ws/install/robot_shooter/lib/python3.10/site-packages/robot_shooter-0.0.0-py3.10.egg-info
[15.391s] running install_scripts
[15.672s] Installing camera_capture script to /root/ros2_ws/install/robot_shooter/lib/robot_shooter
[15.714s] Installing first_node script to /root/ros2_ws/install/robot_shooter/lib/robot_shooter
[15.767s] Installing image_pub script to /root/ros2_ws/install/robot_shooter/lib/robot_shooter
[15.793s] Installing image_sub script to /root/ros2_ws/install/robot_shooter/lib/robot_shooter
[15.830s] Installing listener script to /root/ros2_ws/install/robot_shooter/lib/robot_shooter
[15.876s] Installing sender script to /root/ros2_ws/install/robot_shooter/lib/robot_shooter
[15.903s] Installing target_deleter script to /root/ros2_ws/install/robot_shooter/lib/robot_shooter
[15.951s] writing list of installed files to '/root/ros2_ws/build/robot_shooter/install.log'
[16.061s] Invoked command in '/root/ros2_ws/src/robot_shooter' returned '0': PYTHONPATH=/root/ros2_ws/build/robot_shooter/prefix_override:/usr/lib/python3/dist-packages/colcon_core/task/python/colcon_distutils_commands:/root/ros2_ws/install/robot_shooter/lib/python3.10/site-packages:${PYTHONPATH} /usr/bin/python3 -W ignore:setup.py install is deprecated -W ignore:easy_install command is deprecated setup.py egg_info --egg-base ../../build/robot_shooter build --build-base /root/ros2_ws/build/robot_shooter/build install --record /root/ros2_ws/build/robot_shooter/install.log --single-version-externally-managed install_data
