[8.050s] Invoking command in '/root/ros2_ws/src/robot_shooter': PYTHONPATH=/root/ros2_ws/build/robot_shooter/prefix_override:/usr/lib/python3/dist-packages/colcon_core/task/python/colcon_distutils_commands:/root/ros2_ws/install/robot_shooter/lib/python3.10/site-packages:${PYTHONPATH} /usr/bin/python3 -W ignore:setup.py install is deprecated -W ignore:easy_install command is deprecated setup.py egg_info --egg-base ../../build/robot_shooter build --build-base /root/ros2_ws/build/robot_shooter/build install --record /root/ros2_ws/build/robot_shooter/install.log --single-version-externally-managed install_data
[11.735s] running egg_info
[11.775s] writing ../../build/robot_shooter/robot_shooter.egg-info/PKG-INFO
[11.796s] writing dependency_links to ../../build/robot_shooter/robot_shooter.egg-info/dependency_links.txt
[11.833s] writing entry points to ../../build/robot_shooter/robot_shooter.egg-info/entry_points.txt
[11.850s] writing requirements to ../../build/robot_shooter/robot_shooter.egg-info/requires.txt
[11.862s] writing top-level names to ../../build/robot_shooter/robot_shooter.egg-info/top_level.txt
[12.198s] reading manifest file '../../build/robot_shooter/robot_shooter.egg-info/SOURCES.txt'
[12.821s] writing manifest file '../../build/robot_shooter/robot_shooter.egg-info/SOURCES.txt'
[12.823s] running build
[12.825s] running build_py
[12.954s] copying robot_shooter/image_sub.py -> /root/ros2_ws/build/robot_shooter/build/lib/robot_shooter
[13.298s] running install
[13.300s] running install_lib
[13.588s] copying /root/ros2_ws/build/robot_shooter/build/lib/robot_shooter/image_sub.py -> /root/ros2_ws/install/robot_shooter/lib/python3.10/site-packages/robot_shooter
[14.276s] byte-compiling /root/ros2_ws/install/robot_shooter/lib/python3.10/site-packages/robot_shooter/image_sub.py to image_sub.cpython-310.pyc
[14.668s] running install_data
[15.757s] running install_egg_info
[15.795s] removing '/root/ros2_ws/install/robot_shooter/lib/python3.10/site-packages/robot_shooter-0.0.0-py3.10.egg-info' (and everything under it)
[15.995s] Copying ../../build/robot_shooter/robot_shooter.egg-info to /root/ros2_ws/install/robot_shooter/lib/python3.10/site-packages/robot_shooter-0.0.0-py3.10.egg-info
[16.834s] running install_scripts
[17.120s] Installing camera_capture script to /root/ros2_ws/install/robot_shooter/lib/robot_shooter
[17.163s] Installing first_node script to /root/ros2_ws/install/robot_shooter/lib/robot_shooter
[17.212s] Installing image_pub script to /root/ros2_ws/install/robot_shooter/lib/robot_shooter
[17.251s] Installing image_sub script to /root/ros2_ws/install/robot_shooter/lib/robot_shooter
[17.287s] Installing listener script to /root/ros2_ws/install/robot_shooter/lib/robot_shooter
[17.319s] Installing sender script to /root/ros2_ws/install/robot_shooter/lib/robot_shooter
[17.342s] Installing target_deleter script to /root/ros2_ws/install/robot_shooter/lib/robot_shooter
[17.368s] writing list of installed files to '/root/ros2_ws/build/robot_shooter/install.log'
[17.553s] Invoked command in '/root/ros2_ws/src/robot_shooter' returned '0': PYTHONPATH=/root/ros2_ws/build/robot_shooter/prefix_override:/usr/lib/python3/dist-packages/colcon_core/task/python/colcon_distutils_commands:/root/ros2_ws/install/robot_shooter/lib/python3.10/site-packages:${PYTHONPATH} /usr/bin/python3 -W ignore:setup.py install is deprecated -W ignore:easy_install command is deprecated setup.py egg_info --egg-base ../../build/robot_shooter build --build-base /root/ros2_ws/build/robot_shooter/build install --record /root/ros2_ws/build/robot_shooter/install.log --single-version-externally-managed install_data
