[4.537s] Invoking command in '/root/ros2_ws/src/robot_shooter': PYTHONPATH=/root/ros2_ws/build/robot_shooter/prefix_override:/usr/lib/python3/dist-packages/colcon_core/task/python/colcon_distutils_commands:/root/ros2_ws/install/robot_shooter/lib/python3.10/site-packages:${PYTHONPATH} /usr/bin/python3 -W ignore:setup.py install is deprecated -W ignore:easy_install command is deprecated setup.py egg_info --egg-base ../../build/robot_shooter build --build-base /root/ros2_ws/build/robot_shooter/build install --record /root/ros2_ws/build/robot_shooter/install.log --single-version-externally-managed install_data
[5.826s] running egg_info
[5.834s] writing ../../build/robot_shooter/robot_shooter.egg-info/PKG-INFO
[5.844s] writing dependency_links to ../../build/robot_shooter/robot_shooter.egg-info/dependency_links.txt
[5.853s] writing entry points to ../../build/robot_shooter/robot_shooter.egg-info/entry_points.txt
[5.861s] writing requirements to ../../build/robot_shooter/robot_shooter.egg-info/requires.txt
[5.866s] writing top-level names to ../../build/robot_shooter/robot_shooter.egg-info/top_level.txt
[5.983s] reading manifest file '../../build/robot_shooter/robot_shooter.egg-info/SOURCES.txt'
[6.164s] writing manifest file '../../build/robot_shooter/robot_shooter.egg-info/SOURCES.txt'
[6.168s] running build
[6.170s] running build_py
[6.317s] running install
[6.318s] running install_lib
[6.726s] running install_data
[6.983s] copying meshes/patok_wayang2_durna.dae -> /root/ros2_ws/install/robot_shooter/share/robot_shooter/meshes
[7.086s] running install_egg_info
[7.104s] removing '/root/ros2_ws/install/robot_shooter/lib/python3.10/site-packages/robot_shooter-0.0.0-py3.10.egg-info' (and everything under it)
[7.199s] Copying ../../build/robot_shooter/robot_shooter.egg-info to /root/ros2_ws/install/robot_shooter/lib/python3.10/site-packages/robot_shooter-0.0.0-py3.10.egg-info
[7.617s] running install_scripts
[7.734s] Installing first_node script to /root/ros2_ws/install/robot_shooter/lib/robot_shooter
[7.754s] Installing image_pub script to /root/ros2_ws/install/robot_shooter/lib/robot_shooter
[7.772s] Installing image_sub script to /root/ros2_ws/install/robot_shooter/lib/robot_shooter
[7.795s] Installing listener script to /root/ros2_ws/install/robot_shooter/lib/robot_shooter
[7.815s] Installing sender script to /root/ros2_ws/install/robot_shooter/lib/robot_shooter
[7.836s] writing list of installed files to '/root/ros2_ws/build/robot_shooter/install.log'
[7.897s] Invoked command in '/root/ros2_ws/src/robot_shooter' returned '0': PYTHONPATH=/root/ros2_ws/build/robot_shooter/prefix_override:/usr/lib/python3/dist-packages/colcon_core/task/python/colcon_distutils_commands:/root/ros2_ws/install/robot_shooter/lib/python3.10/site-packages:${PYTHONPATH} /usr/bin/python3 -W ignore:setup.py install is deprecated -W ignore:easy_install command is deprecated setup.py egg_info --egg-base ../../build/robot_shooter build --build-base /root/ros2_ws/build/robot_shooter/build install --record /root/ros2_ws/build/robot_shooter/install.log --single-version-externally-managed install_data
