[12.180s] Invoking command in '/root/ros2_ws/src/robot_shooter': PYTHONPATH=/root/ros2_ws/build/robot_shooter/prefix_override:/usr/lib/python3/dist-packages/colcon_core/task/python/colcon_distutils_commands:/root/ros2_ws/install/robot_shooter/lib/python3.10/site-packages:${PYTHONPATH} /usr/bin/python3 -W ignore:setup.py install is deprecated -W ignore:easy_install command is deprecated setup.py egg_info --egg-base ../../build/robot_shooter build --build-base /root/ros2_ws/build/robot_shooter/build install --record /root/ros2_ws/build/robot_shooter/install.log --single-version-externally-managed install_data
[17.479s] running egg_info
[17.528s] writing ../../build/robot_shooter/robot_shooter.egg-info/PKG-INFO
[17.558s] writing dependency_links to ../../build/robot_shooter/robot_shooter.egg-info/dependency_links.txt
[17.598s] writing entry points to ../../build/robot_shooter/robot_shooter.egg-info/entry_points.txt
[17.619s] writing requirements to ../../build/robot_shooter/robot_shooter.egg-info/requires.txt
[17.657s] writing top-level names to ../../build/robot_shooter/robot_shooter.egg-info/top_level.txt
[18.097s] reading manifest file '../../build/robot_shooter/robot_shooter.egg-info/SOURCES.txt'
[18.913s] writing manifest file '../../build/robot_shooter/robot_shooter.egg-info/SOURCES.txt'
[18.918s] running build
[18.934s] running build_py
[19.061s] copying robot_shooter/image_sub.py -> /root/ros2_ws/build/robot_shooter/build/lib/robot_shooter
[19.242s] copying robot_shooter/sift.py -> /root/ros2_ws/build/robot_shooter/build/lib/robot_shooter
[19.588s] running install
[19.593s] running install_lib
[19.917s] copying /root/ros2_ws/build/robot_shooter/build/lib/robot_shooter/image_sub.py -> /root/ros2_ws/install/robot_shooter/lib/python3.10/site-packages/robot_shooter
[20.135s] copying /root/ros2_ws/build/robot_shooter/build/lib/robot_shooter/sift.py -> /root/ros2_ws/install/robot_shooter/lib/python3.10/site-packages/robot_shooter
[20.881s] byte-compiling /root/ros2_ws/install/robot_shooter/lib/python3.10/site-packages/robot_shooter/image_sub.py to image_sub.cpython-310.pyc
[21.116s] byte-compiling /root/ros2_ws/install/robot_shooter/lib/python3.10/site-packages/robot_shooter/sift.py to sift.cpython-310.pyc
[21.684s] running install_data
[22.930s] running install_egg_info
[22.968s] removing '/root/ros2_ws/install/robot_shooter/lib/python3.10/site-packages/robot_shooter-0.0.0-py3.10.egg-info' (and everything under it)
[23.276s] Copying ../../build/robot_shooter/robot_shooter.egg-info to /root/ros2_ws/install/robot_shooter/lib/python3.10/site-packages/robot_shooter-0.0.0-py3.10.egg-info
[24.608s] running install_scripts
[25.129s] Installing first_node script to /root/ros2_ws/install/robot_shooter/lib/robot_shooter
[25.208s] Installing image_pub script to /root/ros2_ws/install/robot_shooter/lib/robot_shooter
[25.298s] Installing image_sub script to /root/ros2_ws/install/robot_shooter/lib/robot_shooter
[25.402s] Installing listener script to /root/ros2_ws/install/robot_shooter/lib/robot_shooter
[25.470s] Installing sender script to /root/ros2_ws/install/robot_shooter/lib/robot_shooter
[25.554s] writing list of installed files to '/root/ros2_ws/build/robot_shooter/install.log'
[25.731s] Invoked command in '/root/ros2_ws/src/robot_shooter' returned '0': PYTHONPATH=/root/ros2_ws/build/robot_shooter/prefix_override:/usr/lib/python3/dist-packages/colcon_core/task/python/colcon_distutils_commands:/root/ros2_ws/install/robot_shooter/lib/python3.10/site-packages:${PYTHONPATH} /usr/bin/python3 -W ignore:setup.py install is deprecated -W ignore:easy_install command is deprecated setup.py egg_info --egg-base ../../build/robot_shooter build --build-base /root/ros2_ws/build/robot_shooter/build install --record /root/ros2_ws/build/robot_shooter/install.log --single-version-externally-managed install_data
