[6.751s] Invoking command in '/root/ros2_ws/src/robot_shooter': PYTHONPATH=/root/ros2_ws/build/robot_shooter/prefix_override:/usr/lib/python3/dist-packages/colcon_core/task/python/colcon_distutils_commands:/root/ros2_ws/install/robot_shooter/lib/python3.10/site-packages:${PYTHONPATH} /usr/bin/python3 -W ignore:setup.py install is deprecated -W ignore:easy_install command is deprecated setup.py egg_info --egg-base ../../build/robot_shooter build --build-base /root/ros2_ws/build/robot_shooter/build install --record /root/ros2_ws/build/robot_shooter/install.log --single-version-externally-managed install_data
[10.100s] running egg_info
[10.121s] writing ../../build/robot_shooter/robot_shooter.egg-info/PKG-INFO
[10.160s] writing dependency_links to ../../build/robot_shooter/robot_shooter.egg-info/dependency_links.txt
[10.190s] writing entry points to ../../build/robot_shooter/robot_shooter.egg-info/entry_points.txt
[10.209s] writing requirements to ../../build/robot_shooter/robot_shooter.egg-info/requires.txt
[10.220s] writing top-level names to ../../build/robot_shooter/robot_shooter.egg-info/top_level.txt
[10.565s] reading manifest file '../../build/robot_shooter/robot_shooter.egg-info/SOURCES.txt'
[11.132s] writing manifest file '../../build/robot_shooter/robot_shooter.egg-info/SOURCES.txt'
[11.143s] running build
[11.146s] running build_py
[11.343s] copying robot_shooter/target_deleter.py -> /root/ros2_ws/build/robot_shooter/build/lib/robot_shooter
[11.535s] running install
[11.539s] running install_lib
[11.868s] copying /root/ros2_ws/build/robot_shooter/build/lib/robot_shooter/target_deleter.py -> /root/ros2_ws/install/robot_shooter/lib/python3.10/site-packages/robot_shooter
[12.352s] byte-compiling /root/ros2_ws/install/robot_shooter/lib/python3.10/site-packages/robot_shooter/target_deleter.py to target_deleter.cpython-310.pyc
[12.599s] running install_data
[13.566s] running install_egg_info
[13.596s] removing '/root/ros2_ws/install/robot_shooter/lib/python3.10/site-packages/robot_shooter-0.0.0-py3.10.egg-info' (and everything under it)
[13.775s] Copying ../../build/robot_shooter/robot_shooter.egg-info to /root/ros2_ws/install/robot_shooter/lib/python3.10/site-packages/robot_shooter-0.0.0-py3.10.egg-info
[14.485s] running install_scripts
[14.758s] Installing camera_capture script to /root/ros2_ws/install/robot_shooter/lib/robot_shooter
[14.791s] Installing first_node script to /root/ros2_ws/install/robot_shooter/lib/robot_shooter
[14.832s] Installing image_pub script to /root/ros2_ws/install/robot_shooter/lib/robot_shooter
[14.891s] Installing image_sub script to /root/ros2_ws/install/robot_shooter/lib/robot_shooter
[14.961s] Installing listener script to /root/ros2_ws/install/robot_shooter/lib/robot_shooter
[15.005s] Installing sender script to /root/ros2_ws/install/robot_shooter/lib/robot_shooter
[15.043s] Installing target_deleter script to /root/ros2_ws/install/robot_shooter/lib/robot_shooter
[15.109s] writing list of installed files to '/root/ros2_ws/build/robot_shooter/install.log'
[15.217s] Invoked command in '/root/ros2_ws/src/robot_shooter' returned '0': PYTHONPATH=/root/ros2_ws/build/robot_shooter/prefix_override:/usr/lib/python3/dist-packages/colcon_core/task/python/colcon_distutils_commands:/root/ros2_ws/install/robot_shooter/lib/python3.10/site-packages:${PYTHONPATH} /usr/bin/python3 -W ignore:setup.py install is deprecated -W ignore:easy_install command is deprecated setup.py egg_info --egg-base ../../build/robot_shooter build --build-base /root/ros2_ws/build/robot_shooter/build install --record /root/ros2_ws/build/robot_shooter/install.log --single-version-externally-managed install_data
