[3.314s] Invoking command in '/root/ros2_ws/src/robot_shooter': PYTHONPATH=/root/ros2_ws/build/robot_shooter/prefix_override:/usr/lib/python3/dist-packages/colcon_core/task/python/colcon_distutils_commands:/root/ros2_ws/install/robot_shooter/lib/python3.10/site-packages:${PYTHONPATH} /usr/bin/python3 -W ignore:setup.py install is deprecated -W ignore:easy_install command is deprecated setup.py egg_info --egg-base ../../build/robot_shooter build --build-base /root/ros2_ws/build/robot_shooter/build install --record /root/ros2_ws/build/robot_shooter/install.log --single-version-externally-managed install_data
[4.738s] running egg_info
[4.750s] writing ../../build/robot_shooter/robot_shooter.egg-info/PKG-INFO
[4.762s] writing dependency_links to ../../build/robot_shooter/robot_shooter.egg-info/dependency_links.txt
[4.773s] writing entry points to ../../build/robot_shooter/robot_shooter.egg-info/entry_points.txt
[4.781s] writing requirements to ../../build/robot_shooter/robot_shooter.egg-info/requires.txt
[4.787s] writing top-level names to ../../build/robot_shooter/robot_shooter.egg-info/top_level.txt
[4.918s] reading manifest file '../../build/robot_shooter/robot_shooter.egg-info/SOURCES.txt'
[5.157s] writing manifest file '../../build/robot_shooter/robot_shooter.egg-info/SOURCES.txt'
[5.162s] running build
[5.164s] running build_py
[5.210s] copying robot_shooter/image_sub.py -> /root/ros2_ws/build/robot_shooter/build/lib/robot_shooter
[5.366s] running install
[5.368s] running install_lib
[5.473s] copying /root/ros2_ws/build/robot_shooter/build/lib/robot_shooter/image_sub.py -> /root/ros2_ws/install/robot_shooter/lib/python3.10/site-packages/robot_shooter
[5.744s] byte-compiling /root/ros2_ws/install/robot_shooter/lib/python3.10/site-packages/robot_shooter/image_sub.py to image_sub.cpython-310.pyc
[5.949s] running install_data
[6.352s] running install_egg_info
[6.376s] removing '/root/ros2_ws/install/robot_shooter/lib/python3.10/site-packages/robot_shooter-0.0.0-py3.10.egg-info' (and everything under it)
[6.481s] Copying ../../build/robot_shooter/robot_shooter.egg-info to /root/ros2_ws/install/robot_shooter/lib/python3.10/site-packages/robot_shooter-0.0.0-py3.10.egg-info
[6.948s] running install_scripts
[7.094s] Installing first_node script to /root/ros2_ws/install/robot_shooter/lib/robot_shooter
[7.115s] Installing image_pub script to /root/ros2_ws/install/robot_shooter/lib/robot_shooter
[7.138s] Installing image_sub script to /root/ros2_ws/install/robot_shooter/lib/robot_shooter
[7.161s] Installing listener script to /root/ros2_ws/install/robot_shooter/lib/robot_shooter
[7.185s] Installing sender script to /root/ros2_ws/install/robot_shooter/lib/robot_shooter
[7.211s] writing list of installed files to '/root/ros2_ws/build/robot_shooter/install.log'
[7.272s] Invoked command in '/root/ros2_ws/src/robot_shooter' returned '0': PYTHONPATH=/root/ros2_ws/build/robot_shooter/prefix_override:/usr/lib/python3/dist-packages/colcon_core/task/python/colcon_distutils_commands:/root/ros2_ws/install/robot_shooter/lib/python3.10/site-packages:${PYTHONPATH} /usr/bin/python3 -W ignore:setup.py install is deprecated -W ignore:easy_install command is deprecated setup.py egg_info --egg-base ../../build/robot_shooter build --build-base /root/ros2_ws/build/robot_shooter/build install --record /root/ros2_ws/build/robot_shooter/install.log --single-version-externally-managed install_data
