[2.813s] Invoking command in '/root/ros2_ws/src/robot_shooter': PYTHONPATH=/root/ros2_ws/build/robot_shooter/prefix_override:/usr/lib/python3/dist-packages/colcon_core/task/python/colcon_distutils_commands:/root/ros2_ws/install/robot_shooter/lib/python3.10/site-packages:${PYTHONPATH} /usr/bin/python3 -W ignore:setup.py install is deprecated -W ignore:easy_install command is deprecated setup.py egg_info --egg-base ../../build/robot_shooter build --build-base /root/ros2_ws/build/robot_shooter/build install --record /root/ros2_ws/build/robot_shooter/install.log --single-version-externally-managed install_data
[3.978s] running egg_info
[3.987s] writing ../../build/robot_shooter/robot_shooter.egg-info/PKG-INFO
[3.997s] writing dependency_links to ../../build/robot_shooter/robot_shooter.egg-info/dependency_links.txt
[4.007s] writing entry points to ../../build/robot_shooter/robot_shooter.egg-info/entry_points.txt
[4.014s] writing requirements to ../../build/robot_shooter/robot_shooter.egg-info/requires.txt
[4.019s] writing top-level names to ../../build/robot_shooter/robot_shooter.egg-info/top_level.txt
[4.130s] reading manifest file '../../build/robot_shooter/robot_shooter.egg-info/SOURCES.txt'
[4.287s] writing manifest file '../../build/robot_shooter/robot_shooter.egg-info/SOURCES.txt'
[4.292s] running build
[4.293s] running build_py
[4.444s] running install
[4.446s] running install_lib
[4.797s] running install_data
[5.013s] copying meshes/durna.jpg -> /root/ros2_ws/install/robot_shooter/share/robot_shooter/meshes
[5.114s] running install_egg_info
[5.132s] removing '/root/ros2_ws/install/robot_shooter/lib/python3.10/site-packages/robot_shooter-0.0.0-py3.10.egg-info' (and everything under it)
[5.224s] Copying ../../build/robot_shooter/robot_shooter.egg-info to /root/ros2_ws/install/robot_shooter/lib/python3.10/site-packages/robot_shooter-0.0.0-py3.10.egg-info
[5.599s] running install_scripts
[5.706s] Installing first_node script to /root/ros2_ws/install/robot_shooter/lib/robot_shooter
[5.721s] Installing image_pub script to /root/ros2_ws/install/robot_shooter/lib/robot_shooter
[5.737s] Installing image_sub script to /root/ros2_ws/install/robot_shooter/lib/robot_shooter
[5.755s] Installing listener script to /root/ros2_ws/install/robot_shooter/lib/robot_shooter
[5.772s] Installing sender script to /root/ros2_ws/install/robot_shooter/lib/robot_shooter
[5.790s] writing list of installed files to '/root/ros2_ws/build/robot_shooter/install.log'
[5.835s] Invoked command in '/root/ros2_ws/src/robot_shooter' returned '0': PYTHONPATH=/root/ros2_ws/build/robot_shooter/prefix_override:/usr/lib/python3/dist-packages/colcon_core/task/python/colcon_distutils_commands:/root/ros2_ws/install/robot_shooter/lib/python3.10/site-packages:${PYTHONPATH} /usr/bin/python3 -W ignore:setup.py install is deprecated -W ignore:easy_install command is deprecated setup.py egg_info --egg-base ../../build/robot_shooter build --build-base /root/ros2_ws/build/robot_shooter/build install --record /root/ros2_ws/build/robot_shooter/install.log --single-version-externally-managed install_data
