[5.519s] Invoking command in '/root/ros2_ws/src/robot_shooter': PYTHONPATH=/root/ros2_ws/build/robot_shooter/prefix_override:/usr/lib/python3/dist-packages/colcon_core/task/python/colcon_distutils_commands:/root/ros2_ws/install/robot_shooter/lib/python3.10/site-packages:${PYTHONPATH} /usr/bin/python3 -W ignore:setup.py install is deprecated -W ignore:easy_install command is deprecated setup.py egg_info --egg-base ../../build/robot_shooter build --build-base /root/ros2_ws/build/robot_shooter/build install --record /root/ros2_ws/build/robot_shooter/install.log --single-version-externally-managed install_data
[6.776s] running egg_info
[6.786s] writing ../../build/robot_shooter/robot_shooter.egg-info/PKG-INFO
[6.797s] writing dependency_links to ../../build/robot_shooter/robot_shooter.egg-info/dependency_links.txt
[6.805s] writing entry points to ../../build/robot_shooter/robot_shooter.egg-info/entry_points.txt
[6.812s] writing requirements to ../../build/robot_shooter/robot_shooter.egg-info/requires.txt
[6.817s] writing top-level names to ../../build/robot_shooter/robot_shooter.egg-info/top_level.txt
[6.932s] reading manifest file '../../build/robot_shooter/robot_shooter.egg-info/SOURCES.txt'
[7.092s] writing manifest file '../../build/robot_shooter/robot_shooter.egg-info/SOURCES.txt'
[7.093s] running build
[7.095s] running build_py
[7.139s] copying robot_shooter/image_sub.py -> /root/ros2_ws/build/robot_shooter/build/lib/robot_shooter
[7.276s] running install
[7.278s] running install_lib
[7.393s] copying /root/ros2_ws/build/robot_shooter/build/lib/robot_shooter/image_sub.py -> /root/ros2_ws/install/robot_shooter/lib/python3.10/site-packages/robot_shooter
[7.627s] byte-compiling /root/ros2_ws/install/robot_shooter/lib/python3.10/site-packages/robot_shooter/image_sub.py to image_sub.cpython-310.pyc
[7.780s] running install_data
[8.079s] running install_egg_info
[8.097s] removing '/root/ros2_ws/install/robot_shooter/lib/python3.10/site-packages/robot_shooter-0.0.0-py3.10.egg-info' (and everything under it)
[8.186s] Copying ../../build/robot_shooter/robot_shooter.egg-info to /root/ros2_ws/install/robot_shooter/lib/python3.10/site-packages/robot_shooter-0.0.0-py3.10.egg-info
[8.535s] running install_scripts
[8.641s] Installing first_node script to /root/ros2_ws/install/robot_shooter/lib/robot_shooter
[8.657s] Installing image_pub script to /root/ros2_ws/install/robot_shooter/lib/robot_shooter
[8.674s] Installing image_sub script to /root/ros2_ws/install/robot_shooter/lib/robot_shooter
[8.692s] Installing listener script to /root/ros2_ws/install/robot_shooter/lib/robot_shooter
[8.709s] Installing sender script to /root/ros2_ws/install/robot_shooter/lib/robot_shooter
[8.732s] writing list of installed files to '/root/ros2_ws/build/robot_shooter/install.log'
[8.778s] Invoked command in '/root/ros2_ws/src/robot_shooter' returned '0': PYTHONPATH=/root/ros2_ws/build/robot_shooter/prefix_override:/usr/lib/python3/dist-packages/colcon_core/task/python/colcon_distutils_commands:/root/ros2_ws/install/robot_shooter/lib/python3.10/site-packages:${PYTHONPATH} /usr/bin/python3 -W ignore:setup.py install is deprecated -W ignore:easy_install command is deprecated setup.py egg_info --egg-base ../../build/robot_shooter build --build-base /root/ros2_ws/build/robot_shooter/build install --record /root/ros2_ws/build/robot_shooter/install.log --single-version-externally-managed install_data
