[0.418s] DEBUG:colcon:Command line arguments: ['/usr/bin/colcon', 'build']
[0.419s] DEBUG:colcon:Parsed command line arguments: Namespace(log_base=None, log_level=None, verb_name='build', build_base='build', install_base='install', merge_install=False, symlink_install=False, test_result_base=None, continue_on_error=False, executor='parallel', parallel_workers=12, event_handlers=None, ignore_user_meta=False, metas=['./colcon.meta'], base_paths=['.'], packages_ignore=None, packages_ignore_regex=None, paths=None, packages_up_to=None, packages_up_to_regex=None, packages_above=None, packages_above_and_dependencies=None, packages_above_depth=None, packages_select_by_dep=None, packages_skip_by_dep=None, packages_skip_up_to=None, packages_select_build_failed=False, packages_skip_build_finished=False, packages_select_test_failures=False, packages_skip_test_passed=False, packages_select=None, packages_skip=None, packages_select_regex=None, packages_skip_regex=None, packages_start=None, packages_end=None, cmake_args=None, cmake_target=None, cmake_target_skip_unavailable=False, cmake_clean_cache=False, cmake_clean_first=False, cmake_force_configure=False, ament_cmake_args=None, catkin_cmake_args=None, catkin_skip_building_tests=False, mixin_files=None, mixin=None, verb_parser=<colcon_mixin.mixin.mixin_argument.MixinArgumentDecorator object at 0x7f4650198250>, verb_extension=<colcon_core.verb.build.BuildVerb object at 0x7f465032c670>, main=<bound method BuildVerb.main of <colcon_core.verb.build.BuildVerb object at 0x7f465032c670>>, mixin_verb=('build',))
[0.762s] Level 1:colcon.colcon_core.package_discovery:discover_packages(colcon_meta) check parameters
[0.763s] INFO:colcon.colcon_metadata.package_discovery.colcon_meta:Using configuration from '/root/.colcon/metadata/default/Gazebo.meta'
[0.764s] INFO:colcon.colcon_metadata.package_discovery.colcon_meta:Using configuration from '/root/.colcon/metadata/default/fastrtps.meta'
[0.765s] Level 1:colcon.colcon_core.package_discovery:discover_packages(recursive) check parameters
[0.765s] Level 1:colcon.colcon_core.package_discovery:discover_packages(ignore) check parameters
[0.765s] Level 1:colcon.colcon_core.package_discovery:discover_packages(path) check parameters
[0.766s] Level 1:colcon.colcon_core.package_discovery:discover_packages(colcon_meta) discover
[0.766s] Level 1:colcon.colcon_core.package_discovery:discover_packages(recursive) discover
[0.766s] INFO:colcon.colcon_core.package_discovery:Crawling recursively for packages in '/root/ros2_ws'
[0.769s] Level 1:colcon.colcon_core.package_identification:_identify(.) by extensions ['ignore', 'ignore_ament_install']
[0.769s] Level 1:colcon.colcon_core.package_identification:_identify(.) by extension 'ignore'
[0.770s] Level 1:colcon.colcon_core.package_identification:_identify(.) by extension 'ignore_ament_install'
[0.771s] Level 1:colcon.colcon_core.package_identification:_identify(.) by extensions ['colcon_pkg']
[0.771s] Level 1:colcon.colcon_core.package_identification:_identify(.) by extension 'colcon_pkg'
[0.772s] Level 1:colcon.colcon_core.package_identification:_identify(.) by extensions ['colcon_meta']
[0.773s] Level 1:colcon.colcon_core.package_identification:_identify(.) by extension 'colcon_meta'
[0.773s] Level 1:colcon.colcon_core.package_identification:_identify(.) by extensions ['ros']
[0.773s] Level 1:colcon.colcon_core.package_identification:_identify(.) by extension 'ros'
[0.792s] Level 1:colcon.colcon_core.package_identification:_identify(.) by extensions ['cmake', 'python']
[0.792s] Level 1:colcon.colcon_core.package_identification:_identify(.) by extension 'cmake'
[0.793s] Level 1:colcon.colcon_core.package_identification:_identify(.) by extension 'python'
[0.794s] Level 1:colcon.colcon_core.package_identification:_identify(.) by extensions ['python_setup_py']
[0.794s] Level 1:colcon.colcon_core.package_identification:_identify(.) by extension 'python_setup_py'
[0.798s] Level 1:colcon.colcon_core.package_identification:_identify(build) by extensions ['ignore', 'ignore_ament_install']
[0.799s] Level 1:colcon.colcon_core.package_identification:_identify(build) by extension 'ignore'
[0.801s] Level 1:colcon.colcon_core.package_identification:_identify(build) ignored
[0.805s] Level 1:colcon.colcon_core.package_identification:_identify(install) by extensions ['ignore', 'ignore_ament_install']
[0.805s] Level 1:colcon.colcon_core.package_identification:_identify(install) by extension 'ignore'
[0.807s] Level 1:colcon.colcon_core.package_identification:_identify(install) ignored
[0.813s] Level 1:colcon.colcon_core.package_identification:_identify(log) by extensions ['ignore', 'ignore_ament_install']
[0.813s] Level 1:colcon.colcon_core.package_identification:_identify(log) by extension 'ignore'
[0.815s] Level 1:colcon.colcon_core.package_identification:_identify(log) ignored
[0.819s] Level 1:colcon.colcon_core.package_identification:_identify(src) by extensions ['ignore', 'ignore_ament_install']
[0.819s] Level 1:colcon.colcon_core.package_identification:_identify(src) by extension 'ignore'
[0.820s] Level 1:colcon.colcon_core.package_identification:_identify(src) by extension 'ignore_ament_install'
[0.822s] Level 1:colcon.colcon_core.package_identification:_identify(src) by extensions ['colcon_pkg']
[0.822s] Level 1:colcon.colcon_core.package_identification:_identify(src) by extension 'colcon_pkg'
[0.824s] Level 1:colcon.colcon_core.package_identification:_identify(src) by extensions ['colcon_meta']
[0.825s] Level 1:colcon.colcon_core.package_identification:_identify(src) by extension 'colcon_meta'
[0.826s] Level 1:colcon.colcon_core.package_identification:_identify(src) by extensions ['ros']
[0.827s] Level 1:colcon.colcon_core.package_identification:_identify(src) by extension 'ros'
[0.833s] Level 1:colcon.colcon_core.package_identification:_identify(src) by extensions ['cmake', 'python']
[0.833s] Level 1:colcon.colcon_core.package_identification:_identify(src) by extension 'cmake'
[0.834s] Level 1:colcon.colcon_core.package_identification:_identify(src) by extension 'python'
[0.836s] Level 1:colcon.colcon_core.package_identification:_identify(src) by extensions ['python_setup_py']
[0.836s] Level 1:colcon.colcon_core.package_identification:_identify(src) by extension 'python_setup_py'
[0.842s] Level 1:colcon.colcon_core.package_identification:_identify(src/robot_shooter) by extensions ['ignore', 'ignore_ament_install']
[0.842s] Level 1:colcon.colcon_core.package_identification:_identify(src/robot_shooter) by extension 'ignore'
[0.844s] Level 1:colcon.colcon_core.package_identification:_identify(src/robot_shooter) by extension 'ignore_ament_install'
[0.848s] Level 1:colcon.colcon_core.package_identification:_identify(src/robot_shooter) by extensions ['colcon_pkg']
[0.849s] Level 1:colcon.colcon_core.package_identification:_identify(src/robot_shooter) by extension 'colcon_pkg'
[0.850s] Level 1:colcon.colcon_core.package_identification:_identify(src/robot_shooter) by extensions ['colcon_meta']
[0.851s] Level 1:colcon.colcon_core.package_identification:_identify(src/robot_shooter) by extension 'colcon_meta'
[0.853s] Level 1:colcon.colcon_core.package_identification:_identify(src/robot_shooter) by extensions ['ros']
[0.853s] Level 1:colcon.colcon_core.package_identification:_identify(src/robot_shooter) by extension 'ros'
[0.876s] DEBUG:colcon.colcon_core.package_identification:Package 'src/robot_shooter' with type 'ros.ament_python' and name 'robot_shooter'
[0.877s] Level 1:colcon.colcon_core.package_discovery:discover_packages(recursive) using defaults
[0.878s] Level 1:colcon.colcon_core.package_discovery:discover_packages(ignore) discover
[0.878s] Level 1:colcon.colcon_core.package_discovery:discover_packages(ignore) using defaults
[0.879s] Level 1:colcon.colcon_core.package_discovery:discover_packages(path) discover
[0.879s] Level 1:colcon.colcon_core.package_discovery:discover_packages(path) using defaults
[0.966s] Level 5:colcon.colcon_core.verb:set package 'robot_shooter' build argument 'cmake_args' from command line to 'None'
[0.966s] Level 5:colcon.colcon_core.verb:set package 'robot_shooter' build argument 'cmake_target' from command line to 'None'
[0.967s] Level 5:colcon.colcon_core.verb:set package 'robot_shooter' build argument 'cmake_target_skip_unavailable' from command line to 'False'
[0.967s] Level 5:colcon.colcon_core.verb:set package 'robot_shooter' build argument 'cmake_clean_cache' from command line to 'False'
[0.967s] Level 5:colcon.colcon_core.verb:set package 'robot_shooter' build argument 'cmake_clean_first' from command line to 'False'
[0.967s] Level 5:colcon.colcon_core.verb:set package 'robot_shooter' build argument 'cmake_force_configure' from command line to 'False'
[0.968s] Level 5:colcon.colcon_core.verb:set package 'robot_shooter' build argument 'ament_cmake_args' from command line to 'None'
[0.968s] Level 5:colcon.colcon_core.verb:set package 'robot_shooter' build argument 'catkin_cmake_args' from command line to 'None'
[0.968s] Level 5:colcon.colcon_core.verb:set package 'robot_shooter' build argument 'catkin_skip_building_tests' from command line to 'False'
[0.968s] DEBUG:colcon.colcon_core.verb:Building package 'robot_shooter' with the following arguments: {'ament_cmake_args': None, 'build_base': '/root/ros2_ws/build/robot_shooter', 'catkin_cmake_args': None, 'catkin_skip_building_tests': False, 'cmake_args': None, 'cmake_clean_cache': False, 'cmake_clean_first': False, 'cmake_force_configure': False, 'cmake_target': None, 'cmake_target_skip_unavailable': False, 'install_base': '/root/ros2_ws/install/robot_shooter', 'merge_install': False, 'path': '/root/ros2_ws/src/robot_shooter', 'symlink_install': False, 'test_result_base': None}
[0.969s] INFO:colcon.colcon_core.executor:Executing jobs using 'parallel' executor
[0.970s] DEBUG:colcon.colcon_parallel_executor.executor.parallel:run_until_complete
[0.971s] INFO:colcon.colcon_ros.task.ament_python.build:Building ROS package in '/root/ros2_ws/src/robot_shooter' with build type 'ament_python'
[0.971s] Level 1:colcon.colcon_core.shell:create_environment_hook('robot_shooter', 'ament_prefix_path')
[0.982s] INFO:colcon.colcon_core.plugin_system:Skipping extension 'colcon_core.shell.bat': Not used on non-Windows systems
[0.982s] INFO:colcon.colcon_core.shell:Creating environment hook '/root/ros2_ws/install/robot_shooter/share/robot_shooter/hook/ament_prefix_path.ps1'
[1.004s] INFO:colcon.colcon_core.shell:Creating environment descriptor '/root/ros2_ws/install/robot_shooter/share/robot_shooter/hook/ament_prefix_path.dsv'
[1.025s] INFO:colcon.colcon_core.shell:Creating environment hook '/root/ros2_ws/install/robot_shooter/share/robot_shooter/hook/ament_prefix_path.sh'
[1.045s] INFO:colcon.colcon_core.shell:Skip shell extension 'powershell' for command environment: Not usable outside of PowerShell
[1.046s] DEBUG:colcon.colcon_core.shell:Skip shell extension 'dsv' for command environment
[1.983s] INFO:colcon.colcon_core.task.python.build:Building Python package in '/root/ros2_ws/src/robot_shooter'
[1.984s] INFO:colcon.colcon_core.shell:Skip shell extension 'powershell' for command environment: Not usable outside of PowerShell
[1.985s] DEBUG:colcon.colcon_core.shell:Skip shell extension 'dsv' for command environment
[3.702s] DEBUG:colcon.colcon_core.event_handler.log_command:Invoking command in '/root/ros2_ws/src/robot_shooter': PYTHONPATH=/root/ros2_ws/build/robot_shooter/prefix_override:/usr/lib/python3/dist-packages/colcon_core/task/python/colcon_distutils_commands:/root/ros2_ws/install/robot_shooter/lib/python3.10/site-packages:${PYTHONPATH} /usr/bin/python3 -W ignore:setup.py install is deprecated -W ignore:easy_install command is deprecated setup.py egg_info --egg-base ../../build/robot_shooter build --build-base /root/ros2_ws/build/robot_shooter/build install --record /root/ros2_ws/build/robot_shooter/install.log --single-version-externally-managed install_data
[6.815s] DEBUG:colcon.colcon_core.event_handler.log_command:Invoked command in '/root/ros2_ws/src/robot_shooter' returned '0': PYTHONPATH=/root/ros2_ws/build/robot_shooter/prefix_override:/usr/lib/python3/dist-packages/colcon_core/task/python/colcon_distutils_commands:/root/ros2_ws/install/robot_shooter/lib/python3.10/site-packages:${PYTHONPATH} /usr/bin/python3 -W ignore:setup.py install is deprecated -W ignore:easy_install command is deprecated setup.py egg_info --egg-base ../../build/robot_shooter build --build-base /root/ros2_ws/build/robot_shooter/build install --record /root/ros2_ws/build/robot_shooter/install.log --single-version-externally-managed install_data
[6.829s] Level 1:colcon.colcon_core.environment:checking '/root/ros2_ws/install/robot_shooter' for CMake module files
[6.942s] Level 1:colcon.colcon_core.environment:checking '/root/ros2_ws/install/robot_shooter' for CMake config files
[7.124s] Level 1:colcon.colcon_core.environment:checking '/root/ros2_ws/install/robot_shooter/lib'
[7.132s] Level 1:colcon.colcon_core.environment:checking '/root/ros2_ws/install/robot_shooter/bin'
[7.134s] Level 1:colcon.colcon_core.environment:checking '/root/ros2_ws/install/robot_shooter/lib/pkgconfig/robot_shooter.pc'
[7.138s] Level 1:colcon.colcon_core.environment:checking '/root/ros2_ws/install/robot_shooter/lib/python3.10/site-packages'
[7.142s] Level 1:colcon.colcon_core.shell:create_environment_hook('robot_shooter', 'pythonpath')
[7.143s] INFO:colcon.colcon_core.shell:Creating environment hook '/root/ros2_ws/install/robot_shooter/share/robot_shooter/hook/pythonpath.ps1'
[7.167s] INFO:colcon.colcon_core.shell:Creating environment descriptor '/root/ros2_ws/install/robot_shooter/share/robot_shooter/hook/pythonpath.dsv'
[7.190s] INFO:colcon.colcon_core.shell:Creating environment hook '/root/ros2_ws/install/robot_shooter/share/robot_shooter/hook/pythonpath.sh'
[7.214s] Level 1:colcon.colcon_core.environment:checking '/root/ros2_ws/install/robot_shooter/bin'
[7.216s] Level 1:colcon.colcon_core.environment:create_environment_scripts_only(robot_shooter)
[7.217s] INFO:colcon.colcon_core.shell:Creating package script '/root/ros2_ws/install/robot_shooter/share/robot_shooter/package.ps1'
[7.257s] INFO:colcon.colcon_core.shell:Creating package descriptor '/root/ros2_ws/install/robot_shooter/share/robot_shooter/package.dsv'
[7.276s] INFO:colcon.colcon_core.shell:Creating package script '/root/ros2_ws/install/robot_shooter/share/robot_shooter/package.sh'
[7.293s] INFO:colcon.colcon_core.shell:Creating package script '/root/ros2_ws/install/robot_shooter/share/robot_shooter/package.bash'
[7.311s] INFO:colcon.colcon_core.shell:Creating package script '/root/ros2_ws/install/robot_shooter/share/robot_shooter/package.zsh'
[7.328s] Level 1:colcon.colcon_core.environment:create_file_with_runtime_dependencies(/root/ros2_ws/install/robot_shooter/share/colcon-core/packages/robot_shooter)
[7.340s] DEBUG:colcon.colcon_parallel_executor.executor.parallel:closing loop
[7.341s] DEBUG:colcon.colcon_parallel_executor.executor.parallel:loop closed
[7.342s] DEBUG:colcon.colcon_parallel_executor.executor.parallel:run_until_complete finished with '0'
[7.342s] DEBUG:colcon.colcon_core.event_reactor:joining thread
[7.392s] INFO:colcon.colcon_core.plugin_system:Skipping extension 'colcon_notification.desktop_notification.notify_send': Could not find 'notify-send'
[7.393s] INFO:colcon.colcon_core.plugin_system:Skipping extension 'colcon_notification.desktop_notification.terminal_notifier': Not used on non-Darwin systems
[7.393s] INFO:colcon.colcon_core.plugin_system:Skipping extension 'colcon_notification.desktop_notification.win32': Not used on non-Windows systems
[7.394s] INFO:colcon.colcon_notification.desktop_notification:Sending desktop notification using 'notify2'
[7.398s] DEBUG:colcon.colcon_notification.desktop_notification.notify2:Failed to initialize notify2: org.freedesktop.DBus.Error.Spawn.ExecFailed: /usr/bin/dbus-launch terminated abnormally without any error message
[7.398s] DEBUG:colcon.colcon_core.event_reactor:joined thread
[7.399s] INFO:colcon.colcon_core.shell:Creating prefix script '/root/ros2_ws/install/local_setup.ps1'
[7.408s] INFO:colcon.colcon_core.shell:Creating prefix util module '/root/ros2_ws/install/_local_setup_util_ps1.py'
[7.416s] INFO:colcon.colcon_core.shell:Creating prefix chain script '/root/ros2_ws/install/setup.ps1'
[7.435s] INFO:colcon.colcon_core.shell:Creating prefix script '/root/ros2_ws/install/local_setup.sh'
[7.443s] INFO:colcon.colcon_core.shell:Creating prefix util module '/root/ros2_ws/install/_local_setup_util_sh.py'
[7.451s] INFO:colcon.colcon_core.shell:Creating prefix chain script '/root/ros2_ws/install/setup.sh'
[7.471s] INFO:colcon.colcon_core.shell:Creating prefix script '/root/ros2_ws/install/local_setup.bash'
[7.479s] INFO:colcon.colcon_core.shell:Creating prefix chain script '/root/ros2_ws/install/setup.bash'
[7.498s] INFO:colcon.colcon_core.shell:Creating prefix script '/root/ros2_ws/install/local_setup.zsh'
[7.507s] INFO:colcon.colcon_core.shell:Creating prefix chain script '/root/ros2_ws/install/setup.zsh'
