[8.676s] Invoking command in '/root/ros2_ws/src/robot_shooter': PYTHONPATH=/root/ros2_ws/build/robot_shooter/prefix_override:/usr/lib/python3/dist-packages/colcon_core/task/python/colcon_distutils_commands:/root/ros2_ws/install/robot_shooter/lib/python3.10/site-packages:${PYTHONPATH} /usr/bin/python3 -W ignore:setup.py install is deprecated -W ignore:easy_install command is deprecated setup.py egg_info --egg-base ../../build/robot_shooter build --build-base /root/ros2_ws/build/robot_shooter/build install --record /root/ros2_ws/build/robot_shooter/install.log --single-version-externally-managed install_data
[12.488s] running egg_info
[12.538s] writing ../../build/robot_shooter/robot_shooter.egg-info/PKG-INFO
[12.559s] writing dependency_links to ../../build/robot_shooter/robot_shooter.egg-info/dependency_links.txt
[12.577s] writing entry points to ../../build/robot_shooter/robot_shooter.egg-info/entry_points.txt
[12.592s] writing requirements to ../../build/robot_shooter/robot_shooter.egg-info/requires.txt
[12.608s] writing top-level names to ../../build/robot_shooter/robot_shooter.egg-info/top_level.txt
[12.890s] reading manifest file '../../build/robot_shooter/robot_shooter.egg-info/SOURCES.txt'
[13.400s] writing manifest file '../../build/robot_shooter/robot_shooter.egg-info/SOURCES.txt'
[13.403s] running build
[13.411s] running build_py
[13.637s] copying robot_shooter/sift.py -> /root/ros2_ws/build/robot_shooter/build/lib/robot_shooter
[13.900s] running install
[13.903s] running install_lib
[14.268s] copying /root/ros2_ws/build/robot_shooter/build/lib/robot_shooter/sift.py -> /root/ros2_ws/install/robot_shooter/lib/python3.10/site-packages/robot_shooter
[14.942s] byte-compiling /root/ros2_ws/install/robot_shooter/lib/python3.10/site-packages/robot_shooter/sift.py to sift.cpython-310.pyc
[15.362s] running install_data
[16.415s] running install_egg_info
[16.468s] removing '/root/ros2_ws/install/robot_shooter/lib/python3.10/site-packages/robot_shooter-0.0.0-py3.10.egg-info' (and everything under it)
[16.721s] Copying ../../build/robot_shooter/robot_shooter.egg-info to /root/ros2_ws/install/robot_shooter/lib/python3.10/site-packages/robot_shooter-0.0.0-py3.10.egg-info
[17.782s] running install_scripts
[18.071s] Installing first_node script to /root/ros2_ws/install/robot_shooter/lib/robot_shooter
[18.115s] Installing image_pub script to /root/ros2_ws/install/robot_shooter/lib/robot_shooter
[18.164s] Installing image_sub script to /root/ros2_ws/install/robot_shooter/lib/robot_shooter
[18.199s] Installing listener script to /root/ros2_ws/install/robot_shooter/lib/robot_shooter
[18.246s] Installing sender script to /root/ros2_ws/install/robot_shooter/lib/robot_shooter
[18.309s] writing list of installed files to '/root/ros2_ws/build/robot_shooter/install.log'
[18.462s] Invoked command in '/root/ros2_ws/src/robot_shooter' returned '0': PYTHONPATH=/root/ros2_ws/build/robot_shooter/prefix_override:/usr/lib/python3/dist-packages/colcon_core/task/python/colcon_distutils_commands:/root/ros2_ws/install/robot_shooter/lib/python3.10/site-packages:${PYTHONPATH} /usr/bin/python3 -W ignore:setup.py install is deprecated -W ignore:easy_install command is deprecated setup.py egg_info --egg-base ../../build/robot_shooter build --build-base /root/ros2_ws/build/robot_shooter/build install --record /root/ros2_ws/build/robot_shooter/install.log --single-version-externally-managed install_data
